#
# There is insufficient memory for the Java Runtime Environment to continue.
# Native memory allocation (malloc) failed to allocate 32744 bytes for ChunkPool::allocate
# Possible reasons:
#   The system is out of physical RAM or swap space
#   The process is running with CompressedOops enabled, and the Java Heap may be blocking the growth of the native heap
# Possible solutions:
#   Reduce memory load on the system
#   Increase physical memory or swap space
#   Check if swap backing store is full
#   Decrease Java heap size (-Xmx/-Xms)
#   Decrease number of Java threads
#   Decrease Java thread stack sizes (-Xss)
#   Set larger code cache with -XX:ReservedCodeCacheSize=
#   JVM is running with Unscaled Compressed Oops mode in which the Java heap is
#     placed in the first 4GB address space. The Java Heap base address is the
#     maximum limit for the native heap growth. Please use -XX:HeapBaseMinAddress
#     to set the Java Heap base and to place the Java Heap above 4GB virtual address.
# This output file may be truncated or incomplete.
#
#  Out of Memory Error (./src/hotspot/share/memory/arena.cpp:81), pid=14628, tid=6296
#
# JRE version: OpenJDK Runtime Environment (11.0.11+9) (build 11.0.11+9-b60-7590822)
# Java VM: OpenJDK 64-Bit Server VM (11.0.11+9-b60-7590822, mixed mode, tiered, compressed oops, g1 gc, windows-amd64)
# No core dump will be written. Minidumps are not enabled by default on client versions of Windows
#

---------------  S U M M A R Y ------------

Command Line: --add-opens=java.base/java.util=ALL-UNNAMED --add-opens=java.base/java.lang=ALL-UNNAMED --add-opens=java.base/java.lang.invoke=ALL-UNNAMED --add-opens=java.base/java.util=ALL-UNNAMED --add-opens=java.prefs/java.util.prefs=ALL-UNNAMED --add-opens=java.prefs/java.util.prefs=ALL-UNNAMED --add-opens=java.base/java.nio.charset=ALL-UNNAMED --add-opens=java.base/java.net=ALL-UNNAMED --add-opens=java.base/java.util.concurrent.atomic=ALL-UNNAMED -Xmx2048m -Dfile.encoding=UTF-8 -Duser.country=RU -Duser.language=ru -Duser.variant org.gradle.launcher.daemon.bootstrap.GradleDaemon 7.2

Host: Intel(R) Celeron(R) J4125 CPU @ 2.00GHz, 4 cores, 15G,  Windows 10 , 64 bit Build 19041 (10.0.19041.2788)
Time: Sat Jun  3 19:06:37 2023 RTZ 9 (зима) elapsed time: 734.373266 seconds (0d 0h 12m 14s)

---------------  T H R E A D  ---------------

Current thread (0x0000029a2554d000):  JavaThread "C2 CompilerThread1" daemon [_thread_in_native, id=6296, stack(0x000000cae0600000,0x000000cae0700000)]


Current CompileTask:
C2: 734373 19620       4       androidx.room.jarjarred.org.antlr.v4.runtime.atn.ParserATNSimulator::closureCheckingStopState (246 bytes)

Stack: [0x000000cae0600000,0x000000cae0700000]
Native frames: (J=compiled Java code, j=interpreted, Vv=VM code, C=native code)
V  [jvm.dll+0x5f214a]
V  [jvm.dll+0x726fb5]
V  [jvm.dll+0x7285cd]
V  [jvm.dll+0x728c83]
V  [jvm.dll+0x243278]
V  [jvm.dll+0xbc78b]
V  [jvm.dll+0xbca3c]
V  [jvm.dll+0xbc638]
V  [jvm.dll+0x5d14e0]
V  [jvm.dll+0x62214e]
V  [jvm.dll+0x198a28]
V  [jvm.dll+0x1fc2ee]
V  [jvm.dll+0x1fb3d4]
V  [jvm.dll+0x183d6c]
V  [jvm.dll+0x209a57]
V  [jvm.dll+0x2082a1]
V  [jvm.dll+0x6ef58f]
V  [jvm.dll+0x6e80b5]
V  [jvm.dll+0x5f1036]
C  [ucrtbase.dll+0x21bb2]
C  [KERNEL32.DLL+0x17604]
C  [ntdll.dll+0x526a1]


---------------  P R O C E S S  ---------------

Threads class SMR info:
_java_thread_list=0x0000029a29001db0, length=90, elements={
0x0000029a057b2000, 0x0000029a2133d800, 0x0000029a21b69000, 0x0000029a21b81000,
0x0000029a21b82000, 0x0000029a21b83000, 0x0000029a21b86800, 0x0000029a21b88000,
0x0000029a21bd1000, 0x0000029a21d44000, 0x0000029a23d5d800, 0x0000029a22e22800,
0x0000029a24ee2800, 0x0000029a23f5e000, 0x0000029a23f64800, 0x0000029a23f5f000,
0x0000029a23f60800, 0x0000029a23f61800, 0x0000029a23e87000, 0x0000029a23e88800,
0x0000029a23e89800, 0x0000029a2756b800, 0x0000029a2756a000, 0x0000029a2246a800,
0x0000029a2246b800, 0x0000029a25497000, 0x0000029a28a79800, 0x0000029a28a70800,
0x0000029a28a6e000, 0x0000029a28a71800, 0x0000029a28a70000, 0x0000029a28a6d800,
0x0000029a28a6f000, 0x0000029a28a72000, 0x0000029a28a6c800, 0x0000029a28a75800,
0x0000029a28a76800, 0x0000029a28a77000, 0x0000029a28a74800, 0x0000029a28a78000,
0x0000029a28a74000, 0x0000029a28a79000, 0x0000029a28a73000, 0x0000029a28a7a800,
0x0000029a28a7b000, 0x0000029a25494800, 0x0000029a25495800, 0x0000029a25496800,
0x0000029a25498000, 0x0000029a25499000, 0x0000029a25499800, 0x0000029a25494000,
0x0000029a2549a800, 0x0000029a254a1000, 0x0000029a2549d000, 0x0000029a2549c000,
0x0000029a2549b000, 0x0000029a254a2800, 0x0000029a2549d800, 0x0000029a2549f800,
0x0000029a254a1800, 0x0000029a2549e800, 0x0000029a254a0000, 0x0000029a2756a800,
0x0000029a2756e000, 0x0000029a2756c000, 0x0000029a2756d000, 0x0000029a2756e800,
0x0000029a27569000, 0x0000029a27575000, 0x0000029a27572000, 0x0000029a27572800,
0x0000029a27571000, 0x0000029a2756f800, 0x0000029a27573800, 0x0000029a27574800,
0x0000029a27576000, 0x0000029a27570800, 0x0000029a27577000, 0x0000029a27577800,
0x0000029a22469000, 0x0000029a22468000, 0x0000029a22464000, 0x0000029a22465800,
0x0000029a22466800, 0x0000029a22463000, 0x0000029a2246d000, 0x0000029a22469800,
0x0000029a22467800, 0x0000029a2554d000
}

Java Threads: ( => current thread )
  0x0000029a057b2000 JavaThread "main" [_thread_blocked, id=9280, stack(0x000000cadda00000,0x000000caddb00000)]
  0x0000029a2133d800 JavaThread "Reference Handler" daemon [_thread_blocked, id=12220, stack(0x000000cade100000,0x000000cade200000)]
  0x0000029a21b69000 JavaThread "Finalizer" daemon [_thread_blocked, id=3992, stack(0x000000cade200000,0x000000cade300000)]
  0x0000029a21b81000 JavaThread "Signal Dispatcher" daemon [_thread_blocked, id=13188, stack(0x000000cade300000,0x000000cade400000)]
  0x0000029a21b82000 JavaThread "Attach Listener" daemon [_thread_blocked, id=12720, stack(0x000000cade400000,0x000000cade500000)]
  0x0000029a21b83000 JavaThread "Service Thread" daemon [_thread_blocked, id=11340, stack(0x000000cade500000,0x000000cade600000)]
  0x0000029a21b86800 JavaThread "C2 CompilerThread0" daemon [_thread_in_native, id=13224, stack(0x000000cade600000,0x000000cade700000)]
  0x0000029a21b88000 JavaThread "C1 CompilerThread0" daemon [_thread_blocked, id=11308, stack(0x000000cade700000,0x000000cade800000)]
  0x0000029a21bd1000 JavaThread "Sweeper thread" daemon [_thread_blocked, id=14964, stack(0x000000cade800000,0x000000cade900000)]
  0x0000029a21d44000 JavaThread "Common-Cleaner" daemon [_thread_blocked, id=3592, stack(0x000000cade900000,0x000000cadea00000)]
  0x0000029a23d5d800 JavaThread "Daemon health stats" [_thread_blocked, id=8960, stack(0x000000cadef00000,0x000000cadf000000)]
  0x0000029a22e22800 JavaThread "Incoming local TCP Connector on port 57394" [_thread_in_native, id=5480, stack(0x000000cadeb00000,0x000000cadec00000)]
  0x0000029a24ee2800 JavaThread "Daemon periodic checks" [_thread_blocked, id=1568, stack(0x000000cadf000000,0x000000cadf100000)]
  0x0000029a23f5e000 JavaThread "Cache worker for journal cache (C:\Users\User\.gradle\caches\journal-1)" [_thread_blocked, id=9776, stack(0x000000cadf800000,0x000000cadf900000)]
  0x0000029a23f64800 JavaThread "File lock request listener" [_thread_in_native, id=992, stack(0x000000cadf900000,0x000000cadfa00000)]
  0x0000029a23f5f000 JavaThread "Cache worker for file hash cache (C:\Users\User\.gradle\caches\7.2\fileHashes)" [_thread_blocked, id=2452, stack(0x000000cadfa00000,0x000000cadfb00000)]
  0x0000029a23f60800 JavaThread "File watcher server" daemon [_thread_blocked, id=11532, stack(0x000000cadfd00000,0x000000cadfe00000)]
  0x0000029a23f61800 JavaThread "File watcher consumer" daemon [_thread_blocked, id=11580, stack(0x000000cadfe00000,0x000000cadff00000)]
  0x0000029a23e87000 JavaThread "Cache worker for execution history cache (C:\Users\User\.gradle\caches\7.2\executionHistory)" [_thread_blocked, id=5512, stack(0x000000cae0200000,0x000000cae0300000)]
  0x0000029a23e88800 JavaThread "jar transforms" [_thread_blocked, id=13888, stack(0x000000cae0300000,0x000000cae0400000)]
  0x0000029a23e89800 JavaThread "Cache worker for file content cache (C:\Users\User\.gradle\caches\7.2\fileContent)" [_thread_blocked, id=4928, stack(0x000000cae0400000,0x000000cae0500000)]
  0x0000029a2756b800 JavaThread "jar transforms Thread 2" [_thread_blocked, id=132, stack(0x000000cae0500000,0x000000cae0600000)]
  0x0000029a2756a000 JavaThread "jar transforms Thread 3" [_thread_blocked, id=14604, stack(0x000000cadfb00000,0x000000cadfc00000)]
  0x0000029a2246a800 JavaThread "jar transforms Thread 4" [_thread_blocked, id=14284, stack(0x000000cae3100000,0x000000cae3200000)]
  0x0000029a2246b800 JavaThread "Memory manager" [_thread_blocked, id=6848, stack(0x000000cae3200000,0x000000cae3300000)]
  0x0000029a25497000 JavaThread "Cache worker for Java compile cache (C:\Users\User\.gradle\caches\7.2\javaCompile)" [_thread_blocked, id=964, stack(0x000000cae0000000,0x000000cae0100000)]
  0x0000029a28a79800 JavaThread "ForkJoinPool.commonPool-worker-1" daemon [_thread_blocked, id=2680, stack(0x000000cae4100000,0x000000cae4200000)]
  0x0000029a28a70800 JavaThread "Daemon Thread 5" [_thread_blocked, id=9224, stack(0x000000cadd700000,0x000000cadd800000)]
  0x0000029a28a6e000 JavaThread "Handler for socket connection from /127.0.0.1:57394 to /127.0.0.1:57486" [_thread_in_native, id=5748, stack(0x000000cadd800000,0x000000cadd900000)]
  0x0000029a28a71800 JavaThread "Cancel handler" [_thread_blocked, id=3700, stack(0x000000cadd900000,0x000000cadda00000)]
  0x0000029a28a70000 JavaThread "Daemon worker Thread 5" [_thread_blocked, id=648, stack(0x000000cadf100000,0x000000cadf200000)]
  0x0000029a28a6d800 JavaThread "Asynchronous log dispatcher for DefaultDaemonConnection: socket connection from /127.0.0.1:57394 to /127.0.0.1:57486" [_thread_in_vm, id=10300, stack(0x000000cadf200000,0x000000cadf300000)]
  0x0000029a28a6f000 JavaThread "Stdin handler" [_thread_blocked, id=10260, stack(0x000000cadf300000,0x000000cadf400000)]
  0x0000029a28a72000 JavaThread "Daemon client event forwarder" [_thread_blocked, id=13240, stack(0x000000cadf400000,0x000000cadf500000)]
  0x0000029a28a6c800 JavaThread "Cache worker for file hash cache (C:\Users\User\AndroidStudioProjects\Course35Gb\LispelDOC\project2\project\.gradle\7.2\fileHashes)" [_thread_blocked, id=14440, stack(0x000000cadf500000,0x000000cadf600000)]
  0x0000029a28a75800 JavaThread "Cache worker for checksums cache (C:\Users\User\AndroidStudioProjects\Course35Gb\LispelDOC\project2\project\.gradle\checksums)" [_thread_blocked, id=6016, stack(0x000000cadf600000,0x000000cadf700000)]
  0x0000029a28a76800 JavaThread "Cache worker for cache directory md-supplier (C:\Users\User\.gradle\caches\7.2\md-supplier)" [_thread_blocked, id=13628, stack(0x000000cadf700000,0x000000cadf800000)]
  0x0000029a28a77000 JavaThread "Cache worker for cache directory md-rule (C:\Users\User\.gradle\caches\7.2\md-rule)" [_thread_blocked, id=13624, stack(0x000000cadfc00000,0x000000cadfd00000)]
  0x0000029a28a74800 JavaThread "Cache worker for dependencies-accessors (C:\Users\User\AndroidStudioProjects\Course35Gb\LispelDOC\project2\project\.gradle\7.2\dependencies-accessors)" [_thread_blocked, id=8756, stack(0x000000cadff00000,0x000000cae0000000)]
  0x0000029a28a78000 JavaThread "Cache worker for Build Output Cleanup Cache (C:\Users\User\AndroidStudioProjects\Course35Gb\LispelDOC\project2\project\.gradle\buildOutputCleanup)" [_thread_blocked, id=14144, stack(0x000000cae0100000,0x000000cae0200000)]
  0x0000029a28a74000 JavaThread "Unconstrained build operations" [_thread_blocked, id=276, stack(0x000000cae0700000,0x000000cae0800000)]
  0x0000029a28a79000 JavaThread "Unconstrained build operations Thread 2" [_thread_blocked, id=14388, stack(0x000000cae0800000,0x000000cae0900000)]
  0x0000029a28a73000 JavaThread "Unconstrained build operations Thread 3" [_thread_blocked, id=9728, stack(0x000000cae0900000,0x000000cae0a00000)]
  0x0000029a28a7a800 JavaThread "Unconstrained build operations Thread 4" [_thread_blocked, id=12332, stack(0x000000cae0a00000,0x000000cae0b00000)]
  0x0000029a28a7b000 JavaThread "Unconstrained build operations Thread 5" [_thread_blocked, id=8340, stack(0x000000cae0b00000,0x000000cae0c00000)]
  0x0000029a25494800 JavaThread "Unconstrained build operations Thread 6" [_thread_blocked, id=3568, stack(0x000000cae0c00000,0x000000cae0d00000)]
  0x0000029a25495800 JavaThread "Unconstrained build operations Thread 7" [_thread_blocked, id=14896, stack(0x000000cae0d00000,0x000000cae0e00000)]
  0x0000029a25496800 JavaThread "Unconstrained build operations Thread 8" [_thread_blocked, id=3596, stack(0x000000cae0e00000,0x000000cae0f00000)]
  0x0000029a25498000 JavaThread "Unconstrained build operations Thread 9" [_thread_blocked, id=12388, stack(0x000000cae0f00000,0x000000cae1000000)]
  0x0000029a25499000 JavaThread "Unconstrained build operations Thread 10" [_thread_blocked, id=14528, stack(0x000000cae1000000,0x000000cae1100000)]
  0x0000029a25499800 JavaThread "Unconstrained build operations Thread 11" [_thread_blocked, id=14464, stack(0x000000cae1100000,0x000000cae1200000)]
  0x0000029a25494000 JavaThread "Unconstrained build operations Thread 12" [_thread_blocked, id=3948, stack(0x000000cae1200000,0x000000cae1300000)]
  0x0000029a2549a800 JavaThread "Unconstrained build operations Thread 13" [_thread_blocked, id=11848, stack(0x000000cae1300000,0x000000cae1400000)]
  0x0000029a254a1000 JavaThread "Unconstrained build operations Thread 14" [_thread_blocked, id=12976, stack(0x000000cae1400000,0x000000cae1500000)]
  0x0000029a2549d000 JavaThread "Unconstrained build operations Thread 15" [_thread_blocked, id=8712, stack(0x000000cae1500000,0x000000cae1600000)]
  0x0000029a2549c000 JavaThread "Unconstrained build operations Thread 16" [_thread_blocked, id=5796, stack(0x000000cae1600000,0x000000cae1700000)]
  0x0000029a2549b000 JavaThread "Unconstrained build operations Thread 17" [_thread_blocked, id=1872, stack(0x000000cae1700000,0x000000cae1800000)]
  0x0000029a254a2800 JavaThread "Unconstrained build operations Thread 18" [_thread_blocked, id=8764, stack(0x000000cae1800000,0x000000cae1900000)]
  0x0000029a2549d800 JavaThread "Unconstrained build operations Thread 19" [_thread_blocked, id=3268, stack(0x000000cae1900000,0x000000cae1a00000)]
  0x0000029a2549f800 JavaThread "Unconstrained build operations Thread 20" [_thread_blocked, id=4836, stack(0x000000cae1a00000,0x000000cae1b00000)]
  0x0000029a254a1800 JavaThread "Unconstrained build operations Thread 21" [_thread_blocked, id=12756, stack(0x000000cae1b00000,0x000000cae1c00000)]
  0x0000029a2549e800 JavaThread "Unconstrained build operations Thread 22" [_thread_blocked, id=10676, stack(0x000000cae1c00000,0x000000cae1d00000)]
  0x0000029a254a0000 JavaThread "Unconstrained build operations Thread 23" [_thread_blocked, id=4020, stack(0x000000cae1d00000,0x000000cae1e00000)]
  0x0000029a2756a800 JavaThread "Unconstrained build operations Thread 24" [_thread_blocked, id=8404, stack(0x000000cae1e00000,0x000000cae1f00000)]
  0x0000029a2756e000 JavaThread "Unconstrained build operations Thread 25" [_thread_blocked, id=5168, stack(0x000000cae1f00000,0x000000cae2000000)]
  0x0000029a2756c000 JavaThread "Unconstrained build operations Thread 26" [_thread_blocked, id=8096, stack(0x000000cae2000000,0x000000cae2100000)]
  0x0000029a2756d000 JavaThread "Unconstrained build operations Thread 27" [_thread_blocked, id=5212, stack(0x000000cae2100000,0x000000cae2200000)]
  0x0000029a2756e800 JavaThread "Unconstrained build operations Thread 28" [_thread_blocked, id=14324, stack(0x000000cae2200000,0x000000cae2300000)]
  0x0000029a27569000 JavaThread "Unconstrained build operations Thread 29" [_thread_blocked, id=13340, stack(0x000000cae2300000,0x000000cae2400000)]
  0x0000029a27575000 JavaThread "Unconstrained build operations Thread 30" [_thread_blocked, id=12512, stack(0x000000cae2400000,0x000000cae2500000)]
  0x0000029a27572000 JavaThread "Unconstrained build operations Thread 31" [_thread_blocked, id=1708, stack(0x000000cae2500000,0x000000cae2600000)]
  0x0000029a27572800 JavaThread "Unconstrained build operations Thread 32" [_thread_blocked, id=6048, stack(0x000000cae2600000,0x000000cae2700000)]
  0x0000029a27571000 JavaThread "Unconstrained build operations Thread 33" [_thread_blocked, id=12224, stack(0x000000cae2700000,0x000000cae2800000)]
  0x0000029a2756f800 JavaThread "Unconstrained build operations Thread 34" [_thread_blocked, id=11676, stack(0x000000cae2800000,0x000000cae2900000)]
  0x0000029a27573800 JavaThread "Unconstrained build operations Thread 35" [_thread_blocked, id=2224, stack(0x000000cae2900000,0x000000cae2a00000)]
  0x0000029a27574800 JavaThread "Unconstrained build operations Thread 36" [_thread_blocked, id=1652, stack(0x000000cae2a00000,0x000000cae2b00000)]
  0x0000029a27576000 JavaThread "Unconstrained build operations Thread 37" [_thread_blocked, id=9048, stack(0x000000cae2b00000,0x000000cae2c00000)]
  0x0000029a27570800 JavaThread "Unconstrained build operations Thread 38" [_thread_blocked, id=14796, stack(0x000000cae2c00000,0x000000cae2d00000)]
  0x0000029a27577000 JavaThread "Unconstrained build operations Thread 39" [_thread_blocked, id=10216, stack(0x000000cae2d00000,0x000000cae2e00000)]
  0x0000029a27577800 JavaThread "Unconstrained build operations Thread 40" [_thread_blocked, id=10720, stack(0x000000cae2e00000,0x000000cae2f00000)]
  0x0000029a22469000 JavaThread "build event listener" [_thread_blocked, id=10996, stack(0x000000cae2f00000,0x000000cae3000000)]
  0x0000029a22468000 JavaThread "Execution worker for ':'" [_thread_blocked, id=11356, stack(0x000000cae3000000,0x000000cae3100000)]
  0x0000029a22464000 JavaThread "Execution worker for ':' Thread 2" [_thread_in_vm, id=4024, stack(0x000000cae3300000,0x000000cae3400000)]
  0x0000029a22465800 JavaThread "Execution worker for ':' Thread 3" [_thread_blocked, id=10364, stack(0x000000cae3400000,0x000000cae3500000)]
  0x0000029a22466800 JavaThread "Cache worker for execution history cache (C:\Users\User\AndroidStudioProjects\Course35Gb\LispelDOC\project2\project\.gradle\7.2\executionHistory)" [_thread_blocked, id=14116, stack(0x000000cae3500000,0x000000cae3600000)]
  0x0000029a22463000 JavaThread "Build operations" [_thread_blocked, id=9488, stack(0x000000cae3600000,0x000000cae3700000)]
  0x0000029a2246d000 JavaThread "Build operations Thread 2" [_thread_blocked, id=6004, stack(0x000000cae3700000,0x000000cae3800000)]
  0x0000029a22469800 JavaThread "Build operations Thread 3" [_thread_blocked, id=14308, stack(0x000000cae3800000,0x000000cae3900000)]
  0x0000029a22467800 JavaThread "Build operations Thread 4" [_thread_blocked, id=11696, stack(0x000000cae3900000,0x000000cae3a00000)]
=>0x0000029a2554d000 JavaThread "C2 CompilerThread1" daemon [_thread_in_native, id=6296, stack(0x000000cae0600000,0x000000cae0700000)]

Other Threads:
  0x0000029a2133a800 VMThread "VM Thread" [stack: 0x000000cade000000,0x000000cade100000] [id=11612]
  0x0000029a21d56800 WatcherThread [stack: 0x000000cadea00000,0x000000cadeb00000] [id=2440]
  0x0000029a0570b800 GCTaskThread "GC Thread#0" [stack: 0x000000caddb00000,0x000000caddc00000] [id=8048]
  0x0000029a22779000 GCTaskThread "GC Thread#1" [stack: 0x000000cadec00000,0x000000caded00000] [id=13016]
  0x0000029a2277a000 GCTaskThread "GC Thread#2" [stack: 0x000000caded00000,0x000000cadee00000] [id=4848]
  0x0000029a229bb800 GCTaskThread "GC Thread#3" [stack: 0x000000cadee00000,0x000000cadef00000] [id=6796]
  0x0000029a057f6800 ConcurrentGCThread "G1 Main Marker" [stack: 0x000000caddc00000,0x000000caddd00000] [id=14380]
  0x0000029a057f7800 ConcurrentGCThread "G1 Conc#0" [stack: 0x000000caddd00000,0x000000cadde00000] [id=8648]
  0x0000029a0588e800 ConcurrentGCThread "G1 Refine#0" [stack: 0x000000cadde00000,0x000000caddf00000] [id=13756]
  0x0000029a211a4800 ConcurrentGCThread "G1 Young RemSet Sampling" [stack: 0x000000caddf00000,0x000000cade000000] [id=12048]

Threads with active compile tasks:
C2 CompilerThread0 734410 19632       4       androidx.room.jarjarred.org.antlr.v4.runtime.atn.ParserATNSimulator::closure_ (312 bytes)
C2 CompilerThread1 734410 19620       4       androidx.room.jarjarred.org.antlr.v4.runtime.atn.ParserATNSimulator::closureCheckingStopState (246 bytes)

VM state:synchronizing (normal execution)

VM Mutex/Monitor currently owned by a thread:  ([mutex/lock_event])
[0x0000029a057ae7f0] Threads_lock - owner thread: 0x0000029a2133a800

OutOfMemory and StackOverflow Exception counts:
OutOfMemoryError java_heap_errors=2
LinkageErrors=161

Heap address: 0x0000000080000000, size: 2048 MB, Compressed Oops mode: 32-bit
Narrow klass base: 0x0000000000000000, Narrow klass shift: 3
Compressed class space size: 1073741824 Address: 0x0000000100000000

Heap:
 garbage-first heap   total 260096K, used 125865K [0x0000000080000000, 0x0000000100000000)
  region size 1024K, 6 young (6144K), 1 survivors (1024K)
 Metaspace       used 123201K, capacity 126656K, committed 126900K, reserved 1159168K
  class space    used 15661K, capacity 16988K, committed 17024K, reserved 1048576K
Heap Regions: E=young(eden), S=young(survivor), O=old, HS=humongous(starts), HC=humongous(continues), CS=collection set, F=free, A=archive, TAMS=top-at-mark-start (previous, next)
|   0|0x0000000080000000, 0x0000000080100000, 0x0000000080100000|100%| O|  |TAMS 0x0000000080100000, 0x0000000080000000| Untracked 
|   1|0x0000000080100000, 0x0000000080200000, 0x0000000080200000|100%| O|  |TAMS 0x0000000080200000, 0x0000000080100000| Untracked 
|   2|0x0000000080200000, 0x0000000080300000, 0x0000000080300000|100%| O|  |TAMS 0x0000000080300000, 0x0000000080200000| Untracked 
|   3|0x0000000080300000, 0x0000000080400000, 0x0000000080400000|100%|HS|  |TAMS 0x0000000080400000, 0x0000000080300000| Complete 
|   4|0x0000000080400000, 0x0000000080500000, 0x0000000080500000|100%|HC|  |TAMS 0x0000000080500000, 0x0000000080400000| Complete 
|   5|0x0000000080500000, 0x0000000080600000, 0x0000000080600000|100%|HC|  |TAMS 0x0000000080600000, 0x0000000080500000| Complete 
|   6|0x0000000080600000, 0x0000000080700000, 0x0000000080700000|100%| O|  |TAMS 0x0000000080700000, 0x0000000080600000| Untracked 
|   7|0x0000000080700000, 0x0000000080800000, 0x0000000080800000|100%| O|  |TAMS 0x0000000080800000, 0x0000000080700000| Untracked 
|   8|0x0000000080800000, 0x0000000080900000, 0x0000000080900000|100%| O|  |TAMS 0x0000000080900000, 0x0000000080800000| Untracked 
|   9|0x0000000080900000, 0x0000000080a00000, 0x0000000080a00000|100%| O|  |TAMS 0x0000000080a00000, 0x0000000080900000| Untracked 
|  10|0x0000000080a00000, 0x0000000080b00000, 0x0000000080b00000|100%| O|  |TAMS 0x0000000080b00000, 0x0000000080a00000| Untracked 
|  11|0x0000000080b00000, 0x0000000080c00000, 0x0000000080c00000|100%| O|  |TAMS 0x0000000080c00000, 0x0000000080b00000| Untracked 
|  12|0x0000000080c00000, 0x0000000080d00000, 0x0000000080d00000|100%| O|  |TAMS 0x0000000080d00000, 0x0000000080c00000| Untracked 
|  13|0x0000000080d00000, 0x0000000080e00000, 0x0000000080e00000|100%| O|  |TAMS 0x0000000080e00000, 0x0000000080d00000| Untracked 
|  14|0x0000000080e00000, 0x0000000080f00000, 0x0000000080f00000|100%| O|  |TAMS 0x0000000080f00000, 0x0000000080e00000| Untracked 
|  15|0x0000000080f00000, 0x0000000081000000, 0x0000000081000000|100%| O|  |TAMS 0x0000000081000000, 0x0000000080f00000| Untracked 
|  16|0x0000000081000000, 0x0000000081100000, 0x0000000081100000|100%|HS|  |TAMS 0x0000000081100000, 0x0000000081000000| Complete 
|  17|0x0000000081100000, 0x0000000081200000, 0x0000000081200000|100%|HS|  |TAMS 0x0000000081200000, 0x0000000081100000| Complete 
|  18|0x0000000081200000, 0x0000000081300000, 0x0000000081300000|100%|HS|  |TAMS 0x0000000081300000, 0x0000000081200000| Complete 
|  19|0x0000000081300000, 0x0000000081400000, 0x0000000081400000|100%|HS|  |TAMS 0x0000000081400000, 0x0000000081300000| Complete 
|  20|0x0000000081400000, 0x0000000081500000, 0x0000000081500000|100%|HC|  |TAMS 0x0000000081500000, 0x0000000081400000| Complete 
|  21|0x0000000081500000, 0x0000000081600000, 0x0000000081600000|100%| O|  |TAMS 0x0000000081600000, 0x0000000081500000| Untracked 
|  22|0x0000000081600000, 0x0000000081700000, 0x0000000081700000|100%| O|  |TAMS 0x0000000081700000, 0x0000000081600000| Untracked 
|  23|0x0000000081700000, 0x0000000081800000, 0x0000000081800000|100%| O|  |TAMS 0x0000000081800000, 0x0000000081700000| Untracked 
|  24|0x0000000081800000, 0x0000000081900000, 0x0000000081900000|100%| O|  |TAMS 0x0000000081900000, 0x0000000081800000| Untracked 
|  25|0x0000000081900000, 0x0000000081a00000, 0x0000000081a00000|100%| O|  |TAMS 0x0000000081a00000, 0x0000000081900000| Untracked 
|  26|0x0000000081a00000, 0x0000000081b00000, 0x0000000081b00000|100%| O|  |TAMS 0x0000000081b00000, 0x0000000081a00000| Untracked 
|  27|0x0000000081b00000, 0x0000000081c00000, 0x0000000081c00000|100%| O|  |TAMS 0x0000000081c00000, 0x0000000081b00000| Untracked 
|  28|0x0000000081c00000, 0x0000000081d00000, 0x0000000081d00000|100%| O|  |TAMS 0x0000000081d00000, 0x0000000081c00000| Untracked 
|  29|0x0000000081d00000, 0x0000000081e00000, 0x0000000081e00000|100%| O|  |TAMS 0x0000000081e00000, 0x0000000081d00000| Untracked 
|  30|0x0000000081e00000, 0x0000000081f00000, 0x0000000081f00000|100%| O|  |TAMS 0x0000000081f00000, 0x0000000081e00000| Untracked 
|  31|0x0000000081f00000, 0x0000000082000000, 0x0000000082000000|100%| O|  |TAMS 0x0000000082000000, 0x0000000081f00000| Untracked 
|  32|0x0000000082000000, 0x0000000082100000, 0x0000000082100000|100%| O|  |TAMS 0x0000000082100000, 0x0000000082000000| Untracked 
|  33|0x0000000082100000, 0x0000000082200000, 0x0000000082200000|100%| O|  |TAMS 0x0000000082200000, 0x0000000082100000| Untracked 
|  34|0x0000000082200000, 0x0000000082300000, 0x0000000082300000|100%| O|  |TAMS 0x0000000082300000, 0x0000000082200000| Untracked 
|  35|0x0000000082300000, 0x0000000082400000, 0x0000000082400000|100%| O|  |TAMS 0x0000000082400000, 0x0000000082300000| Untracked 
|  36|0x0000000082400000, 0x0000000082500000, 0x0000000082500000|100%| O|  |TAMS 0x0000000082500000, 0x0000000082400000| Untracked 
|  37|0x0000000082500000, 0x0000000082600000, 0x0000000082600000|100%| O|  |TAMS 0x0000000082600000, 0x0000000082500000| Untracked 
|  38|0x0000000082600000, 0x0000000082700000, 0x0000000082700000|100%| O|  |TAMS 0x0000000082700000, 0x0000000082600000| Untracked 
|  39|0x0000000082700000, 0x0000000082800000, 0x0000000082800000|100%| O|  |TAMS 0x0000000082800000, 0x0000000082700000| Untracked 
|  40|0x0000000082800000, 0x0000000082900000, 0x0000000082900000|100%| O|  |TAMS 0x0000000082900000, 0x0000000082800000| Untracked 
|  41|0x0000000082900000, 0x0000000082a00000, 0x0000000082a00000|100%| O|  |TAMS 0x0000000082a00000, 0x0000000082900000| Untracked 
|  42|0x0000000082a00000, 0x0000000082b00000, 0x0000000082b00000|100%| O|  |TAMS 0x0000000082b00000, 0x0000000082a00000| Untracked 
|  43|0x0000000082b00000, 0x0000000082c00000, 0x0000000082c00000|100%| O|  |TAMS 0x0000000082c00000, 0x0000000082b00000| Untracked 
|  44|0x0000000082c00000, 0x0000000082d00000, 0x0000000082d00000|100%| O|  |TAMS 0x0000000082d00000, 0x0000000082c00000| Untracked 
|  45|0x0000000082d00000, 0x0000000082e00000, 0x0000000082e00000|100%|HS|  |TAMS 0x0000000082e00000, 0x0000000082d00000| Complete 
|  46|0x0000000082e00000, 0x0000000082f00000, 0x0000000082f00000|100%|HS|  |TAMS 0x0000000082f00000, 0x0000000082e00000| Complete 
|  47|0x0000000082f00000, 0x0000000083000000, 0x0000000083000000|100%|HC|  |TAMS 0x0000000083000000, 0x0000000082f00000| Complete 
|  48|0x0000000083000000, 0x0000000083100000, 0x0000000083100000|100%|HC|  |TAMS 0x0000000083100000, 0x0000000083000000| Complete 
|  49|0x0000000083100000, 0x0000000083200000, 0x0000000083200000|100%| O|  |TAMS 0x0000000083200000, 0x0000000083100000| Untracked 
|  50|0x0000000083200000, 0x0000000083300000, 0x0000000083300000|100%| O|  |TAMS 0x0000000083300000, 0x0000000083200000| Untracked 
|  51|0x0000000083300000, 0x0000000083400000, 0x0000000083400000|100%| O|  |TAMS 0x0000000083400000, 0x0000000083300000| Untracked 
|  52|0x0000000083400000, 0x0000000083500000, 0x0000000083500000|100%| O|  |TAMS 0x0000000083500000, 0x0000000083400000| Untracked 
|  53|0x0000000083500000, 0x0000000083600000, 0x0000000083600000|100%| O|  |TAMS 0x0000000083600000, 0x0000000083500000| Untracked 
|  54|0x0000000083600000, 0x0000000083700000, 0x0000000083700000|100%| O|  |TAMS 0x0000000083700000, 0x0000000083600000| Untracked 
|  55|0x0000000083700000, 0x0000000083800000, 0x0000000083800000|100%| O|  |TAMS 0x0000000083800000, 0x0000000083700000| Untracked 
|  56|0x0000000083800000, 0x0000000083900000, 0x0000000083900000|100%| O|  |TAMS 0x0000000083900000, 0x0000000083800000| Untracked 
|  57|0x0000000083900000, 0x0000000083a00000, 0x0000000083a00000|100%| O|  |TAMS 0x0000000083a00000, 0x0000000083900000| Untracked 
|  58|0x0000000083a00000, 0x0000000083b00000, 0x0000000083b00000|100%| O|  |TAMS 0x0000000083b00000, 0x0000000083a00000| Untracked 
|  59|0x0000000083b00000, 0x0000000083c00000, 0x0000000083c00000|100%| O|  |TAMS 0x0000000083c00000, 0x0000000083b00000| Untracked 
|  60|0x0000000083c00000, 0x0000000083d00000, 0x0000000083d00000|100%| O|  |TAMS 0x0000000083d00000, 0x0000000083c00000| Untracked 
|  61|0x0000000083d00000, 0x0000000083e00000, 0x0000000083e00000|100%| O|  |TAMS 0x0000000083e00000, 0x0000000083d00000| Untracked 
|  62|0x0000000083e00000, 0x0000000083f00000, 0x0000000083f00000|100%| O|  |TAMS 0x0000000083f00000, 0x0000000083e00000| Untracked 
|  63|0x0000000083f00000, 0x0000000084000000, 0x0000000084000000|100%| O|  |TAMS 0x0000000084000000, 0x0000000083f00000| Untracked 
|  64|0x0000000084000000, 0x0000000084100000, 0x0000000084100000|100%| O|  |TAMS 0x0000000084100000, 0x0000000084000000| Untracked 
|  65|0x0000000084100000, 0x0000000084200000, 0x0000000084200000|100%| O|  |TAMS 0x0000000084200000, 0x0000000084100000| Untracked 
|  66|0x0000000084200000, 0x0000000084300000, 0x0000000084300000|100%| O|  |TAMS 0x0000000084300000, 0x0000000084200000| Untracked 
|  67|0x0000000084300000, 0x0000000084400000, 0x0000000084400000|100%| O|  |TAMS 0x0000000084400000, 0x0000000084300000| Untracked 
|  68|0x0000000084400000, 0x0000000084500000, 0x0000000084500000|100%| O|  |TAMS 0x0000000084500000, 0x0000000084400000| Untracked 
|  69|0x0000000084500000, 0x0000000084500000, 0x0000000084600000|  0%| F|  |TAMS 0x0000000084500000, 0x0000000084500000| Untracked 
|  70|0x0000000084600000, 0x0000000084700000, 0x0000000084700000|100%| O|  |TAMS 0x0000000084700000, 0x0000000084600000| Untracked 
|  71|0x0000000084700000, 0x0000000084800000, 0x0000000084800000|100%| O|  |TAMS 0x0000000084800000, 0x0000000084700000| Untracked 
|  72|0x0000000084800000, 0x0000000084800000, 0x0000000084900000|  0%| F|  |TAMS 0x0000000084800000, 0x0000000084800000| Untracked 
|  73|0x0000000084900000, 0x0000000084a00000, 0x0000000084a00000|100%| O|  |TAMS 0x0000000084a00000, 0x0000000084900000| Untracked 
|  74|0x0000000084a00000, 0x0000000084b00000, 0x0000000084b00000|100%| O|  |TAMS 0x0000000084b00000, 0x0000000084a00000| Untracked 
|  75|0x0000000084b00000, 0x0000000084c00000, 0x0000000084c00000|100%| O|  |TAMS 0x0000000084c00000, 0x0000000084b00000| Untracked 
|  76|0x0000000084c00000, 0x0000000084d00000, 0x0000000084d00000|100%| O|  |TAMS 0x0000000084d00000, 0x0000000084c00000| Untracked 
|  77|0x0000000084d00000, 0x0000000084e00000, 0x0000000084e00000|100%| O|  |TAMS 0x0000000084e00000, 0x0000000084d00000| Untracked 
|  78|0x0000000084e00000, 0x0000000084f00000, 0x0000000084f00000|100%| O|  |TAMS 0x0000000084f00000, 0x0000000084e00000| Untracked 
|  79|0x0000000084f00000, 0x0000000084f00000, 0x0000000085000000|  0%| F|  |TAMS 0x0000000084f00000, 0x0000000084f00000| Untracked 
|  80|0x0000000085000000, 0x0000000085100000, 0x0000000085100000|100%| O|  |TAMS 0x0000000085100000, 0x0000000085000000| Untracked 
|  81|0x0000000085100000, 0x0000000085200000, 0x0000000085200000|100%| O|  |TAMS 0x0000000085200000, 0x0000000085100000| Untracked 
|  82|0x0000000085200000, 0x0000000085300000, 0x0000000085300000|100%| O|  |TAMS 0x0000000085300000, 0x0000000085200000| Untracked 
|  83|0x0000000085300000, 0x0000000085400000, 0x0000000085400000|100%| O|  |TAMS 0x0000000085400000, 0x0000000085300000| Untracked 
|  84|0x0000000085400000, 0x0000000085400000, 0x0000000085500000|  0%| F|  |TAMS 0x0000000085400000, 0x0000000085400000| Untracked 
|  85|0x0000000085500000, 0x0000000085600000, 0x0000000085600000|100%| O|  |TAMS 0x0000000085600000, 0x0000000085500000| Untracked 
|  86|0x0000000085600000, 0x0000000085700000, 0x0000000085700000|100%| O|  |TAMS 0x0000000085700000, 0x0000000085600000| Untracked 
|  87|0x0000000085700000, 0x0000000085800000, 0x0000000085800000|100%| O|  |TAMS 0x0000000085800000, 0x0000000085700000| Untracked 
|  88|0x0000000085800000, 0x0000000085900000, 0x0000000085900000|100%| O|  |TAMS 0x0000000085800000, 0x0000000085800000| Untracked 
|  89|0x0000000085900000, 0x0000000085a00000, 0x0000000085a00000|100%| O|  |TAMS 0x0000000085900000, 0x0000000085900000| Untracked 
|  90|0x0000000085a00000, 0x0000000085b00000, 0x0000000085b00000|100%| O|  |TAMS 0x0000000085b00000, 0x0000000085a00000| Untracked 
|  91|0x0000000085b00000, 0x0000000085b00000, 0x0000000085c00000|  0%| F|  |TAMS 0x0000000085b00000, 0x0000000085b00000| Untracked 
|  92|0x0000000085c00000, 0x0000000085d00000, 0x0000000085d00000|100%| O|  |TAMS 0x0000000085c00000, 0x0000000085c00000| Untracked 
|  93|0x0000000085d00000, 0x0000000085e00000, 0x0000000085e00000|100%| O|  |TAMS 0x0000000085e00000, 0x0000000085d00000| Untracked 
|  94|0x0000000085e00000, 0x0000000085e00000, 0x0000000085f00000|  0%| F|  |TAMS 0x0000000085e00000, 0x0000000085e00000| Untracked 
|  95|0x0000000085f00000, 0x0000000086000000, 0x0000000086000000|100%| O|  |TAMS 0x0000000086000000, 0x0000000085f00000| Untracked 
|  96|0x0000000086000000, 0x0000000086000000, 0x0000000086100000|  0%| F|  |TAMS 0x0000000086000000, 0x0000000086000000| Untracked 
|  97|0x0000000086100000, 0x0000000086200000, 0x0000000086200000|100%| O|  |TAMS 0x0000000086200000, 0x0000000086100000| Untracked 
|  98|0x0000000086200000, 0x0000000086300000, 0x0000000086300000|100%| O|  |TAMS 0x0000000086300000, 0x0000000086200000| Untracked 
|  99|0x0000000086300000, 0x0000000086400000, 0x0000000086400000|100%| O|  |TAMS 0x0000000086400000, 0x0000000086300000| Untracked 
| 100|0x0000000086400000, 0x0000000086500000, 0x0000000086500000|100%| O|  |TAMS 0x0000000086500000, 0x0000000086400000| Untracked 
| 101|0x0000000086500000, 0x0000000086600000, 0x0000000086600000|100%| O|  |TAMS 0x0000000086600000, 0x0000000086500000| Untracked 
| 102|0x0000000086600000, 0x0000000086700000, 0x0000000086700000|100%| O|  |TAMS 0x0000000086700000, 0x0000000086600000| Untracked 
| 103|0x0000000086700000, 0x0000000086800000, 0x0000000086800000|100%| O|  |TAMS 0x0000000086800000, 0x0000000086700000| Untracked 
| 104|0x0000000086800000, 0x0000000086900000, 0x0000000086900000|100%| O|  |TAMS 0x0000000086900000, 0x0000000086800000| Untracked 
| 105|0x0000000086900000, 0x0000000086a00000, 0x0000000086a00000|100%| O|  |TAMS 0x0000000086a00000, 0x0000000086900000| Untracked 
| 106|0x0000000086a00000, 0x0000000086b00000, 0x0000000086b00000|100%| O|  |TAMS 0x0000000086b00000, 0x0000000086a00000| Untracked 
| 107|0x0000000086b00000, 0x0000000086c00000, 0x0000000086c00000|100%| O|  |TAMS 0x0000000086c00000, 0x0000000086b00000| Untracked 
| 108|0x0000000086c00000, 0x0000000086d00000, 0x0000000086d00000|100%| O|  |TAMS 0x0000000086d00000, 0x0000000086c00000| Untracked 
| 109|0x0000000086d00000, 0x0000000086e00000, 0x0000000086e00000|100%| O|  |TAMS 0x0000000086e00000, 0x0000000086d00000| Untracked 
| 110|0x0000000086e00000, 0x0000000086f00000, 0x0000000086f00000|100%| O|  |TAMS 0x0000000086f00000, 0x0000000086e00000| Untracked 
| 111|0x0000000086f00000, 0x0000000087000000, 0x0000000087000000|100%| O|  |TAMS 0x0000000087000000, 0x0000000086f00000| Untracked 
| 112|0x0000000087000000, 0x0000000087100000, 0x0000000087100000|100%| O|  |TAMS 0x0000000087075400, 0x0000000087000000| Untracked 
| 113|0x0000000087100000, 0x0000000087200000, 0x0000000087200000|100%| O|  |TAMS 0x0000000087100000, 0x0000000087100000| Untracked 
| 114|0x0000000087200000, 0x0000000087300000, 0x0000000087300000|100%|HS|  |TAMS 0x0000000087300000, 0x0000000087200000| Complete 
| 115|0x0000000087300000, 0x0000000087400000, 0x0000000087400000|100%|HC|  |TAMS 0x0000000087400000, 0x0000000087300000| Complete 
| 116|0x0000000087400000, 0x0000000087500000, 0x0000000087500000|100%| O|  |TAMS 0x0000000087500000, 0x0000000087400000| Untracked 
| 117|0x0000000087500000, 0x0000000087600000, 0x0000000087600000|100%| O|  |TAMS 0x0000000087500000, 0x0000000087500000| Untracked 
| 118|0x0000000087600000, 0x0000000087700000, 0x0000000087700000|100%| O|  |TAMS 0x0000000087600000, 0x0000000087600000| Untracked 
| 119|0x0000000087700000, 0x0000000087700000, 0x0000000087800000|  0%| F|  |TAMS 0x0000000087700000, 0x0000000087700000| Untracked 
| 120|0x0000000087800000, 0x00000000878ea400, 0x0000000087900000| 91%| O|  |TAMS 0x0000000087800000, 0x0000000087800000| Untracked 
| 121|0x0000000087900000, 0x0000000087900000, 0x0000000087a00000|  0%| F|  |TAMS 0x0000000087900000, 0x0000000087900000| Untracked 
| 122|0x0000000087a00000, 0x0000000087a00000, 0x0000000087b00000|  0%| F|  |TAMS 0x0000000087a00000, 0x0000000087a00000| Untracked 
| 123|0x0000000087b00000, 0x0000000087b00000, 0x0000000087c00000|  0%| F|  |TAMS 0x0000000087b00000, 0x0000000087b00000| Untracked 
| 124|0x0000000087c00000, 0x0000000087c00000, 0x0000000087d00000|  0%| F|  |TAMS 0x0000000087c00000, 0x0000000087c00000| Untracked 
| 125|0x0000000087d00000, 0x0000000087e00000, 0x0000000087e00000|100%| O|  |TAMS 0x0000000087e00000, 0x0000000087d00000| Untracked 
| 126|0x0000000087e00000, 0x0000000087f00000, 0x0000000087f00000|100%| O|  |TAMS 0x0000000087f00000, 0x0000000087e00000| Untracked 
| 127|0x0000000087f00000, 0x0000000088000000, 0x0000000088000000|100%| O|  |TAMS 0x0000000088000000, 0x0000000087f00000| Untracked 
| 128|0x0000000088000000, 0x0000000088100000, 0x0000000088100000|100%| O|  |TAMS 0x0000000088100000, 0x0000000088000000| Untracked 
| 129|0x0000000088100000, 0x0000000088200000, 0x0000000088200000|100%| O|  |TAMS 0x0000000088200000, 0x0000000088100000| Untracked 
| 130|0x0000000088200000, 0x0000000088200000, 0x0000000088300000|  0%| F|  |TAMS 0x0000000088200000, 0x0000000088200000| Untracked 
| 131|0x0000000088300000, 0x0000000088300000, 0x0000000088400000|  0%| F|  |TAMS 0x0000000088300000, 0x0000000088300000| Untracked 
| 132|0x0000000088400000, 0x0000000088400000, 0x0000000088500000|  0%| F|  |TAMS 0x0000000088400000, 0x0000000088400000| Untracked 
| 133|0x0000000088500000, 0x0000000088500000, 0x0000000088600000|  0%| F|  |TAMS 0x0000000088500000, 0x0000000088500000| Untracked 
| 134|0x0000000088600000, 0x0000000088600000, 0x0000000088700000|  0%| F|  |TAMS 0x0000000088600000, 0x0000000088600000| Untracked 
| 135|0x0000000088700000, 0x0000000088700000, 0x0000000088800000|  0%| F|  |TAMS 0x0000000088700000, 0x0000000088700000| Untracked 
| 136|0x0000000088800000, 0x0000000088800000, 0x0000000088900000|  0%| F|  |TAMS 0x0000000088800000, 0x0000000088800000| Untracked 
| 137|0x0000000088900000, 0x0000000088900000, 0x0000000088a00000|  0%| F|  |TAMS 0x0000000088900000, 0x0000000088900000| Untracked 
| 138|0x0000000088a00000, 0x0000000088a00000, 0x0000000088b00000|  0%| F|  |TAMS 0x0000000088a00000, 0x0000000088a00000| Untracked 
| 139|0x0000000088b00000, 0x0000000088b00000, 0x0000000088c00000|  0%| F|  |TAMS 0x0000000088b00000, 0x0000000088b00000| Untracked 
| 140|0x0000000088c00000, 0x0000000088c00000, 0x0000000088d00000|  0%| F|  |TAMS 0x0000000088c00000, 0x0000000088c00000| Untracked 
| 141|0x0000000088d00000, 0x0000000088d00000, 0x0000000088e00000|  0%| F|  |TAMS 0x0000000088d00000, 0x0000000088d00000| Untracked 
| 142|0x0000000088e00000, 0x0000000088e00000, 0x0000000088f00000|  0%| F|  |TAMS 0x0000000088e00000, 0x0000000088e00000| Untracked 
| 143|0x0000000088f00000, 0x0000000088f00000, 0x0000000089000000|  0%| F|  |TAMS 0x0000000088f00000, 0x0000000088f00000| Untracked 
| 144|0x0000000089000000, 0x0000000089000000, 0x0000000089100000|  0%| F|  |TAMS 0x0000000089000000, 0x0000000089000000| Untracked 
| 145|0x0000000089100000, 0x0000000089100000, 0x0000000089200000|  0%| F|  |TAMS 0x0000000089100000, 0x0000000089100000| Untracked 
| 146|0x0000000089200000, 0x0000000089200000, 0x0000000089300000|  0%| F|  |TAMS 0x0000000089200000, 0x0000000089200000| Untracked 
| 147|0x0000000089300000, 0x0000000089300000, 0x0000000089400000|  0%| F|  |TAMS 0x0000000089300000, 0x0000000089300000| Untracked 
| 148|0x0000000089400000, 0x0000000089400000, 0x0000000089500000|  0%| F|  |TAMS 0x0000000089400000, 0x0000000089400000| Untracked 
| 149|0x0000000089500000, 0x0000000089500000, 0x0000000089600000|  0%| F|  |TAMS 0x0000000089500000, 0x0000000089500000| Untracked 
| 150|0x0000000089600000, 0x0000000089600000, 0x0000000089700000|  0%| F|  |TAMS 0x0000000089600000, 0x0000000089600000| Untracked 
| 151|0x0000000089700000, 0x0000000089700000, 0x0000000089800000|  0%| F|  |TAMS 0x0000000089700000, 0x0000000089700000| Untracked 
| 152|0x0000000089800000, 0x0000000089800000, 0x0000000089900000|  0%| F|  |TAMS 0x0000000089800000, 0x0000000089800000| Untracked 
| 153|0x0000000089900000, 0x0000000089900000, 0x0000000089a00000|  0%| F|  |TAMS 0x0000000089900000, 0x0000000089900000| Untracked 
| 154|0x0000000089a00000, 0x0000000089a00000, 0x0000000089b00000|  0%| F|  |TAMS 0x0000000089a00000, 0x0000000089a00000| Untracked 
| 155|0x0000000089b00000, 0x0000000089b00000, 0x0000000089c00000|  0%| F|  |TAMS 0x0000000089b00000, 0x0000000089b00000| Untracked 
| 156|0x0000000089c00000, 0x0000000089c00000, 0x0000000089d00000|  0%| F|  |TAMS 0x0000000089c00000, 0x0000000089c00000| Untracked 
| 157|0x0000000089d00000, 0x0000000089d00000, 0x0000000089e00000|  0%| F|  |TAMS 0x0000000089d00000, 0x0000000089d00000| Untracked 
| 158|0x0000000089e00000, 0x0000000089e00000, 0x0000000089f00000|  0%| F|  |TAMS 0x0000000089e00000, 0x0000000089e00000| Untracked 
| 159|0x0000000089f00000, 0x0000000089f00000, 0x000000008a000000|  0%| F|  |TAMS 0x0000000089f00000, 0x0000000089f00000| Untracked 
| 160|0x000000008a000000, 0x000000008a000000, 0x000000008a100000|  0%| F|  |TAMS 0x000000008a000000, 0x000000008a000000| Untracked 
| 161|0x000000008a100000, 0x000000008a100000, 0x000000008a200000|  0%| F|  |TAMS 0x000000008a100000, 0x000000008a100000| Untracked 
| 162|0x000000008a200000, 0x000000008a200000, 0x000000008a300000|  0%| F|  |TAMS 0x000000008a200000, 0x000000008a200000| Untracked 
| 163|0x000000008a300000, 0x000000008a300000, 0x000000008a400000|  0%| F|  |TAMS 0x000000008a300000, 0x000000008a300000| Untracked 
| 164|0x000000008a400000, 0x000000008a400000, 0x000000008a500000|  0%| F|  |TAMS 0x000000008a400000, 0x000000008a400000| Untracked 
| 165|0x000000008a500000, 0x000000008a500000, 0x000000008a600000|  0%| F|  |TAMS 0x000000008a500000, 0x000000008a500000| Untracked 
| 166|0x000000008a600000, 0x000000008a600000, 0x000000008a700000|  0%| F|  |TAMS 0x000000008a600000, 0x000000008a600000| Untracked 
| 167|0x000000008a700000, 0x000000008a700000, 0x000000008a800000|  0%| F|  |TAMS 0x000000008a700000, 0x000000008a700000| Untracked 
| 168|0x000000008a800000, 0x000000008a800000, 0x000000008a900000|  0%| F|  |TAMS 0x000000008a800000, 0x000000008a800000| Untracked 
| 169|0x000000008a900000, 0x000000008a900000, 0x000000008aa00000|  0%| F|  |TAMS 0x000000008a900000, 0x000000008a900000| Untracked 
| 170|0x000000008aa00000, 0x000000008aa00000, 0x000000008ab00000|  0%| F|  |TAMS 0x000000008aa00000, 0x000000008aa00000| Untracked 
| 171|0x000000008ab00000, 0x000000008ab00000, 0x000000008ac00000|  0%| F|  |TAMS 0x000000008ab00000, 0x000000008ab00000| Untracked 
| 172|0x000000008ac00000, 0x000000008ac00000, 0x000000008ad00000|  0%| F|  |TAMS 0x000000008ac00000, 0x000000008ac00000| Untracked 
| 173|0x000000008ad00000, 0x000000008ad00000, 0x000000008ae00000|  0%| F|  |TAMS 0x000000008ad00000, 0x000000008ad00000| Untracked 
| 174|0x000000008ae00000, 0x000000008ae00000, 0x000000008af00000|  0%| F|  |TAMS 0x000000008ae00000, 0x000000008ae00000| Untracked 
| 175|0x000000008af00000, 0x000000008af00000, 0x000000008b000000|  0%| F|  |TAMS 0x000000008af00000, 0x000000008af00000| Untracked 
| 176|0x000000008b000000, 0x000000008b000000, 0x000000008b100000|  0%| F|  |TAMS 0x000000008b000000, 0x000000008b000000| Untracked 
| 177|0x000000008b100000, 0x000000008b100000, 0x000000008b200000|  0%| F|  |TAMS 0x000000008b100000, 0x000000008b100000| Untracked 
| 178|0x000000008b200000, 0x000000008b200000, 0x000000008b300000|  0%| F|  |TAMS 0x000000008b200000, 0x000000008b200000| Untracked 
| 179|0x000000008b300000, 0x000000008b300000, 0x000000008b400000|  0%| F|  |TAMS 0x000000008b300000, 0x000000008b300000| Untracked 
| 180|0x000000008b400000, 0x000000008b400000, 0x000000008b500000|  0%| F|  |TAMS 0x000000008b400000, 0x000000008b400000| Untracked 
| 181|0x000000008b500000, 0x000000008b500000, 0x000000008b600000|  0%| F|  |TAMS 0x000000008b500000, 0x000000008b500000| Untracked 
| 182|0x000000008b600000, 0x000000008b600000, 0x000000008b700000|  0%| F|  |TAMS 0x000000008b600000, 0x000000008b600000| Untracked 
| 183|0x000000008b700000, 0x000000008b700000, 0x000000008b800000|  0%| F|  |TAMS 0x000000008b700000, 0x000000008b700000| Untracked 
| 184|0x000000008b800000, 0x000000008b800000, 0x000000008b900000|  0%| F|  |TAMS 0x000000008b800000, 0x000000008b800000| Untracked 
| 185|0x000000008b900000, 0x000000008b900000, 0x000000008ba00000|  0%| F|  |TAMS 0x000000008b900000, 0x000000008b900000| Untracked 
| 186|0x000000008ba00000, 0x000000008ba00000, 0x000000008bb00000|  0%| F|  |TAMS 0x000000008ba00000, 0x000000008ba00000| Untracked 
| 187|0x000000008bb00000, 0x000000008bb00000, 0x000000008bc00000|  0%| F|  |TAMS 0x000000008bb00000, 0x000000008bb00000| Untracked 
| 188|0x000000008bc00000, 0x000000008bc00000, 0x000000008bd00000|  0%| F|  |TAMS 0x000000008bc00000, 0x000000008bc00000| Untracked 
| 189|0x000000008bd00000, 0x000000008bd00000, 0x000000008be00000|  0%| F|  |TAMS 0x000000008bd00000, 0x000000008bd00000| Untracked 
| 190|0x000000008be00000, 0x000000008be00000, 0x000000008bf00000|  0%| F|  |TAMS 0x000000008be00000, 0x000000008be00000| Untracked 
| 191|0x000000008bf00000, 0x000000008bf00000, 0x000000008c000000|  0%| F|  |TAMS 0x000000008bf00000, 0x000000008bf00000| Untracked 
| 192|0x000000008c000000, 0x000000008c000000, 0x000000008c100000|  0%| F|  |TAMS 0x000000008c000000, 0x000000008c000000| Untracked 
| 193|0x000000008c100000, 0x000000008c100000, 0x000000008c200000|  0%| F|  |TAMS 0x000000008c100000, 0x000000008c100000| Untracked 
| 194|0x000000008c200000, 0x000000008c200000, 0x000000008c300000|  0%| F|  |TAMS 0x000000008c200000, 0x000000008c200000| Untracked 
| 195|0x000000008c300000, 0x000000008c300000, 0x000000008c400000|  0%| F|  |TAMS 0x000000008c300000, 0x000000008c300000| Untracked 
| 196|0x000000008c400000, 0x000000008c400000, 0x000000008c500000|  0%| F|  |TAMS 0x000000008c400000, 0x000000008c400000| Untracked 
| 197|0x000000008c500000, 0x000000008c500000, 0x000000008c600000|  0%| F|  |TAMS 0x000000008c500000, 0x000000008c500000| Untracked 
| 198|0x000000008c600000, 0x000000008c600000, 0x000000008c700000|  0%| F|  |TAMS 0x000000008c600000, 0x000000008c600000| Untracked 
| 199|0x000000008c700000, 0x000000008c700000, 0x000000008c800000|  0%| F|  |TAMS 0x000000008c700000, 0x000000008c700000| Untracked 
| 200|0x000000008c800000, 0x000000008c800000, 0x000000008c900000|  0%| F|  |TAMS 0x000000008c800000, 0x000000008c800000| Untracked 
| 201|0x000000008c900000, 0x000000008c900000, 0x000000008ca00000|  0%| F|  |TAMS 0x000000008c900000, 0x000000008c900000| Untracked 
| 202|0x000000008ca00000, 0x000000008ca00000, 0x000000008cb00000|  0%| F|  |TAMS 0x000000008ca00000, 0x000000008ca00000| Untracked 
| 203|0x000000008cb00000, 0x000000008cb00000, 0x000000008cc00000|  0%| F|  |TAMS 0x000000008cb00000, 0x000000008cb00000| Untracked 
| 204|0x000000008cc00000, 0x000000008cc00000, 0x000000008cd00000|  0%| F|  |TAMS 0x000000008cc00000, 0x000000008cc00000| Untracked 
| 205|0x000000008cd00000, 0x000000008cd00000, 0x000000008ce00000|  0%| F|  |TAMS 0x000000008cd00000, 0x000000008cd00000| Untracked 
| 206|0x000000008ce00000, 0x000000008ce00000, 0x000000008cf00000|  0%| F|  |TAMS 0x000000008ce00000, 0x000000008ce00000| Untracked 
| 207|0x000000008cf00000, 0x000000008cf00000, 0x000000008d000000|  0%| F|  |TAMS 0x000000008cf00000, 0x000000008cf00000| Untracked 
| 208|0x000000008d000000, 0x000000008d000000, 0x000000008d100000|  0%| F|  |TAMS 0x000000008d000000, 0x000000008d000000| Untracked 
| 209|0x000000008d100000, 0x000000008d100000, 0x000000008d200000|  0%| F|  |TAMS 0x000000008d100000, 0x000000008d100000| Untracked 
| 210|0x000000008d200000, 0x000000008d200000, 0x000000008d300000|  0%| F|  |TAMS 0x000000008d200000, 0x000000008d200000| Untracked 
| 211|0x000000008d300000, 0x000000008d300000, 0x000000008d400000|  0%| F|  |TAMS 0x000000008d300000, 0x000000008d300000| Untracked 
| 212|0x000000008d400000, 0x000000008d400000, 0x000000008d500000|  0%| F|  |TAMS 0x000000008d400000, 0x000000008d400000| Untracked 
| 213|0x000000008d500000, 0x000000008d500000, 0x000000008d600000|  0%| F|  |TAMS 0x000000008d500000, 0x000000008d500000| Untracked 
| 214|0x000000008d600000, 0x000000008d600000, 0x000000008d700000|  0%| F|  |TAMS 0x000000008d600000, 0x000000008d600000| Untracked 
| 215|0x000000008d700000, 0x000000008d700000, 0x000000008d800000|  0%| F|  |TAMS 0x000000008d700000, 0x000000008d700000| Untracked 
| 216|0x000000008d800000, 0x000000008d800000, 0x000000008d900000|  0%| F|  |TAMS 0x000000008d800000, 0x000000008d800000| Untracked 
| 217|0x000000008d900000, 0x000000008d900000, 0x000000008da00000|  0%| F|  |TAMS 0x000000008d900000, 0x000000008d900000| Untracked 
| 218|0x000000008da00000, 0x000000008da00000, 0x000000008db00000|  0%| F|  |TAMS 0x000000008da00000, 0x000000008da00000| Untracked 
| 219|0x000000008db00000, 0x000000008db00000, 0x000000008dc00000|  0%| F|  |TAMS 0x000000008db00000, 0x000000008db00000| Untracked 
| 220|0x000000008dc00000, 0x000000008dc00000, 0x000000008dd00000|  0%| F|  |TAMS 0x000000008dc00000, 0x000000008dc00000| Untracked 
| 221|0x000000008dd00000, 0x000000008dd00000, 0x000000008de00000|  0%| F|  |TAMS 0x000000008dd00000, 0x000000008dd00000| Untracked 
| 222|0x000000008de00000, 0x000000008de00000, 0x000000008df00000|  0%| F|  |TAMS 0x000000008de00000, 0x000000008de00000| Untracked 
| 223|0x000000008df00000, 0x000000008df00000, 0x000000008e000000|  0%| F|  |TAMS 0x000000008df00000, 0x000000008df00000| Untracked 
| 224|0x000000008e000000, 0x000000008e000000, 0x000000008e100000|  0%| F|  |TAMS 0x000000008e000000, 0x000000008e000000| Untracked 
| 225|0x000000008e100000, 0x000000008e100000, 0x000000008e200000|  0%| F|  |TAMS 0x000000008e100000, 0x000000008e100000| Untracked 
| 226|0x000000008e200000, 0x000000008e200000, 0x000000008e300000|  0%| F|  |TAMS 0x000000008e200000, 0x000000008e200000| Untracked 
| 227|0x000000008e300000, 0x000000008e300000, 0x000000008e400000|  0%| F|  |TAMS 0x000000008e300000, 0x000000008e300000| Untracked 
| 228|0x000000008e400000, 0x000000008e400000, 0x000000008e500000|  0%| F|  |TAMS 0x000000008e400000, 0x000000008e400000| Untracked 
| 229|0x000000008e500000, 0x000000008e500000, 0x000000008e600000|  0%| F|  |TAMS 0x000000008e500000, 0x000000008e500000| Untracked 
| 230|0x000000008e600000, 0x000000008e600000, 0x000000008e700000|  0%| F|  |TAMS 0x000000008e600000, 0x000000008e600000| Untracked 
| 231|0x000000008e700000, 0x000000008e700000, 0x000000008e800000|  0%| F|  |TAMS 0x000000008e700000, 0x000000008e700000| Untracked 
| 232|0x000000008e800000, 0x000000008e800000, 0x000000008e900000|  0%| F|  |TAMS 0x000000008e800000, 0x000000008e800000| Untracked 
| 233|0x000000008e900000, 0x000000008e900000, 0x000000008ea00000|  0%| F|  |TAMS 0x000000008e900000, 0x000000008e900000| Untracked 
| 234|0x000000008ea00000, 0x000000008ea00000, 0x000000008eb00000|  0%| F|  |TAMS 0x000000008ea00000, 0x000000008ea00000| Untracked 
| 235|0x000000008eb00000, 0x000000008eb00000, 0x000000008ec00000|  0%| F|  |TAMS 0x000000008eb00000, 0x000000008eb00000| Untracked 
| 236|0x000000008ec00000, 0x000000008ec00000, 0x000000008ed00000|  0%| F|  |TAMS 0x000000008ec00000, 0x000000008ec00000| Untracked 
| 237|0x000000008ed00000, 0x000000008ed00000, 0x000000008ee00000|  0%| F|  |TAMS 0x000000008ed00000, 0x000000008ed00000| Untracked 
| 238|0x000000008ee00000, 0x000000008ee00000, 0x000000008ef00000|  0%| F|  |TAMS 0x000000008ee00000, 0x000000008ee00000| Untracked 
| 239|0x000000008ef00000, 0x000000008ef00000, 0x000000008f000000|  0%| F|  |TAMS 0x000000008ef00000, 0x000000008ef00000| Untracked 
| 240|0x000000008f000000, 0x000000008f000000, 0x000000008f100000|  0%| F|  |TAMS 0x000000008f000000, 0x000000008f000000| Untracked 
| 241|0x000000008f100000, 0x000000008f100000, 0x000000008f200000|  0%| F|  |TAMS 0x000000008f100000, 0x000000008f100000| Untracked 
| 242|0x000000008f200000, 0x000000008f200000, 0x000000008f300000|  0%| F|  |TAMS 0x000000008f200000, 0x000000008f200000| Untracked 
| 243|0x000000008f300000, 0x000000008f300000, 0x000000008f400000|  0%| F|  |TAMS 0x000000008f300000, 0x000000008f300000| Untracked 
| 244|0x000000008f400000, 0x000000008f400000, 0x000000008f500000|  0%| F|  |TAMS 0x000000008f400000, 0x000000008f400000| Untracked 
| 245|0x000000008f500000, 0x000000008f500000, 0x000000008f600000|  0%| F|  |TAMS 0x000000008f500000, 0x000000008f500000| Untracked 
| 246|0x000000008f600000, 0x000000008f600000, 0x000000008f700000|  0%| F|  |TAMS 0x000000008f600000, 0x000000008f600000| Untracked 
| 247|0x000000008f700000, 0x000000008f700000, 0x000000008f800000|  0%| F|  |TAMS 0x000000008f700000, 0x000000008f700000| Untracked 
| 248|0x000000008f800000, 0x000000008f900000, 0x000000008f900000|100%| S|CS|TAMS 0x000000008f800000, 0x000000008f800000| Complete 
| 249|0x000000008f900000, 0x000000008f99e358, 0x000000008fa00000| 61%| E|  |TAMS 0x000000008f900000, 0x000000008f900000| Complete 
| 250|0x000000008fa00000, 0x000000008fb00000, 0x000000008fb00000|100%| E|CS|TAMS 0x000000008fa00000, 0x000000008fa00000| Complete 
| 251|0x000000008fb00000, 0x000000008fc00000, 0x000000008fc00000|100%| E|CS|TAMS 0x000000008fb00000, 0x000000008fb00000| Complete 
| 252|0x000000008fc00000, 0x000000008fd00000, 0x000000008fd00000|100%| E|CS|TAMS 0x000000008fc00000, 0x000000008fc00000| Complete 
| 253|0x000000008fd00000, 0x000000008fe00000, 0x000000008fe00000|100%| E|CS|TAMS 0x000000008fd00000, 0x000000008fd00000| Complete 

Card table byte_map: [0x0000029a1a4b0000,0x0000029a1a8b0000] _byte_map_base: 0x0000029a1a0b0000

Marking Bits (Prev, Next): (CMBitMap*) 0x0000029a057edb30, (CMBitMap*) 0x0000029a057edaf8
 Prev Bits: [0x0000029a1ccb0000, 0x0000029a1ecb0000)
 Next Bits: [0x0000029a1acb0000, 0x0000029a1ccb0000)

Polling page: 0x0000029a05890000

Metaspace:

Usage:
  Non-class:    107.10 MB capacity,   105.02 MB ( 98%) used,     1.66 MB (  2%) free+waste,   424.69 KB ( <1%) overhead. 
      Class:     16.59 MB capacity,    15.29 MB ( 92%) used,     1.11 MB (  7%) free+waste,   189.44 KB (  1%) overhead. 
       Both:    123.69 MB capacity,   120.31 MB ( 97%) used,     2.77 MB (  2%) free+waste,   614.13 KB ( <1%) overhead. 

Virtual space:
  Non-class space:      108.00 MB reserved,     107.30 MB (>99%) committed 
      Class space:        1.00 GB reserved,      16.63 MB (  2%) committed 
             Both:        1.11 GB reserved,     123.93 MB ( 11%) committed 

Chunk freelists:
   Non-Class:  16.00 KB
       Class:  4.00 KB
        Both:  20.00 KB

MaxMetaspaceSize: 17179869184.00 GB
CompressedClassSpaceSize: 1.00 GB

CodeHeap 'non-profiled nmethods': size=120064Kb used=13298Kb max_used=13298Kb free=106765Kb
 bounds [0x0000029a12550000, 0x0000029a13250000, 0x0000029a19a90000]
CodeHeap 'profiled nmethods': size=120000Kb used=43087Kb max_used=43087Kb free=76912Kb
 bounds [0x0000029a0b020000, 0x0000029a0da40000, 0x0000029a12550000]
CodeHeap 'non-nmethods': size=5696Kb used=2331Kb max_used=2376Kb free=3364Kb
 bounds [0x0000029a0aa90000, 0x0000029a0ad00000, 0x0000029a0b020000]
 total_blobs=19991 nmethods=19028 adapters=874
 compilation: enabled
              stopped_count=0, restarted_count=0
 full_count=0

Compilation events (20 events):
Event: 734.293 Thread 0x0000029a21b88000 20029       2       kotlin.ranges.IntProgression::iterator (23 bytes)
Event: 734.293 Thread 0x0000029a21b88000 nmethod 20029 0x0000029a0da35e90 code [0x0000029a0da36040, 0x0000029a0da361c8]
Event: 734.294 Thread 0x0000029a21b88000 20030       2       kotlin.ranges.IntProgressionIterator::<init> (68 bytes)
Event: 734.294 Thread 0x0000029a21b88000 nmethod 20030 0x0000029a0da36290 code [0x0000029a0da36440, 0x0000029a0da36598]
Event: 734.299 Thread 0x0000029a21b88000 20031       2       androidx.room.ext.Javapoet_extKt::getN (4 bytes)
Event: 734.300 Thread 0x0000029a21b88000 nmethod 20031 0x0000029a0b1fc810 code [0x0000029a0b1fc9c0, 0x0000029a0b1fca98]
Event: 734.300 Thread 0x0000029a21b88000 20032       2       java.lang.StringBuilder::toString (35 bytes)
Event: 734.300 Thread 0x0000029a21b88000 nmethod 20032 0x0000029a0da36610 code [0x0000029a0da367e0, 0x0000029a0da36a38]
Event: 734.301 Thread 0x0000029a21b88000 20033       2       com.squareup.javapoet.CodeBlock$Builder::argToName (99 bytes)
Event: 734.302 Thread 0x0000029a21b88000 nmethod 20033 0x0000029a0da36b10 code [0x0000029a0da36d60, 0x0000029a0da37458]
Event: 734.304 Thread 0x0000029a21b88000 20034       2       com.sun.tools.javac.api.ClientCodeWrapper::unwrap (17 bytes)
Event: 734.305 Thread 0x0000029a21b88000 nmethod 20034 0x0000029a0da37790 code [0x0000029a0da37940, 0x0000029a0da37ad8]
Event: 734.318 Thread 0x0000029a21b88000 20036       2       java.lang.Integer::toString (8 bytes)
Event: 734.318 Thread 0x0000029a21b88000 nmethod 20036 0x0000029a0da37b90 code [0x0000029a0da37d40, 0x0000029a0da37e48]
Event: 734.342 Thread 0x0000029a21b88000 20039       2       com.squareup.javapoet.LineWrapper::zeroWidthSpace (53 bytes)
Event: 734.343 Thread 0x0000029a21b88000 nmethod 20039 0x0000029a0da37f10 code [0x0000029a0da380e0, 0x0000029a0da38378]
Event: 734.343 Thread 0x0000029a21b88000 20040       2       com.squareup.javapoet.AnnotationSpec::emit (304 bytes)
Event: 734.346 Thread 0x0000029a21b88000 nmethod 20040 0x0000029a0da38490 code [0x0000029a0da38900, 0x0000029a0da39ec8]
Event: 734.346 Thread 0x0000029a21b88000 20041       2       com.squareup.javapoet.CodeWriter::<init> (225 bytes)
Event: 734.350 Thread 0x0000029a21b88000 nmethod 20041 0x0000029a0da3aa10 code [0x0000029a0da3aee0, 0x0000029a0da3ce38]

GC Heap History (20 events):
Event: 565.586 GC heap before
{Heap before GC invocations=31 (full 0):
 garbage-first heap   total 260096K, used 132057K [0x0000000080000000, 0x0000000100000000)
  region size 1024K, 12 young (12288K), 9 survivors (9216K)
 Metaspace       used 115117K, capacity 118525K, committed 118580K, reserved 1153024K
  class space    used 14821K, capacity 16101K, committed 16128K, reserved 1048576K
}
Event: 565.602 GC heap after
{Heap after GC invocations=32 (full 0):
 garbage-first heap   total 260096K, used 122160K [0x0000000080000000, 0x0000000100000000)
  region size 1024K, 2 young (2048K), 2 survivors (2048K)
 Metaspace       used 115117K, capacity 118525K, committed 118580K, reserved 1153024K
  class space    used 14821K, capacity 16101K, committed 16128K, reserved 1048576K
}
Event: 567.754 GC heap before
{Heap before GC invocations=32 (full 0):
 garbage-first heap   total 260096K, used 174384K [0x0000000080000000, 0x0000000100000000)
  region size 1024K, 54 young (55296K), 2 survivors (2048K)
 Metaspace       used 115585K, capacity 118902K, committed 119220K, reserved 1153024K
  class space    used 14844K, capacity 16141K, committed 16256K, reserved 1048576K
}
Event: 567.782 GC heap after
{Heap after GC invocations=33 (full 0):
 garbage-first heap   total 260096K, used 128755K [0x0000000080000000, 0x0000000100000000)
  region size 1024K, 8 young (8192K), 8 survivors (8192K)
 Metaspace       used 115585K, capacity 118902K, committed 119220K, reserved 1153024K
  class space    used 14844K, capacity 16141K, committed 16256K, reserved 1048576K
}
Event: 572.568 GC heap before
{Heap before GC invocations=34 (full 0):
 garbage-first heap   total 260096K, used 207603K [0x0000000080000000, 0x0000000100000000)
  region size 1024K, 84 young (86016K), 8 survivors (8192K)
 Metaspace       used 115925K, capacity 119310K, committed 119476K, reserved 1153024K
  class space    used 14834K, capacity 16115K, committed 16256K, reserved 1048576K
}
Event: 572.582 GC heap after
{Heap after GC invocations=35 (full 0):
 garbage-first heap   total 260096K, used 130164K [0x0000000080000000, 0x0000000100000000)
  region size 1024K, 4 young (4096K), 4 survivors (4096K)
 Metaspace       used 115925K, capacity 119310K, committed 119476K, reserved 1153024K
  class space    used 14834K, capacity 16115K, committed 16256K, reserved 1048576K
}
Event: 572.906 GC heap before
{Heap before GC invocations=35 (full 0):
 garbage-first heap   total 260096K, used 137332K [0x0000000080000000, 0x0000000100000000)
  region size 1024K, 12 young (12288K), 4 survivors (4096K)
 Metaspace       used 116075K, capacity 119439K, committed 119732K, reserved 1153024K
  class space    used 14844K, capacity 16132K, committed 16256K, reserved 1048576K
}
Event: 572.923 GC heap after
{Heap after GC invocations=36 (full 0):
 garbage-first heap   total 260096K, used 108187K [0x0000000080000000, 0x0000000100000000)
  region size 1024K, 1 young (1024K), 1 survivors (1024K)
 Metaspace       used 116075K, capacity 119439K, committed 119732K, reserved 1153024K
  class space    used 14844K, capacity 16132K, committed 16256K, reserved 1048576K
}
Event: 573.884 GC heap before
{Heap before GC invocations=36 (full 0):
 garbage-first heap   total 260096K, used 130715K [0x0000000080000000, 0x0000000100000000)
  region size 1024K, 25 young (25600K), 1 survivors (1024K)
 Metaspace       used 116253K, capacity 119599K, committed 119732K, reserved 1153024K
  class space    used 14846K, capacity 16134K, committed 16256K, reserved 1048576K
}
Event: 573.891 GC heap after
{Heap after GC invocations=37 (full 0):
 garbage-first heap   total 260096K, used 108061K [0x0000000080000000, 0x0000000100000000)
  region size 1024K, 1 young (1024K), 1 survivors (1024K)
 Metaspace       used 116253K, capacity 119599K, committed 119732K, reserved 1153024K
  class space    used 14846K, capacity 16134K, committed 16256K, reserved 1048576K
}
Event: 731.865 GC heap before
{Heap before GC invocations=38 (full 0):
 garbage-first heap   total 260096K, used 211485K [0x0000000080000000, 0x0000000100000000)
  region size 1024K, 88 young (90112K), 1 survivors (1024K)
 Metaspace       used 114834K, capacity 118232K, committed 119732K, reserved 1153024K
  class space    used 14765K, capacity 16082K, committed 16256K, reserved 1048576K
}
Event: 731.885 GC heap after
{Heap after GC invocations=39 (full 0):
 garbage-first heap   total 260096K, used 123884K [0x0000000080000000, 0x0000000100000000)
  region size 1024K, 11 young (11264K), 11 survivors (11264K)
 Metaspace       used 114834K, capacity 118232K, committed 119732K, reserved 1153024K
  class space    used 14765K, capacity 16082K, committed 16256K, reserved 1048576K
}
Event: 731.891 GC heap before
{Heap before GC invocations=39 (full 0):
 garbage-first heap   total 260096K, used 124908K [0x0000000080000000, 0x0000000100000000)
  region size 1024K, 12 young (12288K), 11 survivors (11264K)
 Metaspace       used 114834K, capacity 118232K, committed 119732K, reserved 1153024K
  class space    used 14765K, capacity 16082K, committed 16256K, reserved 1048576K
}
Event: 731.907 GC heap after
{Heap after GC invocations=40 (full 0):
 garbage-first heap   total 260096K, used 124723K [0x0000000080000000, 0x0000000100000000)
  region size 1024K, 2 young (2048K), 2 survivors (2048K)
 Metaspace       used 114834K, capacity 118232K, committed 119732K, reserved 1153024K
  class space    used 14765K, capacity 16082K, committed 16256K, reserved 1048576K
}
Event: 732.253 GC heap before
{Heap before GC invocations=40 (full 0):
 garbage-first heap   total 260096K, used 145203K [0x0000000080000000, 0x0000000100000000)
  region size 1024K, 23 young (23552K), 2 survivors (2048K)
 Metaspace       used 115872K, capacity 119224K, committed 119732K, reserved 1153024K
  class space    used 14866K, capacity 16178K, committed 16256K, reserved 1048576K
}
Event: 732.267 GC heap after
{Heap after GC invocations=41 (full 0):
 garbage-first heap   total 260096K, used 128469K [0x0000000080000000, 0x0000000100000000)
  region size 1024K, 5 young (5120K), 5 survivors (5120K)
 Metaspace       used 115872K, capacity 119224K, committed 119732K, reserved 1153024K
  class space    used 14866K, capacity 16178K, committed 16256K, reserved 1048576K
}
Event: 734.232 GC heap before
{Heap before GC invocations=42 (full 0):
 garbage-first heap   total 260096K, used 200149K [0x0000000080000000, 0x0000000100000000)
  region size 1024K, 77 young (78848K), 5 survivors (5120K)
 Metaspace       used 123010K, capacity 126461K, committed 126644K, reserved 1159168K
  class space    used 15639K, capacity 16987K, committed 17024K, reserved 1048576K
}
Event: 734.245 GC heap after
{Heap after GC invocations=43 (full 0):
 garbage-first heap   total 260096K, used 128469K [0x0000000080000000, 0x0000000100000000)
  region size 1024K, 7 young (7168K), 7 survivors (7168K)
 Metaspace       used 123010K, capacity 126461K, committed 126644K, reserved 1159168K
  class space    used 15639K, capacity 16987K, committed 17024K, reserved 1048576K
}
Event: 734.324 GC heap before
{Heap before GC invocations=43 (full 0):
 garbage-first heap   total 260096K, used 133589K [0x0000000080000000, 0x0000000100000000)
  region size 1024K, 12 young (12288K), 7 survivors (7168K)
 Metaspace       used 123107K, capacity 126589K, committed 126644K, reserved 1159168K
  class space    used 15648K, capacity 16987K, committed 17024K, reserved 1048576K
}
Event: 734.342 GC heap after
{Heap after GC invocations=44 (full 0):
 garbage-first heap   total 260096K, used 121769K [0x0000000080000000, 0x0000000100000000)
  region size 1024K, 1 young (1024K), 1 survivors (1024K)
 Metaspace       used 123107K, capacity 126589K, committed 126644K, reserved 1159168K
  class space    used 15648K, capacity 16987K, committed 17024K, reserved 1048576K
}

Deoptimization events (20 events):
Event: 733.535 Thread 0x0000029a22464000 Uncommon trap: trap_request=0xffffffde fr.pc=0x0000029a1263d344 relative=0x0000000000000564
Event: 733.535 Thread 0x0000029a22464000 Uncommon trap: reason=class_check action=maybe_recompile pc=0x0000029a1263d344 method=java.lang.AbstractStringBuilder.append(Ljava/lang/CharSequence;II)Ljava/lang/AbstractStringBuilder; @ 10 c2
Event: 733.535 Thread 0x0000029a22464000 DEOPT PACKING pc=0x0000029a1263d344 sp=0x000000cae33f8850
Event: 733.535 Thread 0x0000029a22464000 DEOPT UNPACKING pc=0x0000029a0aab62a9 sp=0x000000cae33f87c0 mode 2
Event: 733.562 Thread 0x0000029a22464000 Uncommon trap: trap_request=0xffffffde fr.pc=0x0000029a129d6618 relative=0x0000000000000698
Event: 733.562 Thread 0x0000029a22464000 Uncommon trap: reason=class_check action=maybe_recompile pc=0x0000029a129d6618 method=java.lang.AbstractStringBuilder.append(Ljava/lang/CharSequence;II)Ljava/lang/AbstractStringBuilder; @ 10 c2
Event: 733.562 Thread 0x0000029a22464000 DEOPT PACKING pc=0x0000029a129d6618 sp=0x000000cae33f87e0
Event: 733.562 Thread 0x0000029a22464000 DEOPT UNPACKING pc=0x0000029a0aab62a9 sp=0x000000cae33f87b8 mode 2
Event: 733.719 Thread 0x0000029a22464000 Uncommon trap: trap_request=0xffffff4d fr.pc=0x0000029a126f0ac4 relative=0x00000000000005e4
Event: 733.719 Thread 0x0000029a22464000 Uncommon trap: reason=unstable_if action=reinterpret pc=0x0000029a126f0ac4 method=java.util.HashMap.removeNode(ILjava/lang/Object;Ljava/lang/Object;ZZ)Ljava/util/HashMap$Node; @ 211 c2
Event: 733.719 Thread 0x0000029a22464000 DEOPT PACKING pc=0x0000029a126f0ac4 sp=0x000000cae33f8ec0
Event: 733.719 Thread 0x0000029a22464000 DEOPT UNPACKING pc=0x0000029a0aab62a9 sp=0x000000cae33f8e60 mode 2
Event: 734.292 Thread 0x0000029a22464000 Uncommon trap: trap_request=0xffffff4d fr.pc=0x0000029a125d6b20 relative=0x0000000000000360
Event: 734.292 Thread 0x0000029a22464000 Uncommon trap: reason=unstable_if action=reinterpret pc=0x0000029a125d6b20 method=java.lang.AbstractStringBuilder.isLatin1()Z @ 10 c2
Event: 734.292 Thread 0x0000029a22464000 DEOPT PACKING pc=0x0000029a125d6b20 sp=0x000000cae33f8ab0
Event: 734.292 Thread 0x0000029a22464000 DEOPT UNPACKING pc=0x0000029a0aab62a9 sp=0x000000cae33f8a30 mode 2
Event: 734.292 Thread 0x0000029a22464000 Uncommon trap: trap_request=0xffffff4d fr.pc=0x0000029a1258a960 relative=0x00000000000001c0
Event: 734.292 Thread 0x0000029a22464000 Uncommon trap: reason=unstable_if action=reinterpret pc=0x0000029a1258a960 method=java.lang.StringCoding.encodeUTF8(B[BZ)[B @ 2 c2
Event: 734.292 Thread 0x0000029a22464000 DEOPT PACKING pc=0x0000029a1258a960 sp=0x000000cae33f8890
Event: 734.292 Thread 0x0000029a22464000 DEOPT UNPACKING pc=0x0000029a0aab62a9 sp=0x000000cae33f8820 mode 2

Classes redefined (0 events):
No events

Internal exceptions (20 events):
Event: 732.573 Thread 0x0000029a22464000 Exception <a 'sun/nio/fs/WindowsException'{0x000000008f6e3db0}> (0x000000008f6e3db0) thrown at [./src/hotspot/share/prims/jni.cpp, line 615]
Event: 732.837 Thread 0x0000029a22464000 Exception <a 'sun/nio/fs/WindowsException'{0x000000008ee06d18}> (0x000000008ee06d18) thrown at [./src/hotspot/share/prims/jni.cpp, line 615]
Event: 732.837 Thread 0x0000029a22464000 Exception <a 'sun/nio/fs/WindowsException'{0x000000008ee06ea8}> (0x000000008ee06ea8) thrown at [./src/hotspot/share/prims/jni.cpp, line 615]
Event: 732.922 Thread 0x0000029a22464000 Exception <a 'sun/nio/fs/WindowsException'{0x000000008ec27c28}> (0x000000008ec27c28) thrown at [./src/hotspot/share/prims/jni.cpp, line 615]
Event: 732.981 Thread 0x0000029a22464000 Exception <a 'sun/nio/fs/WindowsException'{0x000000008ebae9a0}> (0x000000008ebae9a0) thrown at [./src/hotspot/share/prims/jni.cpp, line 615]
Event: 732.982 Thread 0x0000029a22464000 Exception <a 'sun/nio/fs/WindowsException'{0x000000008ebaeb40}> (0x000000008ebaeb40) thrown at [./src/hotspot/share/prims/jni.cpp, line 615]
Event: 733.416 Thread 0x0000029a22464000 Exception <a 'sun/nio/fs/WindowsException'{0x000000008d816ef8}> (0x000000008d816ef8) thrown at [./src/hotspot/share/prims/jni.cpp, line 615]
Event: 733.416 Thread 0x0000029a22464000 Exception <a 'sun/nio/fs/WindowsException'{0x000000008d8170a8}> (0x000000008d8170a8) thrown at [./src/hotspot/share/prims/jni.cpp, line 615]
Event: 733.418 Thread 0x0000029a22464000 Exception <a 'sun/nio/fs/WindowsException'{0x000000008d833030}> (0x000000008d833030) thrown at [./src/hotspot/share/prims/jni.cpp, line 615]
Event: 733.418 Thread 0x0000029a22464000 Exception <a 'sun/nio/fs/WindowsException'{0x000000008d8331d8}> (0x000000008d8331d8) thrown at [./src/hotspot/share/prims/jni.cpp, line 615]
Event: 733.419 Thread 0x0000029a22464000 Exception <a 'sun/nio/fs/WindowsException'{0x000000008d837040}> (0x000000008d837040) thrown at [./src/hotspot/share/prims/jni.cpp, line 615]
Event: 733.419 Thread 0x0000029a22464000 Exception <a 'sun/nio/fs/WindowsException'{0x000000008d8371f0}> (0x000000008d8371f0) thrown at [./src/hotspot/share/prims/jni.cpp, line 615]
Event: 733.844 Thread 0x0000029a22464000 Exception <a 'sun/nio/fs/WindowsException'{0x000000008cac1290}> (0x000000008cac1290) thrown at [./src/hotspot/share/prims/jni.cpp, line 615]
Event: 733.844 Thread 0x0000029a22464000 Exception <a 'sun/nio/fs/WindowsException'{0x000000008cac1418}> (0x000000008cac1418) thrown at [./src/hotspot/share/prims/jni.cpp, line 615]
Event: 733.846 Thread 0x0000029a22464000 Exception <a 'sun/nio/fs/WindowsException'{0x000000008cacd1c0}> (0x000000008cacd1c0) thrown at [./src/hotspot/share/prims/jni.cpp, line 615]
Event: 733.846 Thread 0x0000029a22464000 Exception <a 'sun/nio/fs/WindowsException'{0x000000008cacd360}> (0x000000008cacd360) thrown at [./src/hotspot/share/prims/jni.cpp, line 615]
Event: 733.860 Thread 0x0000029a22464000 Exception <a 'sun/nio/fs/WindowsException'{0x000000008c90b408}> (0x000000008c90b408) thrown at [./src/hotspot/share/prims/jni.cpp, line 615]
Event: 734.097 Thread 0x0000029a22464000 Exception <a 'sun/nio/fs/WindowsException'{0x000000008bcd88b8}> (0x000000008bcd88b8) thrown at [./src/hotspot/share/prims/jni.cpp, line 615]
Event: 734.304 Thread 0x0000029a22464000 Exception <a 'sun/nio/fs/WindowsException'{0x000000008fb77d68}> (0x000000008fb77d68) thrown at [./src/hotspot/share/prims/jni.cpp, line 615]
Event: 734.305 Thread 0x0000029a22464000 Exception <a 'sun/nio/fs/WindowsException'{0x000000008fb79448}> (0x000000008fb79448) thrown at [./src/hotspot/share/prims/jni.cpp, line 615]

Events (20 events):
Event: 734.285 loading class androidx/room/writer/TableInfoValidationWriter$write$1$2$refColumnNames$1
Event: 734.285 loading class androidx/room/writer/TableInfoValidationWriter$write$1$2$refColumnNames$1 done
Event: 734.287 loading class androidx/room/vo/Database$legacyIdentityHash$2$$special$$inlined$sortedBy$1
Event: 734.287 loading class androidx/room/vo/Database$legacyIdentityHash$2$$special$$inlined$sortedBy$1 done
Event: 734.289 loading class androidx/room/vo/Database$legacyIdentityHash$2$$special$$inlined$sortedBy$2
Event: 734.289 loading class androidx/room/vo/Database$legacyIdentityHash$2$$special$$inlined$sortedBy$2 done
Event: 734.295 loading class androidx/room/writer/DatabaseWriter$createCreateInvalidationTracker$1$tableNames$1
Event: 734.295 loading class androidx/room/writer/DatabaseWriter$createCreateInvalidationTracker$1$tableNames$1 done
Event: 734.297 loading class androidx/room/writer/EntityDeleteComparator
Event: 734.297 loading class androidx/room/writer/EntityDeleteComparator done
Event: 734.324 Executing VM operation: G1CollectForAllocation
Event: 734.342 Executing VM operation: G1CollectForAllocation done
Event: 734.362 loading class com/google/auto/common/BasicAnnotationProcessor$1
Event: 734.362 loading class com/google/auto/common/BasicAnnotationProcessor$1 done
Event: 734.363 loading class com/google/common/collect/Iterables
Event: 734.363 loading class com/google/common/collect/Iterables done
Event: 734.366 loading class com/google/common/collect/Iterables$5
Event: 734.366 loading class com/google/common/collect/Iterables$5 done
Event: 734.366 loading class com/google/common/collect/FluentIterable
Event: 734.366 loading class com/google/common/collect/FluentIterable done


Dynamic libraries:
0x00007ff65ea00000 - 0x00007ff65ea0a000 	C:\Program Files\Android\Android Studio\jre\bin\java.exe
0x00007ff9bddd0000 - 0x00007ff9bdfc8000 	C:\WINDOWS\SYSTEM32\ntdll.dll
0x00007ff9bdcd0000 - 0x00007ff9bdd8f000 	C:\WINDOWS\System32\KERNEL32.DLL
0x00007ff9bb620000 - 0x00007ff9bb8fa000 	C:\WINDOWS\System32\KERNELBASE.dll
0x00007ff9bbbd0000 - 0x00007ff9bbcd0000 	C:\WINDOWS\System32\ucrtbase.dll
0x00007ff9ab0a0000 - 0x00007ff9ab0b7000 	C:\Program Files\Android\Android Studio\jre\bin\VCRUNTIME140.dll
0x00007ff9ab060000 - 0x00007ff9ab079000 	C:\Program Files\Android\Android Studio\jre\bin\jli.dll
0x00007ff9bc260000 - 0x00007ff9bc3fd000 	C:\WINDOWS\System32\USER32.dll
0x00007ff9bb4e0000 - 0x00007ff9bb502000 	C:\WINDOWS\System32\win32u.dll
0x00007ff9bd2b0000 - 0x00007ff9bd2db000 	C:\WINDOWS\System32\GDI32.dll
0x00007ff9bb510000 - 0x00007ff9bb620000 	C:\WINDOWS\System32\gdi32full.dll
0x00007ff9bb900000 - 0x00007ff9bb99d000 	C:\WINDOWS\System32\msvcp_win.dll
0x00007ff998e90000 - 0x00007ff99912a000 	C:\WINDOWS\WinSxS\amd64_microsoft.windows.common-controls_6595b64144ccf1df_6.0.19041.1110_none_60b5254171f9507e\COMCTL32.dll
0x00007ff9bc4c0000 - 0x00007ff9bc55e000 	C:\WINDOWS\System32\msvcrt.dll
0x00007ff9bbe30000 - 0x00007ff9bbe60000 	C:\WINDOWS\System32\IMM32.DLL
0x00007ff981ed0000 - 0x00007ff981f6d000 	C:\Program Files\Android\Android Studio\jre\bin\msvcp140.dll
0x00007ff97be80000 - 0x00007ff97c955000 	C:\Program Files\Android\Android Studio\jre\bin\server\jvm.dll
0x00007ff9bc070000 - 0x00007ff9bc11e000 	C:\WINDOWS\System32\ADVAPI32.dll
0x00007ff9bcee0000 - 0x00007ff9bcf7c000 	C:\WINDOWS\System32\sechost.dll
0x00007ff9bbf40000 - 0x00007ff9bc066000 	C:\WINDOWS\System32\RPCRT4.dll
0x00007ff9bd2f0000 - 0x00007ff9bd2f8000 	C:\WINDOWS\System32\PSAPI.DLL
0x00007ff9a62c0000 - 0x00007ff9a62c9000 	C:\WINDOWS\SYSTEM32\WSOCK32.dll
0x00007ff9bcd30000 - 0x00007ff9bcd9b000 	C:\WINDOWS\System32\WS2_32.dll
0x00007ff9a2840000 - 0x00007ff9a2867000 	C:\WINDOWS\SYSTEM32\WINMM.dll
0x00007ff9b0c90000 - 0x00007ff9b0c9a000 	C:\WINDOWS\SYSTEM32\VERSION.dll
0x00007ff9b9cd0000 - 0x00007ff9b9ce2000 	C:\WINDOWS\SYSTEM32\kernel.appcore.dll
0x00007ff9aaef0000 - 0x00007ff9aaf01000 	C:\Program Files\Android\Android Studio\jre\bin\verify.dll
0x00007ff9b9240000 - 0x00007ff9b9424000 	C:\WINDOWS\SYSTEM32\DBGHELP.DLL
0x00007ff9a36b0000 - 0x00007ff9a36e4000 	C:\WINDOWS\SYSTEM32\dbgcore.DLL
0x00007ff9bb9a0000 - 0x00007ff9bba22000 	C:\WINDOWS\System32\bcryptPrimitives.dll
0x00007ff99aab0000 - 0x00007ff99aad9000 	C:\Program Files\Android\Android Studio\jre\bin\java.dll
0x00007ff9aaee0000 - 0x00007ff9aaeeb000 	C:\Program Files\Android\Android Studio\jre\bin\jimage.dll
0x00007ff9a6350000 - 0x00007ff9a6368000 	C:\Program Files\Android\Android Studio\jre\bin\zip.dll
0x00007ff9bd300000 - 0x00007ff9bda44000 	C:\WINDOWS\System32\SHELL32.dll
0x00007ff9b9520000 - 0x00007ff9b9cb3000 	C:\WINDOWS\SYSTEM32\windows.storage.dll
0x00007ff9bc560000 - 0x00007ff9bc8b4000 	C:\WINDOWS\System32\combase.dll
0x00007ff9bad80000 - 0x00007ff9badae000 	C:\WINDOWS\SYSTEM32\Wldp.dll
0x00007ff9bcdb0000 - 0x00007ff9bce5d000 	C:\WINDOWS\System32\SHCORE.dll
0x00007ff9bc400000 - 0x00007ff9bc455000 	C:\WINDOWS\System32\shlwapi.dll
0x00007ff9bb420000 - 0x00007ff9bb43f000 	C:\WINDOWS\SYSTEM32\profapi.dll
0x00007ff998310000 - 0x00007ff99832a000 	C:\Program Files\Android\Android Studio\jre\bin\net.dll
0x00007ff9abc60000 - 0x00007ff9abd6a000 	C:\WINDOWS\SYSTEM32\WINHTTP.dll
0x00007ff9bab60000 - 0x00007ff9babca000 	C:\WINDOWS\system32\mswsock.dll
0x00007ff9a1390000 - 0x00007ff9a13a4000 	C:\Program Files\Android\Android Studio\jre\bin\nio.dll
0x00007ff9b29f0000 - 0x00007ff9b2a17000 	C:\Users\User\.gradle\native\e1d6ef7f7dcc3fd88c89a11ec53ec762bb8ba0a96d01ffa2cd45eb1d1d8dd5c5\windows-amd64\native-platform.dll
0x00007ff978410000 - 0x00007ff978554000 	C:\Users\User\.gradle\native\5664cfc778a61ccfe75a443a1ab52a65af34e5dc3c78e0209fed803814484fcb\windows-amd64\native-platform-file-events.dll
0x00007ff9aaed0000 - 0x00007ff9aaeda000 	C:\Program Files\Android\Android Studio\jre\bin\management.dll
0x00007ff9a1380000 - 0x00007ff9a138d000 	C:\Program Files\Android\Android Studio\jre\bin\management_ext.dll
0x00007ff9badc0000 - 0x00007ff9badd8000 	C:\WINDOWS\SYSTEM32\CRYPTSP.dll
0x00007ff9ba4a0000 - 0x00007ff9ba4d4000 	C:\WINDOWS\system32\rsaenh.dll
0x00007ff9bbae0000 - 0x00007ff9bbb07000 	C:\WINDOWS\System32\bcrypt.dll
0x00007ff9bb3e0000 - 0x00007ff9bb40e000 	C:\WINDOWS\SYSTEM32\USERENV.dll
0x00007ff9bacf0000 - 0x00007ff9bacfc000 	C:\WINDOWS\SYSTEM32\CRYPTBASE.dll
0x00007ff9ba870000 - 0x00007ff9ba8ac000 	C:\WINDOWS\SYSTEM32\IPHLPAPI.DLL
0x00007ff9bd2e0000 - 0x00007ff9bd2e8000 	C:\WINDOWS\System32\NSI.dll
0x00007ff9aab40000 - 0x00007ff9aab57000 	C:\WINDOWS\SYSTEM32\dhcpcsvc6.DLL
0x00007ff9aaa40000 - 0x00007ff9aaa5d000 	C:\WINDOWS\SYSTEM32\dhcpcsvc.DLL
0x00007ff9ba8b0000 - 0x00007ff9ba97b000 	C:\WINDOWS\SYSTEM32\DNSAPI.dll
0x00007ff975670000 - 0x00007ff975697000 	C:\Program Files\Android\Android Studio\jre\bin\sunec.dll
0x0000000066e00000 - 0x0000000066f03000 	C:\Users\User\AppData\Local\Temp\sqlite-3.25.2-73a035ef-bc25-4110-bd85-c4dd40776a1a-sqlitejdbc.dll

dbghelp: loaded successfully - version: 4.0.5 - missing functions: none
symbol engine: initialized successfully - sym options: 0x614 - pdb path: .;C:\Program Files\Android\Android Studio\jre\bin;C:\WINDOWS\SYSTEM32;C:\WINDOWS\WinSxS\amd64_microsoft.windows.common-controls_6595b64144ccf1df_6.0.19041.1110_none_60b5254171f9507e;C:\Program Files\Android\Android Studio\jre\bin\server;C:\Users\User\.gradle\native\e1d6ef7f7dcc3fd88c89a11ec53ec762bb8ba0a96d01ffa2cd45eb1d1d8dd5c5\windows-amd64;C:\Users\User\.gradle\native\5664cfc778a61ccfe75a443a1ab52a65af34e5dc3c78e0209fed803814484fcb\windows-amd64;C:\Users\User\AppData\Local\Temp

VM Arguments:
jvm_args: --add-opens=java.base/java.util=ALL-UNNAMED --add-opens=java.base/java.lang=ALL-UNNAMED --add-opens=java.base/java.lang.invoke=ALL-UNNAMED --add-opens=java.base/java.util=ALL-UNNAMED --add-opens=java.prefs/java.util.prefs=ALL-UNNAMED --add-opens=java.prefs/java.util.prefs=ALL-UNNAMED --add-opens=java.base/java.nio.charset=ALL-UNNAMED --add-opens=java.base/java.net=ALL-UNNAMED --add-opens=java.base/java.util.concurrent.atomic=ALL-UNNAMED -Xmx2048m -Dfile.encoding=UTF-8 -Duser.country=RU -Duser.language=ru -Duser.variant 
java_command: org.gradle.launcher.daemon.bootstrap.GradleDaemon 7.2
java_class_path (initial): C:\Users\User\.gradle\wrapper\dists\gradle-7.2-bin\2dnblmf4td7x66yl1d74lt32g\gradle-7.2\lib\gradle-launcher-7.2.jar
Launcher Type: SUN_STANDARD

[Global flags]
     intx CICompilerCount                          = 3                                         {product} {ergonomic}
     uint ConcGCThreads                            = 1                                         {product} {ergonomic}
     uint G1ConcRefinementThreads                  = 4                                         {product} {ergonomic}
   size_t G1HeapRegionSize                         = 1048576                                   {product} {ergonomic}
    uintx GCDrainStackTargetSize                   = 64                                        {product} {ergonomic}
   size_t InitialHeapSize                          = 266338304                                 {product} {ergonomic}
   size_t MarkStackSize                            = 4194304                                   {product} {ergonomic}
   size_t MaxHeapSize                              = 2147483648                                {product} {command line}
   size_t MaxNewSize                               = 1287651328                                {product} {ergonomic}
   size_t MinHeapDeltaBytes                        = 1048576                                   {product} {ergonomic}
    uintx NonNMethodCodeHeapSize                   = 5830732                                {pd product} {ergonomic}
    uintx NonProfiledCodeHeapSize                  = 122913754                              {pd product} {ergonomic}
    uintx ProfiledCodeHeapSize                     = 122913754                              {pd product} {ergonomic}
    uintx ReservedCodeCacheSize                    = 251658240                              {pd product} {ergonomic}
     bool SegmentedCodeCache                       = true                                      {product} {ergonomic}
     bool UseCompressedClassPointers               = true                                 {lp64_product} {ergonomic}
     bool UseCompressedOops                        = true                                 {lp64_product} {ergonomic}
     bool UseG1GC                                  = true                                      {product} {ergonomic}
     bool UseLargePagesIndividualAllocation        = false                                  {pd product} {ergonomic}

Logging:
Log output configuration:
 #0: stdout all=warning uptime,level,tags
 #1: stderr all=off uptime,level,tags

Environment Variables:
JAVA_HOME=C:\Program Files\Java\jdk1.8.0_202
JRE_HOME=C:\Program Files\Java\jre1.8.0_202
PATH=C:\Windows\System32;C:\Windows\SysWOW64;C:\Program Files\dotnet\;C:\Users\User\.m2\repository\mysql\mysql-connector-java\8.0.21\mysql-connector-java-8.0.21.jar;C:\Program Files\PuTTY\;C:\Program Files\Git\cmd;C:\Program Files\Git\mingw64\bin;C:\Program Files\Git\usr\bin;C:\Program Files\PowerShell\7\;C:\Program Files\MySQL\MySQL Shell 8.0\bin\;C:\Users\User\AppData\Local\Programs\Python\Python39\Scripts\;C:\Users\User\AppData\Local\Programs\Python\Python39\;C:\Users\User\AppData\Local\Microsoft\WindowsApps;C:\Program Files\Python39\Scripts;C:\Users\User\AppData\Roaming\npm;C:\Users\User\AppData\Local\GitHubDesktop\bin;C:\Users\User\AppData\Local\atom\bin;C:\ProgramData\User\atom\bin;C:\tools\springbootcli\bin;C:\Windows\SysWOW64;C:\Windows\System32;C:\Users\User\.dotnet\tools;C:\Users\User\.m2\repository\mysql\mysql-connector-java\8.0.21\mysql-connector-java-8.0.21.jar;C:\Users\User\AppData\Local\Programs\Microsoft VS Code\bin;C:\Gradle\gradle-5.1\bin;;C:\intelFPGA_lite\22.1std\questa_fse\win64;C:\intelFPGA\18.1\modelsim_ase\win32aloem
USERNAME=User
OS=Windows_NT
PROCESSOR_IDENTIFIER=Intel64 Family 6 Model 122 Stepping 8, GenuineIntel



---------------  S Y S T E M  ---------------

OS: Windows 10 , 64 bit Build 19041 (10.0.19041.2788)
OS uptime: 19 days 18:59 hours
Hyper-V role detected

CPU:total 4 (initial active 4) (4 cores per cpu, 1 threads per core) family 6 model 122 stepping 8 microcode 0xc, cmov, cx8, fxsr, mmx, sse, sse2, sse3, ssse3, sse4.1, sse4.2, popcnt, aes, clmul, erms, 3dnowpref, tsc, tscinvbit, sha

Memory: 4k page, system-wide physical 16204M (4088M free)
TotalPageFile size 16204M (AvailPageFile size 5M)
current process WorkingSet (physical memory assigned to process): 614M, peak: 618M
current process commit charge ("private bytes"): 643M, peak: 645M

vm_info: OpenJDK 64-Bit Server VM (11.0.11+9-b60-7590822) for windows-amd64 JRE (11.0.11+9-b60-7590822), built on Jul 29 2021 21:43:44 by "builder" with MS VC++ 14.0 (VS2015)

END.
