#
# There is insufficient memory for the Java Runtime Environment to continue.
# Native memory allocation (malloc) failed to allocate 1048576 bytes for AllocateHeap
# Possible reasons:
#   The system is out of physical RAM or swap space
#   The process is running with CompressedOops enabled, and the Java Heap may be blocking the growth of the native heap
# Possible solutions:
#   Reduce memory load on the system
#   Increase physical memory or swap space
#   Check if swap backing store is full
#   Decrease Java heap size (-Xmx/-Xms)
#   Decrease number of Java threads
#   Decrease Java thread stack sizes (-Xss)
#   Set larger code cache with -XX:ReservedCodeCacheSize=
#   JVM is running with Unscaled Compressed Oops mode in which the Java heap is
#     placed in the first 4GB address space. The Java Heap base address is the
#     maximum limit for the native heap growth. Please use -XX:HeapBaseMinAddress
#     to set the Java Heap base and to place the Java Heap above 4GB virtual address.
# This output file may be truncated or incomplete.
#
#  Out of Memory Error (./src/hotspot/share/memory/allocation.cpp:46), pid=12476, tid=4324
#
# JRE version: OpenJDK Runtime Environment (11.0.11+9) (build 11.0.11+9-b60-7590822)
# Java VM: OpenJDK 64-Bit Server VM (11.0.11+9-b60-7590822, mixed mode, tiered, compressed oops, g1 gc, windows-amd64)
# No core dump will be written. Minidumps are not enabled by default on client versions of Windows
#

---------------  S U M M A R Y ------------

Command Line: --add-opens=java.base/java.util=ALL-UNNAMED --add-opens=java.base/java.lang=ALL-UNNAMED --add-opens=java.base/java.lang.invoke=ALL-UNNAMED --add-opens=java.base/java.util=ALL-UNNAMED --add-opens=java.prefs/java.util.prefs=ALL-UNNAMED --add-opens=java.prefs/java.util.prefs=ALL-UNNAMED --add-opens=java.base/java.nio.charset=ALL-UNNAMED --add-opens=java.base/java.net=ALL-UNNAMED --add-opens=java.base/java.util.concurrent.atomic=ALL-UNNAMED -Xmx2048m -Dfile.encoding=UTF-8 -Duser.country=RU -Duser.language=ru -Duser.variant org.gradle.launcher.daemon.bootstrap.GradleDaemon 7.2

Host: Intel(R) Celeron(R) J4125 CPU @ 2.00GHz, 4 cores, 15G,  Windows 10 , 64 bit Build 19041 (10.0.19041.2788)
Time: Sat Jun  3 18:48:05 2023 RTZ 9 (зима) elapsed time: 42.508551 seconds (0d 0h 0m 42s)

---------------  T H R E A D  ---------------

Current thread (0x00000255e2e24000):  VMThread "VM Thread" [stack: 0x000000f6d0e00000,0x000000f6d0f00000] [id=4324]

Stack: [0x000000f6d0e00000,0x000000f6d0f00000]
[error occurred during error reporting (printing stack bounds), id 0xc0000005, EXCEPTION_ACCESS_VIOLATION (0xc0000005) at pc=0x00000255ccd00f3d]

Native frames: (J=compiled Java code, j=interpreted, Vv=VM code, C=native code)
V  [jvm.dll+0x5f214a]
V  [jvm.dll+0x726fb5]
V  [jvm.dll+0x7285cd]
V  [jvm.dll+0x728be5]
V  [jvm.dll+0x728b9b]
V  [jvm.dll+0x5f14e8]
V  [jvm.dll+0x5f1c78]
C  [ntdll.dll+0xa23df]
C  [ntdll.dll+0x514a4]
C  [ntdll.dll+0xa0f0e]
C  0x00000255ccd00f3d

VM_Operation (0x000000f6d71f97f0): CollectForMetadataAllocation, mode: safepoint, requested by thread 0x00000255ee500000


---------------  P R O C E S S  ---------------

Threads class SMR info:
_java_thread_list=0x00000255e934aa20, length=93, elements={
0x00000255c91fd800, 0x00000255e3652800, 0x00000255e365b800, 0x00000255e3673800,
0x00000255e3675800, 0x00000255e3677000, 0x00000255e367a800, 0x00000255e36c3000,
0x00000255e36c4800, 0x00000255e3826800, 0x00000255e5a8f000, 0x00000255e3905000,
0x00000255e4dca000, 0x00000255e5d47000, 0x00000255e5724800, 0x00000255e692f800,
0x00000255e43eb000, 0x00000255e6031000, 0x00000255e6030800, 0x00000255e602e800,
0x00000255e602f800, 0x00000255e68a6000, 0x00000255e68aa000, 0x00000255e68ab000,
0x00000255e68ab800, 0x00000255e68ac800, 0x00000255e68a6800, 0x00000255e68ad000,
0x00000255e68a9000, 0x00000255e68a7800, 0x00000255e68b1800, 0x00000255e68b2000,
0x00000255e68af000, 0x00000255e68b4800, 0x00000255e6a50800, 0x00000255e6a51000,
0x00000255e6a4e800, 0x00000255e6a54800, 0x00000255e6a53000, 0x00000255e6a55800,
0x00000255e6a53800, 0x00000255e6a4f800, 0x00000255e6a52000, 0x00000255e5c0b800,
0x00000255e5c08800, 0x00000255e5c0c800, 0x00000255e5c0d000, 0x00000255e5c0e000,
0x00000255e5c0f000, 0x00000255e5c0a000, 0x00000255e5c0a800, 0x00000255e5c09000,
0x00000255e5c12000, 0x00000255e5c13800, 0x00000255e5c15800, 0x00000255e5c13000,
0x00000255e5c14800, 0x00000255e5c0f800, 0x00000255e5c11000, 0x00000255e5c16000,
0x00000255e5c10800, 0x00000255e5c17000, 0x00000255e6b77800, 0x00000255e6b79000,
0x00000255e6b78000, 0x00000255e6b7a000, 0x00000255e6b76800, 0x00000255e6b7c800,
0x00000255e6b7e000, 0x00000255e6b7f000, 0x00000255e6b7f800, 0x00000255e6b80800,
0x00000255e6b7d000, 0x00000255e6b7a800, 0x00000255e6b81000, 0x00000255e6b7b800,
0x00000255e6b83800, 0x00000255e6b82000, 0x00000255e6b83000, 0x00000255e6b85800,
0x00000255ee4f7000, 0x00000255ee4f9000, 0x00000255ee4f7800, 0x00000255ee4f8800,
0x00000255ee4f6000, 0x00000255ee4f5000, 0x00000255ee4fc800, 0x00000255ee4fb800,
0x00000255ee4fe000, 0x00000255ee4fd800, 0x00000255ee4ff000, 0x00000255ee500000,
0x00000255ee4fa000
}

Java Threads: ( => current thread )
  0x00000255c91fd800 JavaThread "main" [_thread_blocked, id=12940, stack(0x000000f6d0800000,0x000000f6d0900000)]
  0x00000255e3652800 JavaThread "Reference Handler" daemon [_thread_blocked, id=5108, stack(0x000000f6d0f00000,0x000000f6d1000000)]
  0x00000255e365b800 JavaThread "Finalizer" daemon [_thread_blocked, id=7024, stack(0x000000f6d1000000,0x000000f6d1100000)]
  0x00000255e3673800 JavaThread "Signal Dispatcher" daemon [_thread_blocked, id=2128, stack(0x000000f6d1100000,0x000000f6d1200000)]
  0x00000255e3675800 JavaThread "Attach Listener" daemon [_thread_blocked, id=12452, stack(0x000000f6d1200000,0x000000f6d1300000)]
  0x00000255e3677000 JavaThread "Service Thread" daemon [_thread_blocked, id=9096, stack(0x000000f6d1300000,0x000000f6d1400000)]
  0x00000255e367a800 JavaThread "C2 CompilerThread0" daemon [_thread_blocked, id=14116, stack(0x000000f6d1400000,0x000000f6d1500000)]
  0x00000255e36c3000 JavaThread "C1 CompilerThread0" daemon [_thread_blocked, id=9500, stack(0x000000f6d1500000,0x000000f6d1600000)]
  0x00000255e36c4800 JavaThread "Sweeper thread" daemon [_thread_blocked, id=15004, stack(0x000000f6d1600000,0x000000f6d1700000)]
  0x00000255e3826800 JavaThread "Common-Cleaner" daemon [_thread_blocked, id=7864, stack(0x000000f6d1700000,0x000000f6d1800000)]
  0x00000255e5a8f000 JavaThread "Daemon health stats" [_thread_blocked, id=11516, stack(0x000000f6d1d00000,0x000000f6d1e00000)]
  0x00000255e3905000 JavaThread "Incoming local TCP Connector on port 56746" [_thread_in_native, id=13232, stack(0x000000f6d1900000,0x000000f6d1a00000)]
  0x00000255e4dca000 JavaThread "Daemon periodic checks" [_thread_blocked, id=3296, stack(0x000000f6d1e00000,0x000000f6d1f00000)]
  0x00000255e5d47000 JavaThread "Daemon" [_thread_blocked, id=11368, stack(0x000000f6d1f00000,0x000000f6d2000000)]
  0x00000255e5724800 JavaThread "Handler for socket connection from /127.0.0.1:56746 to /127.0.0.1:56747" [_thread_in_native, id=14328, stack(0x000000f6d2000000,0x000000f6d2100000)]
  0x00000255e692f800 JavaThread "Cancel handler" [_thread_blocked, id=7812, stack(0x000000f6d2100000,0x000000f6d2200000)]
  0x00000255e43eb000 JavaThread "Daemon worker" [_thread_blocked, id=13180, stack(0x000000f6d2200000,0x000000f6d2300000)]
  0x00000255e6031000 JavaThread "Asynchronous log dispatcher for DefaultDaemonConnection: socket connection from /127.0.0.1:56746 to /127.0.0.1:56747" [_thread_blocked, id=15108, stack(0x000000f6d2300000,0x000000f6d2400000)]
  0x00000255e6030800 JavaThread "Stdin handler" [_thread_blocked, id=11664, stack(0x000000f6d2400000,0x000000f6d2500000)]
  0x00000255e602e800 JavaThread "Daemon client event forwarder" [_thread_blocked, id=2524, stack(0x000000f6d2500000,0x000000f6d2600000)]
  0x00000255e602f800 JavaThread "Cache worker for journal cache (C:\Users\User\.gradle\caches\journal-1)" [_thread_blocked, id=14456, stack(0x000000f6d2600000,0x000000f6d2700000)]
  0x00000255e68a6000 JavaThread "File lock request listener" [_thread_in_native, id=13836, stack(0x000000f6d2700000,0x000000f6d2800000)]
  0x00000255e68aa000 JavaThread "Cache worker for file hash cache (C:\Users\User\.gradle\caches\7.2\fileHashes)" [_thread_blocked, id=4704, stack(0x000000f6d2800000,0x000000f6d2900000)]
  0x00000255e68ab000 JavaThread "Cache worker for file hash cache (C:\Users\User\AndroidStudioProjects\Course35Gb\LispelDOC\project2\project\.gradle\7.2\fileHashes)" [_thread_blocked, id=1380, stack(0x000000f6d2a00000,0x000000f6d2b00000)]
  0x00000255e68ab800 JavaThread "File watcher server" daemon [_thread_blocked, id=3060, stack(0x000000f6d2b00000,0x000000f6d2c00000)]
  0x00000255e68ac800 JavaThread "File watcher consumer" daemon [_thread_blocked, id=14264, stack(0x000000f6d2c00000,0x000000f6d2d00000)]
  0x00000255e68a6800 JavaThread "Cache worker for checksums cache (C:\Users\User\AndroidStudioProjects\Course35Gb\LispelDOC\project2\project\.gradle\checksums)" [_thread_blocked, id=2416, stack(0x000000f6d2d00000,0x000000f6d2e00000)]
  0x00000255e68ad000 JavaThread "Cache worker for cache directory md-supplier (C:\Users\User\.gradle\caches\7.2\md-supplier)" [_thread_blocked, id=8696, stack(0x000000f6d2900000,0x000000f6d2a00000)]
  0x00000255e68a9000 JavaThread "Cache worker for cache directory md-rule (C:\Users\User\.gradle\caches\7.2\md-rule)" [_thread_blocked, id=5872, stack(0x000000f6d2f00000,0x000000f6d3000000)]
  0x00000255e68a7800 JavaThread "Cache worker for execution history cache (C:\Users\User\.gradle\caches\7.2\executionHistory)" [_thread_blocked, id=11712, stack(0x000000f6d3000000,0x000000f6d3100000)]
  0x00000255e68b1800 JavaThread "jar transforms" [_thread_blocked, id=11728, stack(0x000000f6d3100000,0x000000f6d3200000)]
  0x00000255e68b2000 JavaThread "Cache worker for file content cache (C:\Users\User\.gradle\caches\7.2\fileContent)" [_thread_blocked, id=9280, stack(0x000000f6d3200000,0x000000f6d3300000)]
  0x00000255e68af000 JavaThread "jar transforms Thread 2" [_thread_blocked, id=4864, stack(0x000000f6d3300000,0x000000f6d3400000)]
  0x00000255e68b4800 JavaThread "Cache worker for dependencies-accessors (C:\Users\User\AndroidStudioProjects\Course35Gb\LispelDOC\project2\project\.gradle\7.2\dependencies-accessors)" [_thread_blocked, id=2548, stack(0x000000f6d3400000,0x000000f6d3500000)]
  0x00000255e6a50800 JavaThread "jar transforms Thread 3" [_thread_blocked, id=3300, stack(0x000000f6d3500000,0x000000f6d3600000)]
  0x00000255e6a51000 JavaThread "Cache worker for Build Output Cleanup Cache (C:\Users\User\AndroidStudioProjects\Course35Gb\LispelDOC\project2\project\.gradle\buildOutputCleanup)" [_thread_blocked, id=8432, stack(0x000000f6d3600000,0x000000f6d3700000)]
  0x00000255e6a4e800 JavaThread "Unconstrained build operations" [_thread_blocked, id=7316, stack(0x000000f6d3700000,0x000000f6d3800000)]
  0x00000255e6a54800 JavaThread "Unconstrained build operations Thread 2" [_thread_blocked, id=8108, stack(0x000000f6d3800000,0x000000f6d3900000)]
  0x00000255e6a53000 JavaThread "Unconstrained build operations Thread 3" [_thread_blocked, id=10676, stack(0x000000f6d3900000,0x000000f6d3a00000)]
  0x00000255e6a55800 JavaThread "Unconstrained build operations Thread 4" [_thread_blocked, id=12048, stack(0x000000f6d3a00000,0x000000f6d3b00000)]
  0x00000255e6a53800 JavaThread "Unconstrained build operations Thread 5" [_thread_blocked, id=14612, stack(0x000000f6d3b00000,0x000000f6d3c00000)]
  0x00000255e6a4f800 JavaThread "Unconstrained build operations Thread 6" [_thread_blocked, id=8396, stack(0x000000f6d3c00000,0x000000f6d3d00000)]
  0x00000255e6a52000 JavaThread "Unconstrained build operations Thread 7" [_thread_blocked, id=12108, stack(0x000000f6d3d00000,0x000000f6d3e00000)]
  0x00000255e5c0b800 JavaThread "Unconstrained build operations Thread 8" [_thread_blocked, id=12856, stack(0x000000f6d3e00000,0x000000f6d3f00000)]
  0x00000255e5c08800 JavaThread "Unconstrained build operations Thread 9" [_thread_blocked, id=14588, stack(0x000000f6d3f00000,0x000000f6d4000000)]
  0x00000255e5c0c800 JavaThread "Unconstrained build operations Thread 10" [_thread_blocked, id=13596, stack(0x000000f6d4000000,0x000000f6d4100000)]
  0x00000255e5c0d000 JavaThread "Unconstrained build operations Thread 11" [_thread_blocked, id=14696, stack(0x000000f6d4100000,0x000000f6d4200000)]
  0x00000255e5c0e000 JavaThread "Unconstrained build operations Thread 12" [_thread_blocked, id=12168, stack(0x000000f6d4200000,0x000000f6d4300000)]
  0x00000255e5c0f000 JavaThread "Unconstrained build operations Thread 13" [_thread_blocked, id=7684, stack(0x000000f6d4300000,0x000000f6d4400000)]
  0x00000255e5c0a000 JavaThread "Unconstrained build operations Thread 14" [_thread_blocked, id=9888, stack(0x000000f6d4400000,0x000000f6d4500000)]
  0x00000255e5c0a800 JavaThread "Unconstrained build operations Thread 15" [_thread_blocked, id=10364, stack(0x000000f6d4500000,0x000000f6d4600000)]
  0x00000255e5c09000 JavaThread "Unconstrained build operations Thread 16" [_thread_blocked, id=13472, stack(0x000000f6d4600000,0x000000f6d4700000)]
  0x00000255e5c12000 JavaThread "Unconstrained build operations Thread 17" [_thread_blocked, id=10448, stack(0x000000f6d4700000,0x000000f6d4800000)]
  0x00000255e5c13800 JavaThread "Unconstrained build operations Thread 18" [_thread_blocked, id=3856, stack(0x000000f6d4800000,0x000000f6d4900000)]
  0x00000255e5c15800 JavaThread "Unconstrained build operations Thread 19" [_thread_blocked, id=12136, stack(0x000000f6d4900000,0x000000f6d4a00000)]
  0x00000255e5c13000 JavaThread "Unconstrained build operations Thread 20" [_thread_blocked, id=8328, stack(0x000000f6d4a00000,0x000000f6d4b00000)]
  0x00000255e5c14800 JavaThread "Unconstrained build operations Thread 21" [_thread_blocked, id=12576, stack(0x000000f6d4b00000,0x000000f6d4c00000)]
  0x00000255e5c0f800 JavaThread "Unconstrained build operations Thread 22" [_thread_blocked, id=1912, stack(0x000000f6d4c00000,0x000000f6d4d00000)]
  0x00000255e5c11000 JavaThread "Unconstrained build operations Thread 23" [_thread_blocked, id=14196, stack(0x000000f6d4d00000,0x000000f6d4e00000)]
  0x00000255e5c16000 JavaThread "Unconstrained build operations Thread 24" [_thread_blocked, id=6124, stack(0x000000f6d4e00000,0x000000f6d4f00000)]
  0x00000255e5c10800 JavaThread "Unconstrained build operations Thread 25" [_thread_blocked, id=1944, stack(0x000000f6d4f00000,0x000000f6d5000000)]
  0x00000255e5c17000 JavaThread "Unconstrained build operations Thread 26" [_thread_blocked, id=14528, stack(0x000000f6d5000000,0x000000f6d5100000)]
  0x00000255e6b77800 JavaThread "Unconstrained build operations Thread 27" [_thread_blocked, id=368, stack(0x000000f6d5100000,0x000000f6d5200000)]
  0x00000255e6b79000 JavaThread "Unconstrained build operations Thread 28" [_thread_blocked, id=2680, stack(0x000000f6d5200000,0x000000f6d5300000)]
  0x00000255e6b78000 JavaThread "Unconstrained build operations Thread 29" [_thread_blocked, id=6656, stack(0x000000f6d5300000,0x000000f6d5400000)]
  0x00000255e6b7a000 JavaThread "Unconstrained build operations Thread 30" [_thread_blocked, id=612, stack(0x000000f6d5400000,0x000000f6d5500000)]
  0x00000255e6b76800 JavaThread "Unconstrained build operations Thread 31" [_thread_blocked, id=4444, stack(0x000000f6d5500000,0x000000f6d5600000)]
  0x00000255e6b7c800 JavaThread "Unconstrained build operations Thread 32" [_thread_blocked, id=6152, stack(0x000000f6d5600000,0x000000f6d5700000)]
  0x00000255e6b7e000 JavaThread "Unconstrained build operations Thread 33" [_thread_blocked, id=1936, stack(0x000000f6d5700000,0x000000f6d5800000)]
  0x00000255e6b7f000 JavaThread "Unconstrained build operations Thread 34" [_thread_blocked, id=10116, stack(0x000000f6d5800000,0x000000f6d5900000)]
  0x00000255e6b7f800 JavaThread "Unconstrained build operations Thread 35" [_thread_blocked, id=14804, stack(0x000000f6d5900000,0x000000f6d5a00000)]
  0x00000255e6b80800 JavaThread "Unconstrained build operations Thread 36" [_thread_blocked, id=1460, stack(0x000000f6d5a00000,0x000000f6d5b00000)]
  0x00000255e6b7d000 JavaThread "Unconstrained build operations Thread 37" [_thread_blocked, id=12964, stack(0x000000f6d5b00000,0x000000f6d5c00000)]
  0x00000255e6b7a800 JavaThread "Unconstrained build operations Thread 38" [_thread_blocked, id=11128, stack(0x000000f6d5c00000,0x000000f6d5d00000)]
  0x00000255e6b81000 JavaThread "Unconstrained build operations Thread 39" [_thread_blocked, id=384, stack(0x000000f6d5d00000,0x000000f6d5e00000)]
  0x00000255e6b7b800 JavaThread "Unconstrained build operations Thread 40" [_thread_blocked, id=11476, stack(0x000000f6d5e00000,0x000000f6d5f00000)]
  0x00000255e6b83800 JavaThread "jar transforms Thread 4" [_thread_blocked, id=13136, stack(0x000000f6d5f00000,0x000000f6d6000000)]
  0x00000255e6b82000 JavaThread "Memory manager" [_thread_blocked, id=13564, stack(0x000000f6d6000000,0x000000f6d6100000)]
  0x00000255e6b83000 JavaThread "build event listener" [_thread_blocked, id=11880, stack(0x000000f6d6100000,0x000000f6d6200000)]
  0x00000255e6b85800 JavaThread "Execution worker for ':'" [_thread_blocked, id=14596, stack(0x000000f6d6200000,0x000000f6d6300000)]
  0x00000255ee4f7000 JavaThread "Execution worker for ':' Thread 2" [_thread_blocked, id=12832, stack(0x000000f6d6300000,0x000000f6d6400000)]
  0x00000255ee4f9000 JavaThread "Execution worker for ':' Thread 3" [_thread_blocked, id=13920, stack(0x000000f6d6400000,0x000000f6d6500000)]
  0x00000255ee4f7800 JavaThread "Cache worker for execution history cache (C:\Users\User\AndroidStudioProjects\Course35Gb\LispelDOC\project2\project\.gradle\7.2\executionHistory)" [_thread_blocked, id=12316, stack(0x000000f6d6500000,0x000000f6d6600000)]
  0x00000255ee4f8800 JavaThread "Cache worker for Java compile cache (C:\Users\User\.gradle\caches\7.2\javaCompile)" [_thread_blocked, id=13056, stack(0x000000f6d2e00000,0x000000f6d2f00000)]
  0x00000255ee4f6000 JavaThread "C2 CompilerThread1" daemon [_thread_blocked, id=11336, stack(0x000000f6d6600000,0x000000f6d6700000)]
  0x00000255ee4f5000 JavaThread "Build operations" [_thread_blocked, id=13452, stack(0x000000f6d6b00000,0x000000f6d6c00000)]
  0x00000255ee4fc800 JavaThread "Build operations Thread 2" [_thread_blocked, id=388, stack(0x000000f6d6c00000,0x000000f6d6d00000)]
  0x00000255ee4fb800 JavaThread "Build operations Thread 3" [_thread_blocked, id=6400, stack(0x000000f6d6d00000,0x000000f6d6e00000)]
  0x00000255ee4fe000 JavaThread "Build operations Thread 4" [_thread_blocked, id=1628, stack(0x000000f6d6e00000,0x000000f6d6f00000)]
  0x00000255ee4fd800 JavaThread "WorkerExecutor Queue" [_thread_blocked, id=11460, stack(0x000000f6d6f00000,0x000000f6d7000000)]
  0x00000255ee4ff000 JavaThread "WorkerExecutor Queue Thread 2" [_thread_blocked, id=14988, stack(0x000000f6d7000000,0x000000f6d7100000)]
  0x00000255ee500000 JavaThread "WorkerExecutor Queue Thread 3" [_thread_blocked, id=4548, stack(0x000000f6d7100000,0x000000f6d7200000)]
  0x00000255ee4fa000 JavaThread "WorkerExecutor Queue Thread 4" [_thread_blocked, id=3576, stack(0x000000f6d7200000,0x000000f6d7300000)]

Other Threads:
=>0x00000255e2e24000 VMThread "VM Thread" [stack: 0x000000f6d0e00000,0x000000f6d0f00000] [id=4324]
  0x00000255e3838000 WatcherThread [stack: 0x000000f6d1800000,0x000000f6d1900000] [id=14616]
  0x00000255c9216000 GCTaskThread "GC Thread#0" [stack: 0x000000f6d0900000,0x000000f6d0a00000] [id=14356]
  0x00000255e3d84800 GCTaskThread "GC Thread#1" [stack: 0x000000f6d1a00000,0x000000f6d1b00000] [id=13664]
  0x00000255e3f17800 GCTaskThread "GC Thread#2" [stack: 0x000000f6d1b00000,0x000000f6d1c00000] [id=14764]
  0x00000255e4448000 GCTaskThread "GC Thread#3" [stack: 0x000000f6d1c00000,0x000000f6d1d00000] [id=1580]
  0x00000255c9249000 ConcurrentGCThread "G1 Main Marker" [stack: 0x000000f6d0a00000,0x000000f6d0b00000] [id=13132]
  0x00000255c924a800 ConcurrentGCThread "G1 Conc#0" [stack: 0x000000f6d0b00000,0x000000f6d0c00000] [id=2664]
  0x00000255e2c94800 ConcurrentGCThread "G1 Refine#0" [stack: 0x000000f6d0c00000,0x000000f6d0d00000] [id=5792]
  0x00000255e39b5800 ConcurrentGCThread "G1 Refine#1" [stack: 0x000000f6d6700000,0x000000f6d6800000] [id=13888]
  0x00000255e39ba800 ConcurrentGCThread "G1 Refine#2" [stack: 0x000000f6d6800000,0x000000f6d6900000] [id=7956]
  0x00000255e39bb800 ConcurrentGCThread "G1 Refine#3" [stack: 0x000000f6d6900000,0x000000f6d6a00000] [id=6928]
  0x00000255e2c95800 ConcurrentGCThread "G1 Young RemSet Sampling" [stack: 0x000000f6d0d00000,0x000000f6d0e00000] [id=9752]

Threads with active compile tasks:
C2 CompilerThread0  42532 17285       4       com.android.tools.r8.internal.WR0::G (324 bytes)
C2 CompilerThread1  42533 17651       4       com.android.tools.r8.internal.HY0::hasNext (217 bytes)

VM state:at safepoint (normal execution)

VM Mutex/Monitor currently owned by a thread:  ([mutex/lock_event])
[0x00000255c91fc680] Threads_lock - owner thread: 0x00000255e2e24000
[0x00000255c91fbe10] Heap_lock - owner thread: 0x00000255ee500000

Heap address: 0x0000000080000000, size: 2048 MB, Compressed Oops mode: 32-bit
Narrow klass base: 0x0000000000000000, Narrow klass shift: 3
Compressed class space size: 1073741824 Address: 0x0000000100000000

Heap:
 garbage-first heap   total 312320K, used 123456K [0x0000000080000000, 0x0000000100000000)
  region size 1024K, 5 young (5120K), 5 survivors (5120K)
 Metaspace       used 115865K, capacity 118978K, committed 119028K, reserved 1165312K
  class space    used 14648K, capacity 15843K, committed 15872K, reserved 1048576K
Heap Regions: E=young(eden), S=young(survivor), O=old, HS=humongous(starts), HC=humongous(continues), CS=collection set, F=free, A=archive, TAMS=top-at-mark-start (previous, next)
|   0|0x0000000080000000, 0x0000000080100000, 0x0000000080100000|100%| O|  |TAMS 0x0000000080100000, 0x0000000080100000| Untracked 
|   1|0x0000000080100000, 0x0000000080200000, 0x0000000080200000|100%| O|  |TAMS 0x0000000080200000, 0x0000000080200000| Untracked 
|   2|0x0000000080200000, 0x0000000080300000, 0x0000000080300000|100%| O|  |TAMS 0x0000000080300000, 0x0000000080300000| Untracked 
|   3|0x0000000080300000, 0x0000000080400000, 0x0000000080400000|100%|HS|  |TAMS 0x0000000080400000, 0x0000000080400000| Complete 
|   4|0x0000000080400000, 0x0000000080500000, 0x0000000080500000|100%|HC|  |TAMS 0x0000000080500000, 0x0000000080500000| Complete 
|   5|0x0000000080500000, 0x0000000080600000, 0x0000000080600000|100%|HC|  |TAMS 0x0000000080600000, 0x0000000080600000| Complete 
|   6|0x0000000080600000, 0x0000000080700000, 0x0000000080700000|100%| O|  |TAMS 0x0000000080700000, 0x0000000080700000| Untracked 
|   7|0x0000000080700000, 0x0000000080800000, 0x0000000080800000|100%| O|  |TAMS 0x0000000080800000, 0x0000000080800000| Untracked 
|   8|0x0000000080800000, 0x0000000080900000, 0x0000000080900000|100%| O|  |TAMS 0x0000000080900000, 0x0000000080900000| Untracked 
|   9|0x0000000080900000, 0x0000000080a00000, 0x0000000080a00000|100%| O|  |TAMS 0x0000000080a00000, 0x0000000080a00000| Untracked 
|  10|0x0000000080a00000, 0x0000000080b00000, 0x0000000080b00000|100%| O|  |TAMS 0x0000000080b00000, 0x0000000080b00000| Untracked 
|  11|0x0000000080b00000, 0x0000000080c00000, 0x0000000080c00000|100%| O|  |TAMS 0x0000000080c00000, 0x0000000080c00000| Untracked 
|  12|0x0000000080c00000, 0x0000000080d00000, 0x0000000080d00000|100%| O|  |TAMS 0x0000000080d00000, 0x0000000080d00000| Untracked 
|  13|0x0000000080d00000, 0x0000000080e00000, 0x0000000080e00000|100%| O|  |TAMS 0x0000000080e00000, 0x0000000080e00000| Untracked 
|  14|0x0000000080e00000, 0x0000000080f00000, 0x0000000080f00000|100%| O|  |TAMS 0x0000000080f00000, 0x0000000080f00000| Untracked 
|  15|0x0000000080f00000, 0x0000000081000000, 0x0000000081000000|100%| O|  |TAMS 0x0000000081000000, 0x0000000081000000| Untracked 
|  16|0x0000000081000000, 0x0000000081100000, 0x0000000081100000|100%| O|  |TAMS 0x0000000081100000, 0x0000000081100000| Untracked 
|  17|0x0000000081100000, 0x0000000081200000, 0x0000000081200000|100%|HS|  |TAMS 0x0000000081200000, 0x0000000081200000| Complete 
|  18|0x0000000081200000, 0x0000000081300000, 0x0000000081300000|100%|HS|  |TAMS 0x0000000081300000, 0x0000000081300000| Complete 
|  19|0x0000000081300000, 0x0000000081400000, 0x0000000081400000|100%|HS|  |TAMS 0x0000000081400000, 0x0000000081400000| Complete 
|  20|0x0000000081400000, 0x0000000081500000, 0x0000000081500000|100%|HS|  |TAMS 0x0000000081500000, 0x0000000081500000| Complete 
|  21|0x0000000081500000, 0x0000000081600000, 0x0000000081600000|100%|HC|  |TAMS 0x0000000081600000, 0x0000000081600000| Complete 
|  22|0x0000000081600000, 0x0000000081700000, 0x0000000081700000|100%| O|  |TAMS 0x0000000081700000, 0x0000000081700000| Untracked 
|  23|0x0000000081700000, 0x0000000081800000, 0x0000000081800000|100%| O|  |TAMS 0x0000000081800000, 0x0000000081800000| Untracked 
|  24|0x0000000081800000, 0x0000000081900000, 0x0000000081900000|100%| O|  |TAMS 0x0000000081900000, 0x0000000081900000| Untracked 
|  25|0x0000000081900000, 0x0000000081a00000, 0x0000000081a00000|100%| O|  |TAMS 0x0000000081a00000, 0x0000000081a00000| Untracked 
|  26|0x0000000081a00000, 0x0000000081b00000, 0x0000000081b00000|100%| O|  |TAMS 0x0000000081b00000, 0x0000000081b00000| Untracked 
|  27|0x0000000081b00000, 0x0000000081c00000, 0x0000000081c00000|100%| O|  |TAMS 0x0000000081c00000, 0x0000000081c00000| Untracked 
|  28|0x0000000081c00000, 0x0000000081d00000, 0x0000000081d00000|100%| O|  |TAMS 0x0000000081d00000, 0x0000000081d00000| Untracked 
|  29|0x0000000081d00000, 0x0000000081e00000, 0x0000000081e00000|100%| O|  |TAMS 0x0000000081e00000, 0x0000000081e00000| Untracked 
|  30|0x0000000081e00000, 0x0000000081f00000, 0x0000000081f00000|100%| O|  |TAMS 0x0000000081f00000, 0x0000000081f00000| Untracked 
|  31|0x0000000081f00000, 0x0000000082000000, 0x0000000082000000|100%| O|  |TAMS 0x0000000082000000, 0x0000000082000000| Untracked 
|  32|0x0000000082000000, 0x0000000082100000, 0x0000000082100000|100%| O|  |TAMS 0x0000000082100000, 0x0000000082100000| Untracked 
|  33|0x0000000082100000, 0x0000000082200000, 0x0000000082200000|100%| O|  |TAMS 0x0000000082200000, 0x0000000082200000| Untracked 
|  34|0x0000000082200000, 0x0000000082300000, 0x0000000082300000|100%| O|  |TAMS 0x0000000082300000, 0x0000000082300000| Untracked 
|  35|0x0000000082300000, 0x0000000082400000, 0x0000000082400000|100%| O|  |TAMS 0x0000000082400000, 0x0000000082400000| Untracked 
|  36|0x0000000082400000, 0x0000000082500000, 0x0000000082500000|100%| O|  |TAMS 0x0000000082500000, 0x0000000082500000| Untracked 
|  37|0x0000000082500000, 0x0000000082600000, 0x0000000082600000|100%| O|  |TAMS 0x0000000082600000, 0x0000000082600000| Untracked 
|  38|0x0000000082600000, 0x0000000082700000, 0x0000000082700000|100%| O|  |TAMS 0x0000000082700000, 0x0000000082700000| Untracked 
|  39|0x0000000082700000, 0x0000000082800000, 0x0000000082800000|100%| O|  |TAMS 0x0000000082800000, 0x0000000082800000| Untracked 
|  40|0x0000000082800000, 0x0000000082900000, 0x0000000082900000|100%| O|  |TAMS 0x0000000082900000, 0x0000000082900000| Untracked 
|  41|0x0000000082900000, 0x0000000082a00000, 0x0000000082a00000|100%| O|  |TAMS 0x0000000082a00000, 0x0000000082a00000| Untracked 
|  42|0x0000000082a00000, 0x0000000082b00000, 0x0000000082b00000|100%| O|  |TAMS 0x0000000082b00000, 0x0000000082b00000| Untracked 
|  43|0x0000000082b00000, 0x0000000082c00000, 0x0000000082c00000|100%| O|  |TAMS 0x0000000082c00000, 0x0000000082c00000| Untracked 
|  44|0x0000000082c00000, 0x0000000082d00000, 0x0000000082d00000|100%| O|  |TAMS 0x0000000082d00000, 0x0000000082d00000| Untracked 
|  45|0x0000000082d00000, 0x0000000082e00000, 0x0000000082e00000|100%| O|  |TAMS 0x0000000082e00000, 0x0000000082e00000| Untracked 
|  46|0x0000000082e00000, 0x0000000082f00000, 0x0000000082f00000|100%|HS|  |TAMS 0x0000000082f00000, 0x0000000082f00000| Complete 
|  47|0x0000000082f00000, 0x0000000083000000, 0x0000000083000000|100%|HS|  |TAMS 0x0000000083000000, 0x0000000083000000| Complete 
|  48|0x0000000083000000, 0x0000000083100000, 0x0000000083100000|100%|HC|  |TAMS 0x0000000083100000, 0x0000000083100000| Complete 
|  49|0x0000000083100000, 0x0000000083200000, 0x0000000083200000|100%|HC|  |TAMS 0x0000000083200000, 0x0000000083200000| Complete 
|  50|0x0000000083200000, 0x0000000083300000, 0x0000000083300000|100%| O|  |TAMS 0x0000000083300000, 0x0000000083300000| Untracked 
|  51|0x0000000083300000, 0x0000000083400000, 0x0000000083400000|100%| O|  |TAMS 0x0000000083400000, 0x0000000083400000| Untracked 
|  52|0x0000000083400000, 0x0000000083500000, 0x0000000083500000|100%| O|  |TAMS 0x0000000083500000, 0x0000000083500000| Untracked 
|  53|0x0000000083500000, 0x0000000083600000, 0x0000000083600000|100%| O|  |TAMS 0x0000000083600000, 0x0000000083600000| Untracked 
|  54|0x0000000083600000, 0x0000000083700000, 0x0000000083700000|100%| O|  |TAMS 0x0000000083700000, 0x0000000083700000| Untracked 
|  55|0x0000000083700000, 0x0000000083800000, 0x0000000083800000|100%| O|  |TAMS 0x0000000083800000, 0x0000000083800000| Untracked 
|  56|0x0000000083800000, 0x0000000083900000, 0x0000000083900000|100%| O|  |TAMS 0x0000000083900000, 0x0000000083900000| Untracked 
|  57|0x0000000083900000, 0x0000000083a00000, 0x0000000083a00000|100%| O|  |TAMS 0x0000000083a00000, 0x0000000083a00000| Untracked 
|  58|0x0000000083a00000, 0x0000000083b00000, 0x0000000083b00000|100%| O|  |TAMS 0x0000000083b00000, 0x0000000083b00000| Untracked 
|  59|0x0000000083b00000, 0x0000000083c00000, 0x0000000083c00000|100%| O|  |TAMS 0x0000000083c00000, 0x0000000083c00000| Untracked 
|  60|0x0000000083c00000, 0x0000000083d00000, 0x0000000083d00000|100%| O|  |TAMS 0x0000000083d00000, 0x0000000083d00000| Untracked 
|  61|0x0000000083d00000, 0x0000000083e00000, 0x0000000083e00000|100%| O|  |TAMS 0x0000000083e00000, 0x0000000083e00000| Untracked 
|  62|0x0000000083e00000, 0x0000000083f00000, 0x0000000083f00000|100%|HS|  |TAMS 0x0000000083f00000, 0x0000000083f00000| Complete 
|  63|0x0000000083f00000, 0x0000000084000000, 0x0000000084000000|100%|HC|  |TAMS 0x0000000084000000, 0x0000000084000000| Complete 
|  64|0x0000000084000000, 0x0000000084100000, 0x0000000084100000|100%| O|  |TAMS 0x0000000084100000, 0x0000000084100000| Untracked 
|  65|0x0000000084100000, 0x0000000084200000, 0x0000000084200000|100%| O|  |TAMS 0x0000000084200000, 0x0000000084200000| Untracked 
|  66|0x0000000084200000, 0x0000000084300000, 0x0000000084300000|100%| O|  |TAMS 0x0000000084300000, 0x0000000084300000| Untracked 
|  67|0x0000000084300000, 0x0000000084400000, 0x0000000084400000|100%| O|  |TAMS 0x0000000084400000, 0x0000000084400000| Untracked 
|  68|0x0000000084400000, 0x0000000084500000, 0x0000000084500000|100%| O|  |TAMS 0x0000000084500000, 0x0000000084500000| Untracked 
|  69|0x0000000084500000, 0x0000000084600000, 0x0000000084600000|100%| O|  |TAMS 0x0000000084600000, 0x0000000084600000| Untracked 
|  70|0x0000000084600000, 0x0000000084700000, 0x0000000084700000|100%| O|  |TAMS 0x0000000084700000, 0x0000000084700000| Untracked 
|  71|0x0000000084700000, 0x0000000084800000, 0x0000000084800000|100%| O|  |TAMS 0x0000000084800000, 0x0000000084800000| Untracked 
|  72|0x0000000084800000, 0x0000000084900000, 0x0000000084900000|100%| O|  |TAMS 0x0000000084900000, 0x0000000084900000| Untracked 
|  73|0x0000000084900000, 0x0000000084a00000, 0x0000000084a00000|100%| O|  |TAMS 0x0000000084a00000, 0x0000000084a00000| Untracked 
|  74|0x0000000084a00000, 0x0000000084b00000, 0x0000000084b00000|100%| O|  |TAMS 0x0000000084b00000, 0x0000000084b00000| Untracked 
|  75|0x0000000084b00000, 0x0000000084c00000, 0x0000000084c00000|100%| O|  |TAMS 0x0000000084c00000, 0x0000000084c00000| Untracked 
|  76|0x0000000084c00000, 0x0000000084d00000, 0x0000000084d00000|100%| O|  |TAMS 0x0000000084d00000, 0x0000000084d00000| Untracked 
|  77|0x0000000084d00000, 0x0000000084e00000, 0x0000000084e00000|100%| O|  |TAMS 0x0000000084e00000, 0x0000000084e00000| Untracked 
|  78|0x0000000084e00000, 0x0000000084f00000, 0x0000000084f00000|100%| O|  |TAMS 0x0000000084f00000, 0x0000000084f00000| Untracked 
|  79|0x0000000084f00000, 0x0000000085000000, 0x0000000085000000|100%| O|  |TAMS 0x0000000085000000, 0x0000000085000000| Untracked 
|  80|0x0000000085000000, 0x0000000085100000, 0x0000000085100000|100%| O|  |TAMS 0x0000000085100000, 0x0000000085100000| Untracked 
|  81|0x0000000085100000, 0x0000000085200000, 0x0000000085200000|100%| O|  |TAMS 0x0000000085200000, 0x0000000085200000| Untracked 
|  82|0x0000000085200000, 0x0000000085300000, 0x0000000085300000|100%| O|  |TAMS 0x0000000085300000, 0x0000000085300000| Untracked 
|  83|0x0000000085300000, 0x0000000085400000, 0x0000000085400000|100%| O|  |TAMS 0x0000000085400000, 0x0000000085400000| Untracked 
|  84|0x0000000085400000, 0x0000000085500000, 0x0000000085500000|100%| O|  |TAMS 0x0000000085500000, 0x0000000085500000| Untracked 
|  85|0x0000000085500000, 0x0000000085600000, 0x0000000085600000|100%| O|  |TAMS 0x0000000085600000, 0x0000000085600000| Untracked 
|  86|0x0000000085600000, 0x0000000085700000, 0x0000000085700000|100%| O|  |TAMS 0x0000000085700000, 0x0000000085700000| Untracked 
|  87|0x0000000085700000, 0x0000000085800000, 0x0000000085800000|100%| O|  |TAMS 0x0000000085800000, 0x0000000085800000| Untracked 
|  88|0x0000000085800000, 0x0000000085900000, 0x0000000085900000|100%| O|  |TAMS 0x0000000085900000, 0x0000000085900000| Untracked 
|  89|0x0000000085900000, 0x0000000085a00000, 0x0000000085a00000|100%| O|  |TAMS 0x0000000085a00000, 0x0000000085a00000| Untracked 
|  90|0x0000000085a00000, 0x0000000085b00000, 0x0000000085b00000|100%| O|  |TAMS 0x0000000085b00000, 0x0000000085b00000| Untracked 
|  91|0x0000000085b00000, 0x0000000085c00000, 0x0000000085c00000|100%| O|  |TAMS 0x0000000085c00000, 0x0000000085c00000| Untracked 
|  92|0x0000000085c00000, 0x0000000085d00000, 0x0000000085d00000|100%| O|  |TAMS 0x0000000085caae00, 0x0000000085d00000| Untracked 
|  93|0x0000000085d00000, 0x0000000085e00000, 0x0000000085e00000|100%| O|  |TAMS 0x0000000085d00000, 0x0000000085e00000| Untracked 
|  94|0x0000000085e00000, 0x0000000085f00000, 0x0000000085f00000|100%| O|  |TAMS 0x0000000085e00000, 0x0000000085f00000| Untracked 
|  95|0x0000000085f00000, 0x0000000086000000, 0x0000000086000000|100%| O|  |TAMS 0x0000000085f00000, 0x0000000086000000| Untracked 
|  96|0x0000000086000000, 0x0000000086100000, 0x0000000086100000|100%| O|  |TAMS 0x0000000086000000, 0x0000000086100000| Untracked 
|  97|0x0000000086100000, 0x0000000086200000, 0x0000000086200000|100%| O|  |TAMS 0x0000000086100000, 0x0000000086200000| Untracked 
|  98|0x0000000086200000, 0x0000000086300000, 0x0000000086300000|100%| O|  |TAMS 0x0000000086200000, 0x0000000086300000| Untracked 
|  99|0x0000000086300000, 0x0000000086400000, 0x0000000086400000|100%| O|  |TAMS 0x0000000086300000, 0x0000000086400000| Untracked 
| 100|0x0000000086400000, 0x0000000086500000, 0x0000000086500000|100%| O|  |TAMS 0x0000000086400000, 0x0000000086500000| Untracked 
| 101|0x0000000086500000, 0x0000000086600000, 0x0000000086600000|100%| O|  |TAMS 0x0000000086500000, 0x0000000086600000| Untracked 
| 102|0x0000000086600000, 0x0000000086700000, 0x0000000086700000|100%| O|  |TAMS 0x0000000086600000, 0x0000000086700000| Untracked 
| 103|0x0000000086700000, 0x0000000086800000, 0x0000000086800000|100%| O|  |TAMS 0x0000000086700000, 0x0000000086800000| Untracked 
| 104|0x0000000086800000, 0x0000000086900000, 0x0000000086900000|100%| O|  |TAMS 0x0000000086800000, 0x0000000086900000| Untracked 
| 105|0x0000000086900000, 0x0000000086a00000, 0x0000000086a00000|100%| O|  |TAMS 0x0000000086900000, 0x0000000086a00000| Untracked 
| 106|0x0000000086a00000, 0x0000000086b00000, 0x0000000086b00000|100%| O|  |TAMS 0x0000000086a00000, 0x0000000086b00000| Untracked 
| 107|0x0000000086b00000, 0x0000000086c00000, 0x0000000086c00000|100%| O|  |TAMS 0x0000000086b00000, 0x0000000086c00000| Untracked 
| 108|0x0000000086c00000, 0x0000000086d00000, 0x0000000086d00000|100%| O|  |TAMS 0x0000000086c00000, 0x0000000086d00000| Untracked 
| 109|0x0000000086d00000, 0x0000000086e00000, 0x0000000086e00000|100%| O|  |TAMS 0x0000000086d00000, 0x0000000086e00000| Untracked 
| 110|0x0000000086e00000, 0x0000000086f00000, 0x0000000086f00000|100%| O|  |TAMS 0x0000000086e00000, 0x0000000086f00000| Untracked 
| 111|0x0000000086f00000, 0x0000000087000000, 0x0000000087000000|100%| O|  |TAMS 0x0000000086f00000, 0x0000000087000000| Untracked 
| 112|0x0000000087000000, 0x0000000087100000, 0x0000000087100000|100%| O|  |TAMS 0x0000000087000000, 0x0000000087100000| Untracked 
| 113|0x0000000087100000, 0x0000000087200000, 0x0000000087200000|100%| O|  |TAMS 0x0000000087100000, 0x0000000087200000| Untracked 
| 114|0x0000000087200000, 0x0000000087300000, 0x0000000087300000|100%| O|  |TAMS 0x0000000087200000, 0x0000000087300000| Untracked 
| 115|0x0000000087300000, 0x0000000087400000, 0x0000000087400000|100%| O|  |TAMS 0x0000000087300000, 0x0000000087400000| Untracked 
| 116|0x0000000087400000, 0x0000000087480000, 0x0000000087500000| 50%| O|  |TAMS 0x0000000087400000, 0x0000000087480000| Untracked 
| 117|0x0000000087500000, 0x0000000087500000, 0x0000000087600000|  0%| F|  |TAMS 0x0000000087500000, 0x0000000087500000| Untracked 
| 118|0x0000000087600000, 0x0000000087600000, 0x0000000087700000|  0%| F|  |TAMS 0x0000000087600000, 0x0000000087600000| Untracked 
| 119|0x0000000087700000, 0x0000000087700000, 0x0000000087800000|  0%| F|  |TAMS 0x0000000087700000, 0x0000000087700000| Untracked 
| 120|0x0000000087800000, 0x0000000087800000, 0x0000000087900000|  0%| F|  |TAMS 0x0000000087800000, 0x0000000087800000| Untracked 
| 121|0x0000000087900000, 0x0000000087900000, 0x0000000087a00000|  0%| F|  |TAMS 0x0000000087900000, 0x0000000087900000| Untracked 
| 122|0x0000000087a00000, 0x0000000087a00000, 0x0000000087b00000|  0%| F|  |TAMS 0x0000000087a00000, 0x0000000087a00000| Untracked 
| 123|0x0000000087b00000, 0x0000000087b00000, 0x0000000087c00000|  0%| F|  |TAMS 0x0000000087b00000, 0x0000000087b00000| Untracked 
| 124|0x0000000087c00000, 0x0000000087c00000, 0x0000000087d00000|  0%| F|  |TAMS 0x0000000087c00000, 0x0000000087c00000| Untracked 
| 125|0x0000000087d00000, 0x0000000087d00000, 0x0000000087e00000|  0%| F|  |TAMS 0x0000000087d00000, 0x0000000087d00000| Untracked 
| 126|0x0000000087e00000, 0x0000000087e00000, 0x0000000087f00000|  0%| F|  |TAMS 0x0000000087e00000, 0x0000000087e00000| Untracked 
| 127|0x0000000087f00000, 0x0000000087f00000, 0x0000000088000000|  0%| F|  |TAMS 0x0000000087f00000, 0x0000000087f00000| Untracked 
| 128|0x0000000088000000, 0x0000000088000000, 0x0000000088100000|  0%| F|  |TAMS 0x0000000088000000, 0x0000000088000000| Untracked 
| 129|0x0000000088100000, 0x0000000088100000, 0x0000000088200000|  0%| F|  |TAMS 0x0000000088100000, 0x0000000088100000| Untracked 
| 130|0x0000000088200000, 0x0000000088200000, 0x0000000088300000|  0%| F|  |TAMS 0x0000000088200000, 0x0000000088200000| Untracked 
| 131|0x0000000088300000, 0x0000000088300000, 0x0000000088400000|  0%| F|  |TAMS 0x0000000088300000, 0x0000000088300000| Untracked 
| 132|0x0000000088400000, 0x0000000088400000, 0x0000000088500000|  0%| F|  |TAMS 0x0000000088400000, 0x0000000088400000| Untracked 
| 133|0x0000000088500000, 0x0000000088500000, 0x0000000088600000|  0%| F|  |TAMS 0x0000000088500000, 0x0000000088500000| Untracked 
| 134|0x0000000088600000, 0x0000000088600000, 0x0000000088700000|  0%| F|  |TAMS 0x0000000088600000, 0x0000000088600000| Untracked 
| 135|0x0000000088700000, 0x0000000088700000, 0x0000000088800000|  0%| F|  |TAMS 0x0000000088700000, 0x0000000088700000| Untracked 
| 136|0x0000000088800000, 0x0000000088800000, 0x0000000088900000|  0%| F|  |TAMS 0x0000000088800000, 0x0000000088800000| Untracked 
| 137|0x0000000088900000, 0x0000000088900000, 0x0000000088a00000|  0%| F|  |TAMS 0x0000000088900000, 0x0000000088900000| Untracked 
| 138|0x0000000088a00000, 0x0000000088a00000, 0x0000000088b00000|  0%| F|  |TAMS 0x0000000088a00000, 0x0000000088a00000| Untracked 
| 139|0x0000000088b00000, 0x0000000088b00000, 0x0000000088c00000|  0%| F|  |TAMS 0x0000000088b00000, 0x0000000088b00000| Untracked 
| 140|0x0000000088c00000, 0x0000000088c00000, 0x0000000088d00000|  0%| F|  |TAMS 0x0000000088c00000, 0x0000000088c00000| Untracked 
| 141|0x0000000088d00000, 0x0000000088d00000, 0x0000000088e00000|  0%| F|  |TAMS 0x0000000088d00000, 0x0000000088d00000| Untracked 
| 142|0x0000000088e00000, 0x0000000088e00000, 0x0000000088f00000|  0%| F|  |TAMS 0x0000000088e00000, 0x0000000088e00000| Untracked 
| 143|0x0000000088f00000, 0x0000000088f00000, 0x0000000089000000|  0%| F|  |TAMS 0x0000000088f00000, 0x0000000088f00000| Untracked 
| 144|0x0000000089000000, 0x0000000089000000, 0x0000000089100000|  0%| F|  |TAMS 0x0000000089000000, 0x0000000089000000| Untracked 
| 145|0x0000000089100000, 0x0000000089100000, 0x0000000089200000|  0%| F|  |TAMS 0x0000000089100000, 0x0000000089100000| Untracked 
| 146|0x0000000089200000, 0x0000000089200000, 0x0000000089300000|  0%| F|  |TAMS 0x0000000089200000, 0x0000000089200000| Untracked 
| 147|0x0000000089300000, 0x0000000089300000, 0x0000000089400000|  0%| F|  |TAMS 0x0000000089300000, 0x0000000089300000| Untracked 
| 148|0x0000000089400000, 0x0000000089400000, 0x0000000089500000|  0%| F|  |TAMS 0x0000000089400000, 0x0000000089400000| Untracked 
| 149|0x0000000089500000, 0x0000000089500000, 0x0000000089600000|  0%| F|  |TAMS 0x0000000089500000, 0x0000000089500000| Untracked 
| 150|0x0000000089600000, 0x0000000089600000, 0x0000000089700000|  0%| F|  |TAMS 0x0000000089600000, 0x0000000089600000| Untracked 
| 151|0x0000000089700000, 0x0000000089700000, 0x0000000089800000|  0%| F|  |TAMS 0x0000000089700000, 0x0000000089700000| Untracked 
| 152|0x0000000089800000, 0x0000000089800000, 0x0000000089900000|  0%| F|  |TAMS 0x0000000089800000, 0x0000000089800000| Untracked 
| 153|0x0000000089900000, 0x0000000089900000, 0x0000000089a00000|  0%| F|  |TAMS 0x0000000089900000, 0x0000000089900000| Untracked 
| 154|0x0000000089a00000, 0x0000000089a00000, 0x0000000089b00000|  0%| F|  |TAMS 0x0000000089a00000, 0x0000000089a00000| Untracked 
| 155|0x0000000089b00000, 0x0000000089b00000, 0x0000000089c00000|  0%| F|  |TAMS 0x0000000089b00000, 0x0000000089b00000| Untracked 
| 156|0x0000000089c00000, 0x0000000089c00000, 0x0000000089d00000|  0%| F|  |TAMS 0x0000000089c00000, 0x0000000089c00000| Untracked 
| 157|0x0000000089d00000, 0x0000000089d00000, 0x0000000089e00000|  0%| F|  |TAMS 0x0000000089d00000, 0x0000000089d00000| Untracked 
| 158|0x0000000089e00000, 0x0000000089e00000, 0x0000000089f00000|  0%| F|  |TAMS 0x0000000089e00000, 0x0000000089e00000| Untracked 
| 159|0x0000000089f00000, 0x0000000089f00000, 0x000000008a000000|  0%| F|  |TAMS 0x0000000089f00000, 0x0000000089f00000| Untracked 
| 160|0x000000008a000000, 0x000000008a000000, 0x000000008a100000|  0%| F|  |TAMS 0x000000008a000000, 0x000000008a000000| Untracked 
| 161|0x000000008a100000, 0x000000008a100000, 0x000000008a200000|  0%| F|  |TAMS 0x000000008a100000, 0x000000008a100000| Untracked 
| 162|0x000000008a200000, 0x000000008a200000, 0x000000008a300000|  0%| F|  |TAMS 0x000000008a200000, 0x000000008a200000| Untracked 
| 163|0x000000008a300000, 0x000000008a300000, 0x000000008a400000|  0%| F|  |TAMS 0x000000008a300000, 0x000000008a300000| Untracked 
| 164|0x000000008a400000, 0x000000008a400000, 0x000000008a500000|  0%| F|  |TAMS 0x000000008a400000, 0x000000008a400000| Untracked 
| 165|0x000000008a500000, 0x000000008a500000, 0x000000008a600000|  0%| F|  |TAMS 0x000000008a500000, 0x000000008a500000| Untracked 
| 166|0x000000008a600000, 0x000000008a600000, 0x000000008a700000|  0%| F|  |TAMS 0x000000008a600000, 0x000000008a600000| Untracked 
| 167|0x000000008a700000, 0x000000008a700000, 0x000000008a800000|  0%| F|  |TAMS 0x000000008a700000, 0x000000008a700000| Untracked 
| 168|0x000000008a800000, 0x000000008a800000, 0x000000008a900000|  0%| F|  |TAMS 0x000000008a800000, 0x000000008a800000| Untracked 
| 169|0x000000008a900000, 0x000000008a900000, 0x000000008aa00000|  0%| F|  |TAMS 0x000000008a900000, 0x000000008a900000| Untracked 
| 170|0x000000008aa00000, 0x000000008aa00000, 0x000000008ab00000|  0%| F|  |TAMS 0x000000008aa00000, 0x000000008aa00000| Untracked 
| 171|0x000000008ab00000, 0x000000008ab00000, 0x000000008ac00000|  0%| F|  |TAMS 0x000000008ab00000, 0x000000008ab00000| Untracked 
| 172|0x000000008ac00000, 0x000000008ac00000, 0x000000008ad00000|  0%| F|  |TAMS 0x000000008ac00000, 0x000000008ac00000| Untracked 
| 173|0x000000008ad00000, 0x000000008ad00000, 0x000000008ae00000|  0%| F|  |TAMS 0x000000008ad00000, 0x000000008ad00000| Untracked 
| 174|0x000000008ae00000, 0x000000008ae00000, 0x000000008af00000|  0%| F|  |TAMS 0x000000008ae00000, 0x000000008ae00000| Untracked 
| 175|0x000000008af00000, 0x000000008af00000, 0x000000008b000000|  0%| F|  |TAMS 0x000000008af00000, 0x000000008af00000| Untracked 
| 176|0x000000008b000000, 0x000000008b000000, 0x000000008b100000|  0%| F|  |TAMS 0x000000008b000000, 0x000000008b000000| Untracked 
| 177|0x000000008b100000, 0x000000008b100000, 0x000000008b200000|  0%| F|  |TAMS 0x000000008b100000, 0x000000008b100000| Untracked 
| 178|0x000000008b200000, 0x000000008b200000, 0x000000008b300000|  0%| F|  |TAMS 0x000000008b200000, 0x000000008b200000| Untracked 
| 179|0x000000008b300000, 0x000000008b300000, 0x000000008b400000|  0%| F|  |TAMS 0x000000008b300000, 0x000000008b300000| Untracked 
| 180|0x000000008b400000, 0x000000008b400000, 0x000000008b500000|  0%| F|  |TAMS 0x000000008b400000, 0x000000008b400000| Untracked 
| 181|0x000000008b500000, 0x000000008b500000, 0x000000008b600000|  0%| F|  |TAMS 0x000000008b500000, 0x000000008b500000| Untracked 
| 182|0x000000008b600000, 0x000000008b600000, 0x000000008b700000|  0%| F|  |TAMS 0x000000008b600000, 0x000000008b600000| Untracked 
| 183|0x000000008b700000, 0x000000008b700000, 0x000000008b800000|  0%| F|  |TAMS 0x000000008b700000, 0x000000008b700000| Untracked 
| 184|0x000000008b800000, 0x000000008b800000, 0x000000008b900000|  0%| F|  |TAMS 0x000000008b800000, 0x000000008b800000| Untracked 
| 185|0x000000008b900000, 0x000000008b900000, 0x000000008ba00000|  0%| F|  |TAMS 0x000000008b900000, 0x000000008b900000| Untracked 
| 186|0x000000008ba00000, 0x000000008ba00000, 0x000000008bb00000|  0%| F|  |TAMS 0x000000008ba00000, 0x000000008ba00000| Untracked 
| 187|0x000000008bb00000, 0x000000008bb00000, 0x000000008bc00000|  0%| F|  |TAMS 0x000000008bb00000, 0x000000008bb00000| Untracked 
| 188|0x000000008bc00000, 0x000000008bc00000, 0x000000008bd00000|  0%| F|  |TAMS 0x000000008bc00000, 0x000000008bc00000| Untracked 
| 189|0x000000008bd00000, 0x000000008bd00000, 0x000000008be00000|  0%| F|  |TAMS 0x000000008bd00000, 0x000000008bd00000| Untracked 
| 190|0x000000008be00000, 0x000000008be00000, 0x000000008bf00000|  0%| F|  |TAMS 0x000000008be00000, 0x000000008be00000| Untracked 
| 191|0x000000008bf00000, 0x000000008bf00000, 0x000000008c000000|  0%| F|  |TAMS 0x000000008bf00000, 0x000000008bf00000| Untracked 
| 192|0x000000008c000000, 0x000000008c000000, 0x000000008c100000|  0%| F|  |TAMS 0x000000008c000000, 0x000000008c000000| Untracked 
| 193|0x000000008c100000, 0x000000008c100000, 0x000000008c200000|  0%| F|  |TAMS 0x000000008c100000, 0x000000008c100000| Untracked 
| 194|0x000000008c200000, 0x000000008c200000, 0x000000008c300000|  0%| F|  |TAMS 0x000000008c200000, 0x000000008c200000| Untracked 
| 195|0x000000008c300000, 0x000000008c300000, 0x000000008c400000|  0%| F|  |TAMS 0x000000008c300000, 0x000000008c300000| Untracked 
| 196|0x000000008c400000, 0x000000008c400000, 0x000000008c500000|  0%| F|  |TAMS 0x000000008c400000, 0x000000008c400000| Untracked 
| 197|0x000000008c500000, 0x000000008c500000, 0x000000008c600000|  0%| F|  |TAMS 0x000000008c500000, 0x000000008c500000| Untracked 
| 198|0x000000008c600000, 0x000000008c600000, 0x000000008c700000|  0%| F|  |TAMS 0x000000008c600000, 0x000000008c600000| Untracked 
| 199|0x000000008c700000, 0x000000008c700000, 0x000000008c800000|  0%| F|  |TAMS 0x000000008c700000, 0x000000008c700000| Untracked 
| 200|0x000000008c800000, 0x000000008c800000, 0x000000008c900000|  0%| F|  |TAMS 0x000000008c800000, 0x000000008c800000| Untracked 
| 201|0x000000008c900000, 0x000000008c900000, 0x000000008ca00000|  0%| F|  |TAMS 0x000000008c900000, 0x000000008c900000| Untracked 
| 202|0x000000008ca00000, 0x000000008ca00000, 0x000000008cb00000|  0%| F|  |TAMS 0x000000008ca00000, 0x000000008ca00000| Untracked 
| 203|0x000000008cb00000, 0x000000008cb00000, 0x000000008cc00000|  0%| F|  |TAMS 0x000000008cb00000, 0x000000008cb00000| Untracked 
| 204|0x000000008cc00000, 0x000000008cc00000, 0x000000008cd00000|  0%| F|  |TAMS 0x000000008cc00000, 0x000000008cc00000| Untracked 
| 205|0x000000008cd00000, 0x000000008cd00000, 0x000000008ce00000|  0%| F|  |TAMS 0x000000008cd00000, 0x000000008cd00000| Untracked 
| 206|0x000000008ce00000, 0x000000008ce00000, 0x000000008cf00000|  0%| F|  |TAMS 0x000000008ce00000, 0x000000008ce00000| Untracked 
| 207|0x000000008cf00000, 0x000000008cf00000, 0x000000008d000000|  0%| F|  |TAMS 0x000000008cf00000, 0x000000008cf00000| Untracked 
| 208|0x000000008d000000, 0x000000008d000000, 0x000000008d100000|  0%| F|  |TAMS 0x000000008d000000, 0x000000008d000000| Untracked 
| 209|0x000000008d100000, 0x000000008d100000, 0x000000008d200000|  0%| F|  |TAMS 0x000000008d100000, 0x000000008d100000| Untracked 
| 210|0x000000008d200000, 0x000000008d200000, 0x000000008d300000|  0%| F|  |TAMS 0x000000008d200000, 0x000000008d200000| Untracked 
| 211|0x000000008d300000, 0x000000008d300000, 0x000000008d400000|  0%| F|  |TAMS 0x000000008d300000, 0x000000008d300000| Untracked 
| 212|0x000000008d400000, 0x000000008d400000, 0x000000008d500000|  0%| F|  |TAMS 0x000000008d400000, 0x000000008d400000| Untracked 
| 213|0x000000008d500000, 0x000000008d500000, 0x000000008d600000|  0%| F|  |TAMS 0x000000008d500000, 0x000000008d500000| Untracked 
| 214|0x000000008d600000, 0x000000008d600000, 0x000000008d700000|  0%| F|  |TAMS 0x000000008d600000, 0x000000008d600000| Untracked 
| 215|0x000000008d700000, 0x000000008d700000, 0x000000008d800000|  0%| F|  |TAMS 0x000000008d700000, 0x000000008d700000| Untracked 
| 216|0x000000008d800000, 0x000000008d800000, 0x000000008d900000|  0%| F|  |TAMS 0x000000008d800000, 0x000000008d800000| Untracked 
| 217|0x000000008d900000, 0x000000008d900000, 0x000000008da00000|  0%| F|  |TAMS 0x000000008d900000, 0x000000008d900000| Untracked 
| 218|0x000000008da00000, 0x000000008da00000, 0x000000008db00000|  0%| F|  |TAMS 0x000000008da00000, 0x000000008da00000| Untracked 
| 219|0x000000008db00000, 0x000000008db00000, 0x000000008dc00000|  0%| F|  |TAMS 0x000000008db00000, 0x000000008db00000| Untracked 
| 220|0x000000008dc00000, 0x000000008dc00000, 0x000000008dd00000|  0%| F|  |TAMS 0x000000008dc00000, 0x000000008dc00000| Untracked 
| 221|0x000000008dd00000, 0x000000008dd00000, 0x000000008de00000|  0%| F|  |TAMS 0x000000008dd00000, 0x000000008dd00000| Untracked 
| 222|0x000000008de00000, 0x000000008de00000, 0x000000008df00000|  0%| F|  |TAMS 0x000000008de00000, 0x000000008de00000| Untracked 
| 223|0x000000008df00000, 0x000000008df00000, 0x000000008e000000|  0%| F|  |TAMS 0x000000008df00000, 0x000000008df00000| Untracked 
| 224|0x000000008e000000, 0x000000008e010018, 0x000000008e100000|  6%| S|CS|TAMS 0x000000008e000000, 0x000000008e000000| Complete 
| 225|0x000000008e100000, 0x000000008e200000, 0x000000008e200000|100%| S|CS|TAMS 0x000000008e100000, 0x000000008e100000| Complete 
| 226|0x000000008e200000, 0x000000008e300000, 0x000000008e300000|100%| S|CS|TAMS 0x000000008e200000, 0x000000008e200000| Complete 
| 227|0x000000008e300000, 0x000000008e400000, 0x000000008e400000|100%| S|CS|TAMS 0x000000008e300000, 0x000000008e300000| Complete 
| 228|0x000000008e400000, 0x000000008e500000, 0x000000008e500000|100%| S|CS|TAMS 0x000000008e400000, 0x000000008e400000| Complete 
| 229|0x000000008e500000, 0x000000008e500000, 0x000000008e600000|  0%| F|  |TAMS 0x000000008e500000, 0x000000008e500000| Untracked 
| 230|0x000000008e600000, 0x000000008e600000, 0x000000008e700000|  0%| F|  |TAMS 0x000000008e600000, 0x000000008e600000| Untracked 
| 231|0x000000008e700000, 0x000000008e700000, 0x000000008e800000|  0%| F|  |TAMS 0x000000008e700000, 0x000000008e700000| Untracked 
| 232|0x000000008e800000, 0x000000008e800000, 0x000000008e900000|  0%| F|  |TAMS 0x000000008e800000, 0x000000008e800000| Untracked 
| 233|0x000000008e900000, 0x000000008e900000, 0x000000008ea00000|  0%| F|  |TAMS 0x000000008e900000, 0x000000008e900000| Untracked 
| 234|0x000000008ea00000, 0x000000008ea00000, 0x000000008eb00000|  0%| F|  |TAMS 0x000000008ea00000, 0x000000008ea00000| Untracked 
| 235|0x000000008eb00000, 0x000000008eb00000, 0x000000008ec00000|  0%| F|  |TAMS 0x000000008eb00000, 0x000000008eb00000| Untracked 
| 236|0x000000008ec00000, 0x000000008ec00000, 0x000000008ed00000|  0%| F|  |TAMS 0x000000008ec00000, 0x000000008ec00000| Untracked 
| 237|0x000000008ed00000, 0x000000008ed00000, 0x000000008ee00000|  0%| F|  |TAMS 0x000000008ed00000, 0x000000008ed00000| Untracked 
| 238|0x000000008ee00000, 0x000000008ee00000, 0x000000008ef00000|  0%| F|  |TAMS 0x000000008ee00000, 0x000000008ee00000| Untracked 
| 239|0x000000008ef00000, 0x000000008ef00000, 0x000000008f000000|  0%| F|  |TAMS 0x000000008ef00000, 0x000000008ef00000| Untracked 
| 240|0x000000008f000000, 0x000000008f000000, 0x000000008f100000|  0%| F|  |TAMS 0x000000008f000000, 0x000000008f000000| Untracked 
| 241|0x000000008f100000, 0x000000008f100000, 0x000000008f200000|  0%| F|  |TAMS 0x000000008f100000, 0x000000008f100000| Untracked 
| 242|0x000000008f200000, 0x000000008f200000, 0x000000008f300000|  0%| F|  |TAMS 0x000000008f200000, 0x000000008f200000| Untracked 
| 243|0x000000008f300000, 0x000000008f300000, 0x000000008f400000|  0%| F|  |TAMS 0x000000008f300000, 0x000000008f300000| Untracked 
| 244|0x000000008f400000, 0x000000008f400000, 0x000000008f500000|  0%| F|  |TAMS 0x000000008f400000, 0x000000008f400000| Untracked 
| 245|0x000000008f500000, 0x000000008f500000, 0x000000008f600000|  0%| F|  |TAMS 0x000000008f500000, 0x000000008f500000| Untracked 
| 246|0x000000008f600000, 0x000000008f600000, 0x000000008f700000|  0%| F|  |TAMS 0x000000008f600000, 0x000000008f600000| Untracked 
| 247|0x000000008f700000, 0x000000008f700000, 0x000000008f800000|  0%| F|  |TAMS 0x000000008f700000, 0x000000008f700000| Untracked 
| 248|0x000000008f800000, 0x000000008f800000, 0x000000008f900000|  0%| F|  |TAMS 0x000000008f800000, 0x000000008f800000| Untracked 
| 249|0x000000008f900000, 0x000000008f900000, 0x000000008fa00000|  0%| F|  |TAMS 0x000000008f900000, 0x000000008f900000| Untracked 
| 250|0x000000008fa00000, 0x000000008fa00000, 0x000000008fb00000|  0%| F|  |TAMS 0x000000008fa00000, 0x000000008fa00000| Untracked 
| 251|0x000000008fb00000, 0x000000008fb00000, 0x000000008fc00000|  0%| F|  |TAMS 0x000000008fb00000, 0x000000008fb00000| Untracked 
| 252|0x000000008fc00000, 0x000000008fc00000, 0x000000008fd00000|  0%| F|  |TAMS 0x000000008fc00000, 0x000000008fc00000| Untracked 
| 253|0x000000008fd00000, 0x000000008fd00000, 0x000000008fe00000|  0%| F|  |TAMS 0x000000008fd00000, 0x000000008fd00000| Untracked 
| 254|0x000000008fe00000, 0x000000008fe00000, 0x000000008ff00000|  0%| F|  |TAMS 0x000000008fe00000, 0x000000008fe00000| Untracked 
| 255|0x000000008ff00000, 0x000000008ff00000, 0x0000000090000000|  0%| F|  |TAMS 0x000000008ff00000, 0x000000008ff00000| Untracked 
| 256|0x0000000090000000, 0x0000000090000000, 0x0000000090100000|  0%| F|  |TAMS 0x0000000090000000, 0x0000000090000000| Untracked 
| 257|0x0000000090100000, 0x0000000090100000, 0x0000000090200000|  0%| F|  |TAMS 0x0000000090100000, 0x0000000090100000| Untracked 
| 258|0x0000000090200000, 0x0000000090200000, 0x0000000090300000|  0%| F|  |TAMS 0x0000000090200000, 0x0000000090200000| Untracked 
| 259|0x0000000090300000, 0x0000000090300000, 0x0000000090400000|  0%| F|  |TAMS 0x0000000090300000, 0x0000000090300000| Untracked 
| 260|0x0000000090400000, 0x0000000090400000, 0x0000000090500000|  0%| F|  |TAMS 0x0000000090400000, 0x0000000090400000| Untracked 
| 261|0x0000000090500000, 0x0000000090500000, 0x0000000090600000|  0%| F|  |TAMS 0x0000000090500000, 0x0000000090500000| Untracked 
| 262|0x0000000090600000, 0x0000000090600000, 0x0000000090700000|  0%| F|  |TAMS 0x0000000090600000, 0x0000000090600000| Untracked 
| 263|0x0000000090700000, 0x0000000090700000, 0x0000000090800000|  0%| F|  |TAMS 0x0000000090700000, 0x0000000090700000| Untracked 
| 264|0x0000000090800000, 0x0000000090800000, 0x0000000090900000|  0%| F|  |TAMS 0x0000000090800000, 0x0000000090800000| Untracked 
| 265|0x0000000090900000, 0x0000000090900000, 0x0000000090a00000|  0%| F|  |TAMS 0x0000000090900000, 0x0000000090900000| Untracked 
| 266|0x0000000090a00000, 0x0000000090a00000, 0x0000000090b00000|  0%| F|  |TAMS 0x0000000090a00000, 0x0000000090a00000| Untracked 
| 267|0x0000000090b00000, 0x0000000090b00000, 0x0000000090c00000|  0%| F|  |TAMS 0x0000000090b00000, 0x0000000090b00000| Untracked 
| 268|0x0000000090c00000, 0x0000000090c00000, 0x0000000090d00000|  0%| F|  |TAMS 0x0000000090c00000, 0x0000000090c00000| Untracked 
| 269|0x0000000090d00000, 0x0000000090d00000, 0x0000000090e00000|  0%| F|  |TAMS 0x0000000090d00000, 0x0000000090d00000| Untracked 
| 270|0x0000000090e00000, 0x0000000090e00000, 0x0000000090f00000|  0%| F|  |TAMS 0x0000000090e00000, 0x0000000090e00000| Untracked 
| 271|0x0000000090f00000, 0x0000000090f00000, 0x0000000091000000|  0%| F|  |TAMS 0x0000000090f00000, 0x0000000090f00000| Untracked 
| 272|0x0000000091000000, 0x0000000091000000, 0x0000000091100000|  0%| F|  |TAMS 0x0000000091000000, 0x0000000091000000| Untracked 
| 273|0x0000000091100000, 0x0000000091100000, 0x0000000091200000|  0%| F|  |TAMS 0x0000000091100000, 0x0000000091100000| Untracked 
| 274|0x0000000091200000, 0x0000000091200000, 0x0000000091300000|  0%| F|  |TAMS 0x0000000091200000, 0x0000000091200000| Untracked 
| 275|0x0000000091300000, 0x0000000091300000, 0x0000000091400000|  0%| F|  |TAMS 0x0000000091300000, 0x0000000091300000| Untracked 
| 276|0x0000000091400000, 0x0000000091400000, 0x0000000091500000|  0%| F|  |TAMS 0x0000000091400000, 0x0000000091400000| Untracked 
| 277|0x0000000091500000, 0x0000000091500000, 0x0000000091600000|  0%| F|  |TAMS 0x0000000091500000, 0x0000000091500000| Untracked 
| 278|0x0000000091600000, 0x0000000091600000, 0x0000000091700000|  0%| F|  |TAMS 0x0000000091600000, 0x0000000091600000| Untracked 
| 279|0x0000000091700000, 0x0000000091700000, 0x0000000091800000|  0%| F|  |TAMS 0x0000000091700000, 0x0000000091700000| Untracked 
| 280|0x0000000091800000, 0x0000000091800000, 0x0000000091900000|  0%| F|  |TAMS 0x0000000091800000, 0x0000000091800000| Untracked 
| 281|0x0000000091900000, 0x0000000091900000, 0x0000000091a00000|  0%| F|  |TAMS 0x0000000091900000, 0x0000000091900000| Untracked 
| 282|0x0000000091a00000, 0x0000000091a00000, 0x0000000091b00000|  0%| F|  |TAMS 0x0000000091a00000, 0x0000000091a00000| Untracked 
| 283|0x0000000091b00000, 0x0000000091b00000, 0x0000000091c00000|  0%| F|  |TAMS 0x0000000091b00000, 0x0000000091b00000| Untracked 
| 284|0x0000000091c00000, 0x0000000091c00000, 0x0000000091d00000|  0%| F|  |TAMS 0x0000000091c00000, 0x0000000091c00000| Untracked 
| 285|0x0000000091d00000, 0x0000000091d00000, 0x0000000091e00000|  0%| F|  |TAMS 0x0000000091d00000, 0x0000000091d00000| Untracked 
| 286|0x0000000091e00000, 0x0000000091e00000, 0x0000000091f00000|  0%| F|  |TAMS 0x0000000091e00000, 0x0000000091e00000| Untracked 
| 287|0x0000000091f00000, 0x0000000091f00000, 0x0000000092000000|  0%| F|  |TAMS 0x0000000091f00000, 0x0000000091f00000| Untracked 
| 288|0x0000000092000000, 0x0000000092000000, 0x0000000092100000|  0%| F|  |TAMS 0x0000000092000000, 0x0000000092000000| Untracked 
| 289|0x0000000092100000, 0x0000000092100000, 0x0000000092200000|  0%| F|  |TAMS 0x0000000092100000, 0x0000000092100000| Untracked 
| 290|0x0000000092200000, 0x0000000092200000, 0x0000000092300000|  0%| F|  |TAMS 0x0000000092200000, 0x0000000092200000| Untracked 
| 291|0x0000000092300000, 0x0000000092300000, 0x0000000092400000|  0%| F|  |TAMS 0x0000000092300000, 0x0000000092300000| Untracked 
| 292|0x0000000092400000, 0x0000000092400000, 0x0000000092500000|  0%| F|  |TAMS 0x0000000092400000, 0x0000000092400000| Untracked 
| 293|0x0000000092500000, 0x0000000092500000, 0x0000000092600000|  0%| F|  |TAMS 0x0000000092500000, 0x0000000092500000| Untracked 
| 294|0x0000000092600000, 0x0000000092600000, 0x0000000092700000|  0%| F|  |TAMS 0x0000000092600000, 0x0000000092600000| Untracked 
| 295|0x0000000092700000, 0x0000000092700000, 0x0000000092800000|  0%| F|  |TAMS 0x0000000092700000, 0x0000000092700000| Untracked 
| 296|0x0000000092800000, 0x0000000092800000, 0x0000000092900000|  0%| F|  |TAMS 0x0000000092800000, 0x0000000092800000| Untracked 
| 297|0x0000000092900000, 0x0000000092900000, 0x0000000092a00000|  0%| F|  |TAMS 0x0000000092900000, 0x0000000092900000| Untracked 
| 298|0x0000000092a00000, 0x0000000092a00000, 0x0000000092b00000|  0%| F|  |TAMS 0x0000000092a00000, 0x0000000092a00000| Untracked 
| 299|0x0000000092b00000, 0x0000000092b00000, 0x0000000092c00000|  0%| F|  |TAMS 0x0000000092b00000, 0x0000000092b00000| Untracked 
| 300|0x0000000092c00000, 0x0000000092c00000, 0x0000000092d00000|  0%| F|  |TAMS 0x0000000092c00000, 0x0000000092c00000| Untracked 
| 301|0x0000000092d00000, 0x0000000092d00000, 0x0000000092e00000|  0%| F|  |TAMS 0x0000000092d00000, 0x0000000092d00000| Untracked 
| 302|0x0000000092e00000, 0x0000000092e00000, 0x0000000092f00000|  0%| F|  |TAMS 0x0000000092e00000, 0x0000000092e00000| Untracked 
| 303|0x0000000092f00000, 0x0000000092f00000, 0x0000000093000000|  0%| F|  |TAMS 0x0000000092f00000, 0x0000000092f00000| Untracked 
| 304|0x0000000093000000, 0x0000000093000000, 0x0000000093100000|  0%| F|  |TAMS 0x0000000093000000, 0x0000000093000000| Untracked 

Card table byte_map: [0x00000255dc100000,0x00000255dc500000] _byte_map_base: 0x00000255dbd00000

Marking Bits (Prev, Next): (CMBitMap*) 0x00000255c92401b0, (CMBitMap*) 0x00000255c9240178
 Prev Bits: [0x00000255de900000, 0x00000255e0900000)
 Next Bits: [0x00000255dc900000, 0x00000255de900000)

Polling page: 0x00000255c7210000

Metaspace:

Usage:
  Non-class:    100.72 MB capacity,    98.84 MB ( 98%) used,     1.49 MB (  1%) free+waste,   388.75 KB ( <1%) overhead. 
      Class:     15.47 MB capacity,    14.30 MB ( 92%) used,  1018.77 KB (  6%) free+waste,   176.00 KB (  1%) overhead. 
       Both:    116.19 MB capacity,   113.15 MB ( 97%) used,     2.49 MB (  2%) free+waste,   564.75 KB ( <1%) overhead. 

Virtual space:
  Non-class space:      114.00 MB reserved,     100.74 MB ( 88%) committed 
      Class space:        1.00 GB reserved,      15.50 MB (  2%) committed 
             Both:        1.11 GB reserved,     116.24 MB ( 10%) committed 

Chunk freelists:
   Non-Class:  21.00 KB
       Class:  0 bytes
        Both:  21.00 KB

MaxMetaspaceSize: 17179869184.00 GB
CompressedClassSpaceSize: 1.00 GB

CodeHeap 'non-profiled nmethods': size=120064Kb used=9709Kb max_used=9709Kb free=110354Kb
 bounds [0x00000255d47c0000, 0x00000255d5140000, 0x00000255dbd00000]
CodeHeap 'profiled nmethods': size=120000Kb used=39906Kb max_used=39906Kb free=80093Kb
 bounds [0x00000255cd290000, 0x00000255cf990000, 0x00000255d47c0000]
CodeHeap 'non-nmethods': size=5696Kb used=2313Kb max_used=2362Kb free=3383Kb
 bounds [0x00000255ccd00000, 0x00000255ccf70000, 0x00000255cd290000]
 total_blobs=18347 nmethods=17413 adapters=845
 compilation: enabled
              stopped_count=0, restarted_count=0
 full_count=0

Compilation events (20 events):
Event: 42.450 Thread 0x00000255e36c3000 17664       3       com.android.tools.r8.graph.y::equals (57 bytes)
Event: 42.451 Thread 0x00000255e36c3000 nmethod 17664 0x00000255cf983310 code [0x00000255cf983540, 0x00000255cf983e38]
Event: 42.451 Thread 0x00000255e36c3000 17672       3       com.android.tools.r8.graph.y::<init> (116 bytes)
Event: 42.453 Thread 0x00000255e36c3000 nmethod 17672 0x00000255cf984090 code [0x00000255cf9844a0, 0x00000255cf9866c8]
Event: 42.453 Thread 0x00000255e36c3000 17666       3       com.android.tools.r8.graph.y::hashCode (23 bytes)
Event: 42.454 Thread 0x00000255e36c3000 nmethod 17666 0x00000255cf987190 code [0x00000255cf987360, 0x00000255cf9875b8]
Event: 42.454 Thread 0x00000255e36c3000 17633       3       com.android.tools.r8.internal.eF0::a (38 bytes)
Event: 42.454 Thread 0x00000255e36c3000 nmethod 17633 0x00000255cf987710 code [0x00000255cf9878c0, 0x00000255cf987a78]
Event: 42.454 Thread 0x00000255e36c3000 17626       2       com.android.tools.r8.internal.TQ0$$Lambda$1815/0x0000000100f3f040::test (12 bytes)
Event: 42.454 Thread 0x00000255e36c3000 nmethod 17626 0x00000255cf987b10 code [0x00000255cf987cc0, 0x00000255cf987e28]
Event: 42.454 Thread 0x00000255e36c3000 17627       2       com.android.tools.r8.internal.TQ0::a (13 bytes)
Event: 42.455 Thread 0x00000255e36c3000 nmethod 17627 0x00000255cf987f10 code [0x00000255cf9880c0, 0x00000255cf9881c8]
Event: 42.455 Thread 0x00000255e36c3000 17629       1       com.android.tools.r8.graph.K1::d (5 bytes)
Event: 42.455 Thread 0x00000255e36c3000 nmethod 17629 0x00000255d513ad10 code [0x00000255d513aec0, 0x00000255d513af58]
Event: 42.455 Thread 0x00000255e36c3000 17673       1       com.android.tools.r8.graph.C::f (5 bytes)
Event: 42.455 Thread 0x00000255e36c3000 nmethod 17673 0x00000255d513b010 code [0x00000255d513b1c0, 0x00000255d513b278]
Event: 42.457 Thread 0x00000255e36c3000 17674       3       com.android.tools.r8.dex.y$$Lambda$1919/0x0000000100f68c40::apply (14 bytes)
Event: 42.457 Thread 0x00000255e36c3000 nmethod 17674 0x00000255cf988290 code [0x00000255cf988460, 0x00000255cf988708]
Event: 42.457 Thread 0x00000255e36c3000 17675       3       com.android.tools.r8.code.w0::w (8 bytes)
Event: 42.457 Thread 0x00000255e36c3000 nmethod 17675 0x00000255cf988810 code [0x00000255cf9889c0, 0x00000255cf988ad8]

GC Heap History (20 events):
Event: 13.209 GC heap before
{Heap before GC invocations=10 (full 0):
 garbage-first heap   total 260096K, used 170575K [0x0000000080000000, 0x0000000100000000)
  region size 1024K, 147 young (150528K), 14 survivors (14336K)
 Metaspace       used 55132K, capacity 56403K, committed 56656K, reserved 1097728K
  class space    used 6983K, capacity 7454K, committed 7552K, reserved 1048576K
}
Event: 13.239 GC heap after
{Heap after GC invocations=11 (full 0):
 garbage-first heap   total 260096K, used 46252K [0x0000000080000000, 0x0000000100000000)
  region size 1024K, 19 young (19456K), 19 survivors (19456K)
 Metaspace       used 55132K, capacity 56403K, committed 56656K, reserved 1097728K
  class space    used 6983K, capacity 7454K, committed 7552K, reserved 1048576K
}
Event: 13.969 GC heap before
{Heap before GC invocations=11 (full 0):
 garbage-first heap   total 260096K, used 70828K [0x0000000080000000, 0x0000000100000000)
  region size 1024K, 44 young (45056K), 19 survivors (19456K)
 Metaspace       used 58760K, capacity 60098K, committed 60240K, reserved 1101824K
  class space    used 7459K, capacity 7981K, committed 8064K, reserved 1048576K
}
Event: 13.998 GC heap after
{Heap after GC invocations=12 (full 0):
 garbage-first heap   total 260096K, used 48128K [0x0000000080000000, 0x0000000100000000)
  region size 1024K, 2 young (2048K), 2 survivors (2048K)
 Metaspace       used 58760K, capacity 60098K, committed 60240K, reserved 1101824K
  class space    used 7459K, capacity 7981K, committed 8064K, reserved 1048576K
}
Event: 17.797 GC heap before
{Heap before GC invocations=13 (full 0):
 garbage-first heap   total 260096K, used 201728K [0x0000000080000000, 0x0000000100000000)
  region size 1024K, 148 young (151552K), 2 survivors (2048K)
 Metaspace       used 69505K, capacity 71053K, committed 71376K, reserved 1112064K
  class space    used 8992K, capacity 9606K, committed 9728K, reserved 1048576K
}
Event: 17.819 GC heap after
{Heap after GC invocations=14 (full 0):
 garbage-first heap   total 312320K, used 63356K [0x0000000080000000, 0x0000000100000000)
  region size 1024K, 13 young (13312K), 13 survivors (13312K)
 Metaspace       used 69505K, capacity 71053K, committed 71376K, reserved 1112064K
  class space    used 8992K, capacity 9606K, committed 9728K, reserved 1048576K
}
Event: 22.743 GC heap before
{Heap before GC invocations=14 (full 0):
 garbage-first heap   total 312320K, used 226172K [0x0000000080000000, 0x0000000100000000)
  region size 1024K, 173 young (177152K), 13 survivors (13312K)
 Metaspace       used 80727K, capacity 82741K, committed 83024K, reserved 1120256K
  class space    used 10546K, capacity 11352K, committed 11392K, reserved 1048576K
}
Event: 22.782 GC heap after
{Heap after GC invocations=15 (full 0):
 garbage-first heap   total 312320K, used 74867K [0x0000000080000000, 0x0000000100000000)
  region size 1024K, 12 young (12288K), 12 survivors (12288K)
 Metaspace       used 80727K, capacity 82741K, committed 83024K, reserved 1120256K
  class space    used 10546K, capacity 11352K, committed 11392K, reserved 1048576K
}
Event: 28.046 GC heap before
{Heap before GC invocations=15 (full 0):
 garbage-first heap   total 312320K, used 239731K [0x0000000080000000, 0x0000000100000000)
  region size 1024K, 171 young (175104K), 12 survivors (12288K)
 Metaspace       used 92421K, capacity 94832K, committed 95056K, reserved 1132544K
  class space    used 11741K, capacity 12652K, committed 12672K, reserved 1048576K
}
Event: 28.102 GC heap after
{Heap after GC invocations=16 (full 0):
 garbage-first heap   total 312320K, used 94685K [0x0000000080000000, 0x0000000100000000)
  region size 1024K, 22 young (22528K), 22 survivors (22528K)
 Metaspace       used 92421K, capacity 94832K, committed 95056K, reserved 1132544K
  class space    used 11741K, capacity 12652K, committed 12672K, reserved 1048576K
}
Event: 29.702 GC heap before
{Heap before GC invocations=16 (full 0):
 garbage-first heap   total 312320K, used 146909K [0x0000000080000000, 0x0000000100000000)
  region size 1024K, 74 young (75776K), 22 survivors (22528K)
 Metaspace       used 98332K, capacity 100702K, committed 100828K, reserved 1136640K
  class space    used 12456K, capacity 13366K, committed 13440K, reserved 1048576K
}
Event: 29.769 GC heap after
{Heap after GC invocations=17 (full 0):
 garbage-first heap   total 312320K, used 98475K [0x0000000080000000, 0x0000000100000000)
  region size 1024K, 4 young (4096K), 4 survivors (4096K)
 Metaspace       used 98332K, capacity 100702K, committed 100828K, reserved 1136640K
  class space    used 12456K, capacity 13366K, committed 13440K, reserved 1048576K
}
Event: 32.687 GC heap before
{Heap before GC invocations=18 (full 0):
 garbage-first heap   total 312320K, used 202923K [0x0000000080000000, 0x0000000100000000)
  region size 1024K, 106 young (108544K), 4 survivors (4096K)
 Metaspace       used 100886K, capacity 103361K, committed 103540K, reserved 1138688K
  class space    used 12708K, capacity 13607K, committed 13696K, reserved 1048576K
}
Event: 32.701 GC heap after
{Heap after GC invocations=19 (full 0):
 garbage-first heap   total 312320K, used 101379K [0x0000000080000000, 0x0000000100000000)
  region size 1024K, 7 young (7168K), 7 survivors (7168K)
 Metaspace       used 100886K, capacity 103361K, committed 103540K, reserved 1138688K
  class space    used 12708K, capacity 13607K, committed 13696K, reserved 1048576K
}
Event: 37.443 GC heap before
{Heap before GC invocations=20 (full 0):
 garbage-first heap   total 312320K, used 209923K [0x0000000080000000, 0x0000000100000000)
  region size 1024K, 114 young (116736K), 7 survivors (7168K)
 Metaspace       used 102471K, capacity 104987K, committed 105204K, reserved 1140736K
  class space    used 12800K, capacity 13752K, committed 13824K, reserved 1048576K
}
Event: 37.476 GC heap after
{Heap after GC invocations=21 (full 0):
 garbage-first heap   total 312320K, used 109825K [0x0000000080000000, 0x0000000100000000)
  region size 1024K, 15 young (15360K), 15 survivors (15360K)
 Metaspace       used 102471K, capacity 104987K, committed 105204K, reserved 1140736K
  class space    used 12800K, capacity 13752K, committed 13824K, reserved 1048576K
}
Event: 40.459 GC heap before
{Heap before GC invocations=21 (full 0):
 garbage-first heap   total 312320K, used 221441K [0x0000000080000000, 0x0000000100000000)
  region size 1024K, 123 young (125952K), 15 survivors (15360K)
 Metaspace       used 112889K, capacity 115821K, committed 115956K, reserved 1150976K
  class space    used 14360K, capacity 15496K, committed 15616K, reserved 1048576K
}
Event: 40.506 GC heap after
{Heap after GC invocations=22 (full 0):
 garbage-first heap   total 312320K, used 121404K [0x0000000080000000, 0x0000000100000000)
  region size 1024K, 12 young (12288K), 12 survivors (12288K)
 Metaspace       used 112889K, capacity 115821K, committed 115956K, reserved 1150976K
  class space    used 14360K, capacity 15496K, committed 15616K, reserved 1048576K
}
Event: 42.465 GC heap before
{Heap before GC invocations=22 (full 0):
 garbage-first heap   total 312320K, used 197180K [0x0000000080000000, 0x0000000100000000)
  region size 1024K, 88 young (90112K), 12 survivors (12288K)
 Metaspace       used 115865K, capacity 118978K, committed 119028K, reserved 1163264K
  class space    used 14648K, capacity 15843K, committed 15872K, reserved 1048576K
}
Event: 42.504 GC heap after
{Heap after GC invocations=23 (full 0):
 garbage-first heap   total 312320K, used 123456K [0x0000000080000000, 0x0000000100000000)
  region size 1024K, 5 young (5120K), 5 survivors (5120K)
 Metaspace       used 115865K, capacity 118978K, committed 119028K, reserved 1163264K
  class space    used 14648K, capacity 15843K, committed 15872K, reserved 1048576K
}

Deoptimization events (20 events):
Event: 42.393 Thread 0x00000255ee4ff000 DEOPT PACKING pc=0x00000255d5112720 sp=0x000000f6d70fd2f0
Event: 42.393 Thread 0x00000255ee4ff000 DEOPT UNPACKING pc=0x00000255ccd262a9 sp=0x000000f6d70fd210 mode 2
Event: 42.394 Thread 0x00000255ee4ff000 Uncommon trap: trap_request=0xffffff4d fr.pc=0x00000255d511247c relative=0x000000000000005c
Event: 42.394 Thread 0x00000255ee4ff000 Uncommon trap: reason=unstable_if action=reinterpret pc=0x00000255d511247c method=com.android.tools.r8.graph.u1$e.c()Z @ 4 c2
Event: 42.394 Thread 0x00000255ee4ff000 DEOPT PACKING pc=0x00000255d511247c sp=0x000000f6d70fd280
Event: 42.394 Thread 0x00000255ee4ff000 DEOPT UNPACKING pc=0x00000255ccd262a9 sp=0x000000f6d70fd208 mode 2
Event: 42.394 Thread 0x00000255ee4ff000 Uncommon trap: trap_request=0xffffffde fr.pc=0x00000255d510fcf4 relative=0x0000000000000ad4
Event: 42.394 Thread 0x00000255ee4ff000 Uncommon trap: reason=class_check action=maybe_recompile pc=0x00000255d510fcf4 method=com.android.tools.r8.internal.HY0.hasNext()Z @ 98 c2
Event: 42.394 Thread 0x00000255ee4ff000 DEOPT PACKING pc=0x00000255d510fcf4 sp=0x000000f6d70fdb80
Event: 42.394 Thread 0x00000255ee4ff000 DEOPT UNPACKING pc=0x00000255ccd262a9 sp=0x000000f6d70fdb48 mode 2
Event: 42.395 Thread 0x00000255ee4fd800 DEOPT PACKING pc=0x00000255cf738fe2 sp=0x000000f6d6ffc150
Event: 42.395 Thread 0x00000255ee4fd800 DEOPT UNPACKING pc=0x00000255ccd266bf sp=0x000000f6d6ffb900 mode 0
Event: 42.420 Thread 0x00000255ee4ff000 Uncommon trap: trap_request=0xffffffde fr.pc=0x00000255d510fcf4 relative=0x0000000000000ad4
Event: 42.420 Thread 0x00000255ee4ff000 Uncommon trap: reason=class_check action=maybe_recompile pc=0x00000255d510fcf4 method=com.android.tools.r8.internal.HY0.hasNext()Z @ 98 c2
Event: 42.420 Thread 0x00000255ee4ff000 DEOPT PACKING pc=0x00000255d510fcf4 sp=0x000000f6d70fdb80
Event: 42.420 Thread 0x00000255ee4ff000 DEOPT UNPACKING pc=0x00000255ccd262a9 sp=0x000000f6d70fdb48 mode 2
Event: 42.435 Thread 0x00000255ee4ff000 Uncommon trap: trap_request=0xffffff4d fr.pc=0x00000255d4d73358 relative=0x00000000000001f8
Event: 42.435 Thread 0x00000255ee4ff000 Uncommon trap: reason=unstable_if action=reinterpret pc=0x00000255d4d73358 method=java.nio.HeapByteBuffer.put(Ljava/nio/ByteBuffer;)Ljava/nio/ByteBuffer; @ 4 c2
Event: 42.435 Thread 0x00000255ee4ff000 DEOPT PACKING pc=0x00000255d4d73358 sp=0x000000f6d70fd750
Event: 42.435 Thread 0x00000255ee4ff000 DEOPT UNPACKING pc=0x00000255ccd262a9 sp=0x000000f6d70fd730 mode 2

Classes redefined (0 events):
No events

Internal exceptions (20 events):
Event: 39.257 Thread 0x00000255ee500000 Exception <a 'java/lang/IncompatibleClassChangeError'{0x000000008e888cf8}: Found class java.lang.Object, but interface was expected> (0x000000008e888cf8) thrown at [./src/hotspot/share/interpreter/linkResolver.cpp, line 839]
Event: 39.442 Thread 0x00000255ee4fa000 Exception <a 'java/lang/NoSuchMethodError'{0x000000008e1dc4a0}: 'java.lang.Object java.lang.invoke.DirectMethodHandle$Holder.invokeStatic(java.lang.Object, int, java.lang.Object, java.lang.Object)'> (0x000000008e1dc4a0) thrown at [./src/hotspot/share/interpreter/linkResolver.cpp, line 773]
Event: 39.769 Thread 0x00000255ee4fd800 Exception <a 'java/lang/NoSuchMethodError'{0x000000008d7899f0}: 'java.lang.Object java.lang.invoke.DirectMethodHandle$Holder.invokeVirtual(java.lang.Object, java.lang.Object, int, java.lang.Object)'> (0x000000008d7899f0) thrown at [./src/hotspot/share/interpreter/linkResolver.cpp, line 773]
Event: 39.769 Thread 0x00000255ee500000 Exception <a 'java/lang/NoSuchMethodError'{0x000000008d796e18}: 'java.lang.Object java.lang.invoke.DirectMethodHandle$Holder.invokeVirtual(java.lang.Object, java.lang.Object, int, java.lang.Object)'> (0x000000008d796e18) thrown at [./src/hotspot/share/interpreter/linkResolver.cpp, line 773]
Event: 39.769 Thread 0x00000255ee4ff000 Exception <a 'java/lang/NoSuchMethodError'{0x000000008d7148c8}: 'java.lang.Object java.lang.invoke.DirectMethodHandle$Holder.invokeVirtual(java.lang.Object, java.lang.Object, int, java.lang.Object)'> (0x000000008d7148c8) thrown at [./src/hotspot/share/interpreter/linkResolver.cpp, line 773]
Event: 39.770 Thread 0x00000255ee4fa000 Exception <a 'java/lang/NoSuchMethodError'{0x000000008d8a29b0}: 'java.lang.Object java.lang.invoke.DirectMethodHandle$Holder.invokeVirtual(java.lang.Object, java.lang.Object, int, java.lang.Object)'> (0x000000008d8a29b0) thrown at [./src/hotspot/share/interpreter/linkResolver.cpp, line 773]
Event: 39.797 Thread 0x00000255ee4fd800 Exception <a 'java/lang/IncompatibleClassChangeError'{0x000000008d623a58}: Found class java.lang.Object, but interface was expected> (0x000000008d623a58) thrown at [./src/hotspot/share/interpreter/linkResolver.cpp, line 839]
Event: 39.799 Thread 0x00000255ee4fd800 Exception <a 'java/lang/IncompatibleClassChangeError'{0x000000008d62cf40}: Found class java.lang.Object, but interface was expected> (0x000000008d62cf40) thrown at [./src/hotspot/share/interpreter/linkResolver.cpp, line 839]
Event: 39.825 Thread 0x00000255ee4fa000 Exception <a 'java/lang/NoSuchMethodError'{0x000000008d6f75f8}: 'void java.lang.invoke.DirectMethodHandle$Holder.invokeVirtual(java.lang.Object, java.lang.Object, int, java.lang.Object)'> (0x000000008d6f75f8) thrown at [./src/hotspot/share/interpreter/linkResolver.cpp, line 773]
Event: 39.864 Thread 0x00000255ee4fd800 Exception <a 'java/lang/NoSuchMethodError'{0x000000008d4106b0}: 'long java.lang.invoke.DirectMethodHandle$Holder.invokeStatic(java.lang.Object, java.lang.Object)'> (0x000000008d4106b0) thrown at [./src/hotspot/share/interpreter/linkResolver.cpp, line 773]
Event: 39.950 Thread 0x00000255ee4ff000 Exception <a 'java/lang/NoSuchMethodError'{0x000000008d3b81d0}: 'java.lang.Object java.lang.invoke.DirectMethodHandle$Holder.newInvokeSpecial(java.lang.Object, int)'> (0x000000008d3b81d0) thrown at [./src/hotspot/share/interpreter/linkResolver.cpp, line 773]
Event: 40.087 Thread 0x00000255ee4fd800 Exception <a 'java/lang/NoSuchMethodError'{0x000000008cf3a1c0}: 'java.lang.Object java.lang.invoke.DirectMethodHandle$Holder.invokeSpecial(java.lang.Object, java.lang.Object, java.lang.Object, java.lang.Object, java.lang.Object, java.lang.Object, java.lang.Object, java.lang.Object, java.lang.Object, java.lang.Object, java.lang.Object)'> (0x000000008cf3a1c0) thrown at [./src/hotspot/share/interpreter/linkResolver.cpp, line 773]
Event: 40.089 Thread 0x00000255ee4fd800 Exception <a 'java/lang/NoSuchMethodError'{0x000000008cf55070}: 'java.lang.Object java.lang.invoke.Invokers$Holder.linkToTargetMethod(java.lang.Object, java.lang.Object, java.lang.Object, java.lang.Object, java.lang.Object, java.lang.Object, java.lang.Object, java.lang.Object, java.lang.Object, java.lang.Object)'> (0x000000008cf55070) thrown at [./src/hotspot/share/interpreter/linkResolver.cpp, line 773]
Event: 40.152 Thread 0x00000255ee4fd800 Exception <a 'java/lang/IncompatibleClassChangeError'{0x000000008cfd96d0}: Found class java.lang.Object, but interface was expected> (0x000000008cfd96d0) thrown at [./src/hotspot/share/interpreter/linkResolver.cpp, line 839]
Event: 41.647 Thread 0x00000255ee500000 Exception <a 'java/lang/NoSuchMethodError'{0x0000000090d527e0}: 'java.lang.Object java.lang.invoke.Invokers$Holder.linkToTargetMethod(java.lang.Object, int, java.lang.Object, java.lang.Object, java.lang.Object, java.lang.Object)'> (0x0000000090d527e0) thrown at [./src/hotspot/share/interpreter/linkResolver.cpp, line 773]
Event: 41.650 Thread 0x00000255ee500000 Exception <a 'java/lang/NoSuchMethodError'{0x0000000090d65e58}: 'java.lang.Object java.lang.invoke.Invokers$Holder.linkToTargetMethod(java.lang.Object, java.lang.Object, java.lang.Object, int, java.lang.Object, java.lang.Object, java.lang.Object)'> (0x0000000090d65e58) thrown at [./src/hotspot/share/interpreter/linkResolver.cpp, line 773]
Event: 41.655 Thread 0x00000255ee500000 Exception <a 'java/lang/NoSuchMethodError'{0x0000000090d7b2b8}: 'void java.lang.invoke.DirectMethodHandle$Holder.invokeStatic(java.lang.Object, java.lang.Object, java.lang.Object, java.lang.Object, java.lang.Object, java.lang.Object, java.lang.Object, java.lang.Object)'> (0x0000000090d7b2b8) thrown at [./src/hotspot/share/interpreter/linkResolver.cpp, line 773]
Event: 41.943 Thread 0x00000255ee4fa000 Exception <a 'java/lang/IncompatibleClassChangeError'{0x000000008fdabf50}: Found class java.lang.Object, but interface was expected> (0x000000008fdabf50) thrown at [./src/hotspot/share/interpreter/linkResolver.cpp, line 839]
Event: 41.943 Thread 0x00000255ee500000 Exception <a 'java/lang/IncompatibleClassChangeError'{0x000000008fee2ab8}: Found class java.lang.Object, but interface was expected> (0x000000008fee2ab8) thrown at [./src/hotspot/share/interpreter/linkResolver.cpp, line 839]
Event: 42.457 Thread 0x00000255ee500000 Exception <a 'java/lang/NoSuchMethodError'{0x000000008e7bf018}: 'void java.lang.invoke.DirectMethodHandle$Holder.invokeVirtual(java.lang.Object, java.lang.Object, int)'> (0x000000008e7bf018) thrown at [./src/hotspot/share/interpreter/linkResolver.cpp, line 773]

Events (20 events):
Event: 42.438 loading class com/android/tools/r8/graph/c done
Event: 42.438 loading class com/android/tools/r8/graph/c
Event: 42.438 loading class com/android/tools/r8/graph/c done
Event: 42.456 loading class com/android/tools/r8/internal/rf1
Event: 42.456 loading class com/android/tools/r8/internal/rf1 done
Event: 42.458 loading class com/android/tools/r8/dex/v
Event: 42.458 loading class com/android/tools/r8/dex/v done
Event: 42.459 loading class com/android/tools/r8/internal/rf1
Event: 42.459 loading class com/android/tools/r8/internal/rf1 done
Event: 42.459 loading class com/android/tools/r8/internal/rf1
Event: 42.459 loading class com/android/tools/r8/internal/rf1 done
Event: 42.459 loading class com/android/tools/r8/dex/y
Event: 42.459 loading class com/android/tools/r8/dex/y done
Event: 42.459 loading class java/nio/ByteBufferAsShortBufferL
Event: 42.460 loading class java/nio/ShortBuffer
Event: 42.460 loading class java/nio/ShortBuffer done
Event: 42.460 loading class java/nio/ByteBufferAsShortBufferL done
Event: 42.461 loading class com/android/tools/r8/code/U
Event: 42.461 loading class com/android/tools/r8/code/U done
Event: 42.462 Executing VM operation: CollectForMetadataAllocation


Dynamic libraries:
0x00007ff65ea00000 - 0x00007ff65ea0a000 	C:\Program Files\Android\Android Studio\jre\bin\java.exe
0x00007ff9bddd0000 - 0x00007ff9bdfc8000 	C:\WINDOWS\SYSTEM32\ntdll.dll
0x00007ff9bdcd0000 - 0x00007ff9bdd8f000 	C:\WINDOWS\System32\KERNEL32.DLL
0x00007ff9bb620000 - 0x00007ff9bb8fa000 	C:\WINDOWS\System32\KERNELBASE.dll
0x00007ff9bbbd0000 - 0x00007ff9bbcd0000 	C:\WINDOWS\System32\ucrtbase.dll
0x00007ff9ab0a0000 - 0x00007ff9ab0b7000 	C:\Program Files\Android\Android Studio\jre\bin\VCRUNTIME140.dll
0x00007ff9ab080000 - 0x00007ff9ab099000 	C:\Program Files\Android\Android Studio\jre\bin\jli.dll
0x00007ff9bc260000 - 0x00007ff9bc3fd000 	C:\WINDOWS\System32\USER32.dll
0x00007ff998e90000 - 0x00007ff99912a000 	C:\WINDOWS\WinSxS\amd64_microsoft.windows.common-controls_6595b64144ccf1df_6.0.19041.1110_none_60b5254171f9507e\COMCTL32.dll
0x00007ff9bc4c0000 - 0x00007ff9bc55e000 	C:\WINDOWS\System32\msvcrt.dll
0x00007ff9bd2b0000 - 0x00007ff9bd2db000 	C:\WINDOWS\System32\GDI32.dll
0x00007ff9bb4e0000 - 0x00007ff9bb502000 	C:\WINDOWS\System32\win32u.dll
0x00007ff9bb510000 - 0x00007ff9bb620000 	C:\WINDOWS\System32\gdi32full.dll
0x00007ff9bb900000 - 0x00007ff9bb99d000 	C:\WINDOWS\System32\msvcp_win.dll
0x00007ff9bbe30000 - 0x00007ff9bbe60000 	C:\WINDOWS\System32\IMM32.DLL
0x00007ff982260000 - 0x00007ff9822fd000 	C:\Program Files\Android\Android Studio\jre\bin\msvcp140.dll
0x00007ff97be80000 - 0x00007ff97c955000 	C:\Program Files\Android\Android Studio\jre\bin\server\jvm.dll
0x00007ff9bc070000 - 0x00007ff9bc11e000 	C:\WINDOWS\System32\ADVAPI32.dll
0x00007ff9bcee0000 - 0x00007ff9bcf7c000 	C:\WINDOWS\System32\sechost.dll
0x00007ff9bbf40000 - 0x00007ff9bc066000 	C:\WINDOWS\System32\RPCRT4.dll
0x00007ff9bd2f0000 - 0x00007ff9bd2f8000 	C:\WINDOWS\System32\PSAPI.DLL
0x00007ff9a2840000 - 0x00007ff9a2867000 	C:\WINDOWS\SYSTEM32\WINMM.dll
0x00007ff9a62c0000 - 0x00007ff9a62c9000 	C:\WINDOWS\SYSTEM32\WSOCK32.dll
0x00007ff9b0c90000 - 0x00007ff9b0c9a000 	C:\WINDOWS\SYSTEM32\VERSION.dll
0x00007ff9bcd30000 - 0x00007ff9bcd9b000 	C:\WINDOWS\System32\WS2_32.dll
0x00007ff9b9cd0000 - 0x00007ff9b9ce2000 	C:\WINDOWS\SYSTEM32\kernel.appcore.dll
0x00007ff9aaef0000 - 0x00007ff9aaf01000 	C:\Program Files\Android\Android Studio\jre\bin\verify.dll
0x00007ff9b9240000 - 0x00007ff9b9424000 	C:\WINDOWS\SYSTEM32\DBGHELP.DLL
0x00007ff9a36b0000 - 0x00007ff9a36e4000 	C:\WINDOWS\SYSTEM32\dbgcore.DLL
0x00007ff9bb9a0000 - 0x00007ff9bba22000 	C:\WINDOWS\System32\bcryptPrimitives.dll
0x00007ff99aab0000 - 0x00007ff99aad9000 	C:\Program Files\Android\Android Studio\jre\bin\java.dll
0x00007ff9aaee0000 - 0x00007ff9aaeeb000 	C:\Program Files\Android\Android Studio\jre\bin\jimage.dll
0x00007ff9a6350000 - 0x00007ff9a6368000 	C:\Program Files\Android\Android Studio\jre\bin\zip.dll
0x00007ff9bd300000 - 0x00007ff9bda44000 	C:\WINDOWS\System32\SHELL32.dll
0x00007ff9b9520000 - 0x00007ff9b9cb3000 	C:\WINDOWS\SYSTEM32\windows.storage.dll
0x00007ff9bc560000 - 0x00007ff9bc8b4000 	C:\WINDOWS\System32\combase.dll
0x00007ff9bad80000 - 0x00007ff9badae000 	C:\WINDOWS\SYSTEM32\Wldp.dll
0x00007ff9bcdb0000 - 0x00007ff9bce5d000 	C:\WINDOWS\System32\SHCORE.dll
0x00007ff9bc400000 - 0x00007ff9bc455000 	C:\WINDOWS\System32\shlwapi.dll
0x00007ff9bb420000 - 0x00007ff9bb43f000 	C:\WINDOWS\SYSTEM32\profapi.dll
0x00007ff998310000 - 0x00007ff99832a000 	C:\Program Files\Android\Android Studio\jre\bin\net.dll
0x00007ff9abc60000 - 0x00007ff9abd6a000 	C:\WINDOWS\SYSTEM32\WINHTTP.dll
0x00007ff9bab60000 - 0x00007ff9babca000 	C:\WINDOWS\system32\mswsock.dll
0x00007ff9a1390000 - 0x00007ff9a13a4000 	C:\Program Files\Android\Android Studio\jre\bin\nio.dll
0x00007ff9b29f0000 - 0x00007ff9b2a17000 	C:\Users\User\.gradle\native\e1d6ef7f7dcc3fd88c89a11ec53ec762bb8ba0a96d01ffa2cd45eb1d1d8dd5c5\windows-amd64\native-platform.dll
0x00007ff982110000 - 0x00007ff982254000 	C:\Users\User\.gradle\native\5664cfc778a61ccfe75a443a1ab52a65af34e5dc3c78e0209fed803814484fcb\windows-amd64\native-platform-file-events.dll
0x00007ff9aaed0000 - 0x00007ff9aaeda000 	C:\Program Files\Android\Android Studio\jre\bin\management.dll
0x00007ff9a1380000 - 0x00007ff9a138d000 	C:\Program Files\Android\Android Studio\jre\bin\management_ext.dll
0x00007ff9badc0000 - 0x00007ff9badd8000 	C:\WINDOWS\SYSTEM32\CRYPTSP.dll
0x00007ff9ba4a0000 - 0x00007ff9ba4d4000 	C:\WINDOWS\system32\rsaenh.dll
0x00007ff9bbae0000 - 0x00007ff9bbb07000 	C:\WINDOWS\System32\bcrypt.dll
0x00007ff9bb3e0000 - 0x00007ff9bb40e000 	C:\WINDOWS\SYSTEM32\USERENV.dll
0x00007ff9bacf0000 - 0x00007ff9bacfc000 	C:\WINDOWS\SYSTEM32\CRYPTBASE.dll
0x00007ff9ba870000 - 0x00007ff9ba8ac000 	C:\WINDOWS\SYSTEM32\IPHLPAPI.DLL
0x00007ff9bd2e0000 - 0x00007ff9bd2e8000 	C:\WINDOWS\System32\NSI.dll
0x00007ff9aab40000 - 0x00007ff9aab57000 	C:\WINDOWS\SYSTEM32\dhcpcsvc6.DLL
0x00007ff9aaa40000 - 0x00007ff9aaa5d000 	C:\WINDOWS\SYSTEM32\dhcpcsvc.DLL
0x00007ff9ba8b0000 - 0x00007ff9ba97b000 	C:\WINDOWS\SYSTEM32\DNSAPI.dll
0x0000000066e00000 - 0x0000000066f03000 	C:\Users\User\AppData\Local\Temp\sqlite-3.25.2-76a60508-3a03-4187-8a97-1b3afac9909d-sqlitejdbc.dll

dbghelp: loaded successfully - version: 4.0.5 - missing functions: none
symbol engine: initialized successfully - sym options: 0x614 - pdb path: .;C:\Program Files\Android\Android Studio\jre\bin;C:\WINDOWS\SYSTEM32;C:\WINDOWS\WinSxS\amd64_microsoft.windows.common-controls_6595b64144ccf1df_6.0.19041.1110_none_60b5254171f9507e;C:\Program Files\Android\Android Studio\jre\bin\server;C:\Users\User\.gradle\native\e1d6ef7f7dcc3fd88c89a11ec53ec762bb8ba0a96d01ffa2cd45eb1d1d8dd5c5\windows-amd64;C:\Users\User\.gradle\native\5664cfc778a61ccfe75a443a1ab52a65af34e5dc3c78e0209fed803814484fcb\windows-amd64;C:\Users\User\AppData\Local\Temp

VM Arguments:
jvm_args: --add-opens=java.base/java.util=ALL-UNNAMED --add-opens=java.base/java.lang=ALL-UNNAMED --add-opens=java.base/java.lang.invoke=ALL-UNNAMED --add-opens=java.base/java.util=ALL-UNNAMED --add-opens=java.prefs/java.util.prefs=ALL-UNNAMED --add-opens=java.prefs/java.util.prefs=ALL-UNNAMED --add-opens=java.base/java.nio.charset=ALL-UNNAMED --add-opens=java.base/java.net=ALL-UNNAMED --add-opens=java.base/java.util.concurrent.atomic=ALL-UNNAMED -Xmx2048m -Dfile.encoding=UTF-8 -Duser.country=RU -Duser.language=ru -Duser.variant 
java_command: org.gradle.launcher.daemon.bootstrap.GradleDaemon 7.2
java_class_path (initial): C:\Users\User\.gradle\wrapper\dists\gradle-7.2-bin\2dnblmf4td7x66yl1d74lt32g\gradle-7.2\lib\gradle-launcher-7.2.jar
Launcher Type: SUN_STANDARD

[Global flags]
     intx CICompilerCount                          = 3                                         {product} {ergonomic}
     uint ConcGCThreads                            = 1                                         {product} {ergonomic}
     uint G1ConcRefinementThreads                  = 4                                         {product} {ergonomic}
   size_t G1HeapRegionSize                         = 1048576                                   {product} {ergonomic}
    uintx GCDrainStackTargetSize                   = 64                                        {product} {ergonomic}
   size_t InitialHeapSize                          = 266338304                                 {product} {ergonomic}
   size_t MarkStackSize                            = 4194304                                   {product} {ergonomic}
   size_t MaxHeapSize                              = 2147483648                                {product} {command line}
   size_t MaxNewSize                               = 1287651328                                {product} {ergonomic}
   size_t MinHeapDeltaBytes                        = 1048576                                   {product} {ergonomic}
    uintx NonNMethodCodeHeapSize                   = 5830732                                {pd product} {ergonomic}
    uintx NonProfiledCodeHeapSize                  = 122913754                              {pd product} {ergonomic}
    uintx ProfiledCodeHeapSize                     = 122913754                              {pd product} {ergonomic}
    uintx ReservedCodeCacheSize                    = 251658240                              {pd product} {ergonomic}
     bool SegmentedCodeCache                       = true                                      {product} {ergonomic}
     bool UseCompressedClassPointers               = true                                 {lp64_product} {ergonomic}
     bool UseCompressedOops                        = true                                 {lp64_product} {ergonomic}
     bool UseG1GC                                  = true                                      {product} {ergonomic}
     bool UseLargePagesIndividualAllocation        = false                                  {pd product} {ergonomic}

Logging:
Log output configuration:
 #0: stdout all=warning uptime,level,tags
 #1: stderr all=off uptime,level,tags

Environment Variables:
JAVA_HOME=C:\Program Files\Java\jdk1.8.0_202
JRE_HOME=C:\Program Files\Java\jre1.8.0_202
PATH=C:\Windows\System32;C:\Windows\SysWOW64;C:\Program Files\dotnet\;C:\Users\User\.m2\repository\mysql\mysql-connector-java\8.0.21\mysql-connector-java-8.0.21.jar;C:\Program Files\PuTTY\;C:\Program Files\Git\cmd;C:\Program Files\Git\mingw64\bin;C:\Program Files\Git\usr\bin;C:\Program Files\PowerShell\7\;C:\Program Files\MySQL\MySQL Shell 8.0\bin\;C:\Users\User\AppData\Local\Programs\Python\Python39\Scripts\;C:\Users\User\AppData\Local\Programs\Python\Python39\;C:\Users\User\AppData\Local\Microsoft\WindowsApps;C:\Program Files\Python39\Scripts;C:\Users\User\AppData\Roaming\npm;C:\Users\User\AppData\Local\GitHubDesktop\bin;C:\Users\User\AppData\Local\atom\bin;C:\ProgramData\User\atom\bin;C:\tools\springbootcli\bin;C:\Windows\SysWOW64;C:\Windows\System32;C:\Users\User\.dotnet\tools;C:\Users\User\.m2\repository\mysql\mysql-connector-java\8.0.21\mysql-connector-java-8.0.21.jar;C:\Users\User\AppData\Local\Programs\Microsoft VS Code\bin;C:\Gradle\gradle-5.1\bin;;C:\intelFPGA_lite\22.1std\questa_fse\win64;C:\intelFPGA\18.1\modelsim_ase\win32aloem
USERNAME=User
OS=Windows_NT
PROCESSOR_IDENTIFIER=Intel64 Family 6 Model 122 Stepping 8, GenuineIntel



---------------  S Y S T E M  ---------------

OS: Windows 10 , 64 bit Build 19041 (10.0.19041.2788)
OS uptime: 19 days 18:41 hours
Hyper-V role detected

CPU:total 4 (initial active 4) (4 cores per cpu, 1 threads per core) family 6 model 122 stepping 8 microcode 0xc, cmov, cx8, fxsr, mmx, sse, sse2, sse3, ssse3, sse4.1, sse4.2, popcnt, aes, clmul, erms, 3dnowpref, tsc, tscinvbit, sha

Memory: 4k page, system-wide physical 16204M (4022M free)
TotalPageFile size 16204M (AvailPageFile size 4M)
current process WorkingSet (physical memory assigned to process): 633M, peak: 633M
current process commit charge ("private bytes"): 662M, peak: 663M

vm_info: OpenJDK 64-Bit Server VM (11.0.11+9-b60-7590822) for windows-amd64 JRE (11.0.11+9-b60-7590822), built on Jul 29 2021 21:43:44 by "builder" with MS VC++ 14.0 (VS2015)

END.
