#
# There is insufficient memory for the Java Runtime Environment to continue.
# Native memory allocation (malloc) failed to allocate 2187696 bytes for Chunk::new
# Possible reasons:
#   The system is out of physical RAM or swap space
#   The process is running with CompressedOops enabled, and the Java Heap may be blocking the growth of the native heap
# Possible solutions:
#   Reduce memory load on the system
#   Increase physical memory or swap space
#   Check if swap backing store is full
#   Decrease Java heap size (-Xmx/-Xms)
#   Decrease number of Java threads
#   Decrease Java thread stack sizes (-Xss)
#   Set larger code cache with -XX:ReservedCodeCacheSize=
#   JVM is running with Unscaled Compressed Oops mode in which the Java heap is
#     placed in the first 4GB address space. The Java Heap base address is the
#     maximum limit for the native heap growth. Please use -XX:HeapBaseMinAddress
#     to set the Java Heap base and to place the Java Heap above 4GB virtual address.
# This output file may be truncated or incomplete.
#
#  Out of Memory Error (./src/hotspot/share/memory/arena.cpp:197), pid=11980, tid=7816
#
# JRE version: OpenJDK Runtime Environment (11.0.11+9) (build 11.0.11+9-b60-7590822)
# Java VM: OpenJDK 64-Bit Server VM (11.0.11+9-b60-7590822, mixed mode, tiered, compressed oops, g1 gc, windows-amd64)
# No core dump will be written. Minidumps are not enabled by default on client versions of Windows
#

---------------  S U M M A R Y ------------

Command Line: --add-opens=java.base/java.util=ALL-UNNAMED --add-opens=java.base/java.lang=ALL-UNNAMED --add-opens=java.base/java.lang.invoke=ALL-UNNAMED --add-opens=java.base/java.util=ALL-UNNAMED --add-opens=java.prefs/java.util.prefs=ALL-UNNAMED --add-opens=java.prefs/java.util.prefs=ALL-UNNAMED --add-opens=java.base/java.nio.charset=ALL-UNNAMED --add-opens=java.base/java.net=ALL-UNNAMED --add-opens=java.base/java.util.concurrent.atomic=ALL-UNNAMED -Xmx2048m -Dfile.encoding=UTF-8 -Duser.country=RU -Duser.language=ru -Duser.variant org.gradle.launcher.daemon.bootstrap.GradleDaemon 7.2

Host: Intel(R) Celeron(R) J4125 CPU @ 2.00GHz, 4 cores, 15G,  Windows 10 , 64 bit Build 19041 (10.0.19041.2788)
Time: Sat Jun  3 18:46:52 2023 RTZ 9 (зима) elapsed time: 337.281213 seconds (0d 0h 5m 37s)

---------------  T H R E A D  ---------------

Current thread (0x00000208c9680000):  JavaThread "C2 CompilerThread1" daemon [_thread_in_native, id=7816, stack(0x0000007d79700000,0x0000007d79800000)]


Current CompileTask:
C2: 337281 21607       4       androidx.room.jarjarred.org.antlr.v4.runtime.atn.ParserATNSimulator::closure_ (312 bytes)

Stack: [0x0000007d79700000,0x0000007d79800000]
Native frames: (J=compiled Java code, j=interpreted, Vv=VM code, C=native code)
V  [jvm.dll+0x5f214a]
V  [jvm.dll+0x726fb5]
V  [jvm.dll+0x7285cd]
V  [jvm.dll+0x728c83]
V  [jvm.dll+0x243278]
V  [jvm.dll+0xbc53c]
V  [jvm.dll+0xbca3c]
V  [jvm.dll+0x353e7d]
V  [jvm.dll+0x321893]
V  [jvm.dll+0x320d8a]
V  [jvm.dll+0x1fc1e2]
V  [jvm.dll+0x1fb3d4]
V  [jvm.dll+0x183d6c]
V  [jvm.dll+0x209a57]
V  [jvm.dll+0x2082a1]
V  [jvm.dll+0x6ef58f]
V  [jvm.dll+0x6e80b5]
V  [jvm.dll+0x5f1036]
C  [ucrtbase.dll+0x21bb2]
C  [KERNEL32.DLL+0x17604]
C  [ntdll.dll+0x526a1]


---------------  P R O C E S S  ---------------

Threads class SMR info:
_java_thread_list=0x00000208cf8750e0, length=90, elements={
0x00000208a61cf800, 0x00000208c2593800, 0x00000208c2595000, 0x00000208c25b5000,
0x00000208c25b7000, 0x00000208c25b8800, 0x00000208c25bd800, 0x00000208c260b800,
0x00000208c1d6c800, 0x00000208c2773000, 0x00000208c4759800, 0x00000208c494f000,
0x00000208c4756800, 0x00000208c3547800, 0x00000208c354e000, 0x00000208c354a000,
0x00000208c354c800, 0x00000208c3549000, 0x00000208c54a2800, 0x00000208c54a4000,
0x00000208c54a5000, 0x00000208c8690800, 0x00000208c8691800, 0x00000208c9677000,
0x00000208c9677800, 0x00000208c967f000, 0x00000208cc54c800, 0x00000208c9673000,
0x00000208c9674800, 0x00000208c9672000, 0x00000208c9676000, 0x00000208c9671000,
0x00000208c967a000, 0x00000208c967d800, 0x00000208c967e800, 0x00000208c967b000,
0x00000208c967c000, 0x00000208c9678800, 0x00000208c9679800, 0x00000208c9680000,
0x00000208c55f2800, 0x00000208c55f0800, 0x00000208c55f5800, 0x00000208c55f5000,
0x00000208c55f4000, 0x00000208c55f0000, 0x00000208c55f7800, 0x00000208c55f3000,
0x00000208c55f1800, 0x00000208c55fd000, 0x00000208c55f8000, 0x00000208c55fc000,
0x00000208c55fe000, 0x00000208c55fe800, 0x00000208c55f9800, 0x00000208c55f9000,
0x00000208c55fb800, 0x00000208c55fa800, 0x00000208cc545800, 0x00000208cc544800,
0x00000208cc546000, 0x00000208cc547000, 0x00000208cc541800, 0x00000208cc548000,
0x00000208cc542000, 0x00000208cc548800, 0x00000208cc543000, 0x00000208cc549800,
0x00000208cc543800, 0x00000208cc54f000, 0x00000208cc550000, 0x00000208cc54a800,
0x00000208cc54b000, 0x00000208cc54d800, 0x00000208cc54c000, 0x00000208c8697000,
0x00000208c8696800, 0x00000208c8693000, 0x00000208c8692000, 0x00000208c8699800,
0x00000208c8694000, 0x00000208c8698000, 0x00000208c8699000, 0x00000208c8694800,
0x00000208c869b000, 0x00000208c8695800, 0x00000208c869f800, 0x00000208c869c000,
0x00000208c869d000, 0x00000208c869d800
}

Java Threads: ( => current thread )
  0x00000208a61cf800 JavaThread "main" [_thread_blocked, id=8256, stack(0x0000007d77000000,0x0000007d77100000)]
  0x00000208c2593800 JavaThread "Reference Handler" daemon [_thread_blocked, id=7056, stack(0x0000007d77700000,0x0000007d77800000)]
  0x00000208c2595000 JavaThread "Finalizer" daemon [_thread_blocked, id=15144, stack(0x0000007d77800000,0x0000007d77900000)]
  0x00000208c25b5000 JavaThread "Signal Dispatcher" daemon [_thread_blocked, id=11732, stack(0x0000007d77900000,0x0000007d77a00000)]
  0x00000208c25b7000 JavaThread "Attach Listener" daemon [_thread_blocked, id=9856, stack(0x0000007d77a00000,0x0000007d77b00000)]
  0x00000208c25b8800 JavaThread "Service Thread" daemon [_thread_blocked, id=4360, stack(0x0000007d77b00000,0x0000007d77c00000)]
  0x00000208c25bd800 JavaThread "C2 CompilerThread0" daemon [_thread_in_native, id=13408, stack(0x0000007d77c00000,0x0000007d77d00000)]
  0x00000208c260b800 JavaThread "C1 CompilerThread0" daemon [_thread_blocked, id=14652, stack(0x0000007d77d00000,0x0000007d77e00000)]
  0x00000208c1d6c800 JavaThread "Sweeper thread" daemon [_thread_blocked, id=14112, stack(0x0000007d77e00000,0x0000007d77f00000)]
  0x00000208c2773000 JavaThread "Common-Cleaner" daemon [_thread_blocked, id=14280, stack(0x0000007d77f00000,0x0000007d78000000)]
  0x00000208c4759800 JavaThread "Daemon health stats" [_thread_blocked, id=2556, stack(0x0000007d78500000,0x0000007d78600000)]
  0x00000208c494f000 JavaThread "Incoming local TCP Connector on port 56673" [_thread_in_native, id=12684, stack(0x0000007d78100000,0x0000007d78200000)]
  0x00000208c4756800 JavaThread "Daemon periodic checks" [_thread_blocked, id=6296, stack(0x0000007d78600000,0x0000007d78700000)]
  0x00000208c3547800 JavaThread "Cache worker for journal cache (C:\Users\User\.gradle\caches\journal-1)" [_thread_blocked, id=12256, stack(0x0000007d78e00000,0x0000007d78f00000)]
  0x00000208c354e000 JavaThread "File lock request listener" [_thread_in_native, id=7952, stack(0x0000007d78f00000,0x0000007d79000000)]
  0x00000208c354a000 JavaThread "Cache worker for file hash cache (C:\Users\User\.gradle\caches\7.2\fileHashes)" [_thread_blocked, id=3272, stack(0x0000007d79000000,0x0000007d79100000)]
  0x00000208c354c800 JavaThread "File watcher server" daemon [_thread_in_native, id=14732, stack(0x0000007d79300000,0x0000007d79400000)]
  0x00000208c3549000 JavaThread "File watcher consumer" daemon [_thread_blocked, id=13188, stack(0x0000007d79400000,0x0000007d79500000)]
  0x00000208c54a2800 JavaThread "Cache worker for execution history cache (C:\Users\User\.gradle\caches\7.2\executionHistory)" [_thread_blocked, id=14996, stack(0x0000007d79800000,0x0000007d79900000)]
  0x00000208c54a4000 JavaThread "jar transforms" [_thread_blocked, id=13360, stack(0x0000007d79900000,0x0000007d79a00000)]
  0x00000208c54a5000 JavaThread "Cache worker for file content cache (C:\Users\User\.gradle\caches\7.2\fileContent)" [_thread_blocked, id=13144, stack(0x0000007d79a00000,0x0000007d79b00000)]
  0x00000208c8690800 JavaThread "jar transforms Thread 2" [_thread_blocked, id=12332, stack(0x0000007d79b00000,0x0000007d79c00000)]
  0x00000208c8691800 JavaThread "jar transforms Thread 3" [_thread_blocked, id=15264, stack(0x0000007d79d00000,0x0000007d79e00000)]
  0x00000208c9677000 JavaThread "jar transforms Thread 4" [_thread_blocked, id=9560, stack(0x0000007d7c700000,0x0000007d7c800000)]
  0x00000208c9677800 JavaThread "Memory manager" [_thread_blocked, id=12292, stack(0x0000007d7c800000,0x0000007d7c900000)]
  0x00000208c967f000 JavaThread "Cache worker for Java compile cache (C:\Users\User\.gradle\caches\7.2\javaCompile)" [_thread_blocked, id=7712, stack(0x0000007d7cf00000,0x0000007d7d000000)]
  0x00000208cc54c800 JavaThread "ForkJoinPool.commonPool-worker-3" daemon [_thread_blocked, id=6248, stack(0x0000007d78c00000,0x0000007d78d00000)]
  0x00000208c9673000 JavaThread "Daemon Thread 2" [_thread_blocked, id=7400, stack(0x0000007d76e00000,0x0000007d76f00000)]
  0x00000208c9674800 JavaThread "Handler for socket connection from /127.0.0.1:56673 to /127.0.0.1:56734" [_thread_in_native, id=12672, stack(0x0000007d76f00000,0x0000007d77000000)]
  0x00000208c9672000 JavaThread "Cancel handler" [_thread_blocked, id=12224, stack(0x0000007d78700000,0x0000007d78800000)]
  0x00000208c9676000 JavaThread "Daemon worker Thread 2" [_thread_in_vm, id=10496, stack(0x0000007d78800000,0x0000007d78900000)]
  0x00000208c9671000 JavaThread "Asynchronous log dispatcher for DefaultDaemonConnection: socket connection from /127.0.0.1:56673 to /127.0.0.1:56734" [_thread_blocked, id=2040, stack(0x0000007d78900000,0x0000007d78a00000)]
  0x00000208c967a000 JavaThread "Stdin handler" [_thread_blocked, id=9092, stack(0x0000007d78a00000,0x0000007d78b00000)]
  0x00000208c967d800 JavaThread "Daemon client event forwarder" [_thread_blocked, id=7704, stack(0x0000007d78b00000,0x0000007d78c00000)]
  0x00000208c967e800 JavaThread "Cache worker for file hash cache (C:\Users\User\AndroidStudioProjects\Course35Gb\LispelDOC\project2\project\.gradle\7.2\fileHashes)" [_thread_blocked, id=7700, stack(0x0000007d78d00000,0x0000007d78e00000)]
  0x00000208c967b000 JavaThread "Cache worker for checksums cache (C:\Users\User\AndroidStudioProjects\Course35Gb\LispelDOC\project2\project\.gradle\checksums)" [_thread_blocked, id=13916, stack(0x0000007d79100000,0x0000007d79200000)]
  0x00000208c967c000 JavaThread "Cache worker for cache directory md-supplier (C:\Users\User\.gradle\caches\7.2\md-supplier)" [_thread_blocked, id=12808, stack(0x0000007d79200000,0x0000007d79300000)]
  0x00000208c9678800 JavaThread "Cache worker for cache directory md-rule (C:\Users\User\.gradle\caches\7.2\md-rule)" [_thread_blocked, id=14836, stack(0x0000007d79500000,0x0000007d79600000)]
  0x00000208c9679800 JavaThread "Cache worker for dependencies-accessors (C:\Users\User\AndroidStudioProjects\Course35Gb\LispelDOC\project2\project\.gradle\7.2\dependencies-accessors)" [_thread_blocked, id=4928, stack(0x0000007d79600000,0x0000007d79700000)]
=>0x00000208c9680000 JavaThread "C2 CompilerThread1" daemon [_thread_in_native, id=7816, stack(0x0000007d79700000,0x0000007d79800000)]
  0x00000208c55f2800 JavaThread "Cache worker for Build Output Cleanup Cache (C:\Users\User\AndroidStudioProjects\Course35Gb\LispelDOC\project2\project\.gradle\buildOutputCleanup)" [_thread_blocked, id=14508, stack(0x0000007d79c00000,0x0000007d79d00000)]
  0x00000208c55f0800 JavaThread "Unconstrained build operations" [_thread_blocked, id=13224, stack(0x0000007d79e00000,0x0000007d79f00000)]
  0x00000208c55f5800 JavaThread "Unconstrained build operations Thread 2" [_thread_blocked, id=12120, stack(0x0000007d79f00000,0x0000007d7a000000)]
  0x00000208c55f5000 JavaThread "Unconstrained build operations Thread 3" [_thread_blocked, id=8032, stack(0x0000007d7a000000,0x0000007d7a100000)]
  0x00000208c55f4000 JavaThread "Unconstrained build operations Thread 4" [_thread_blocked, id=10604, stack(0x0000007d7a100000,0x0000007d7a200000)]
  0x00000208c55f0000 JavaThread "Unconstrained build operations Thread 5" [_thread_blocked, id=12908, stack(0x0000007d7a200000,0x0000007d7a300000)]
  0x00000208c55f7800 JavaThread "Unconstrained build operations Thread 6" [_thread_blocked, id=6884, stack(0x0000007d7a300000,0x0000007d7a400000)]
  0x00000208c55f3000 JavaThread "Unconstrained build operations Thread 7" [_thread_blocked, id=14572, stack(0x0000007d7a400000,0x0000007d7a500000)]
  0x00000208c55f1800 JavaThread "Unconstrained build operations Thread 8" [_thread_blocked, id=3180, stack(0x0000007d7a500000,0x0000007d7a600000)]
  0x00000208c55fd000 JavaThread "Unconstrained build operations Thread 9" [_thread_blocked, id=10120, stack(0x0000007d7a600000,0x0000007d7a700000)]
  0x00000208c55f8000 JavaThread "Unconstrained build operations Thread 10" [_thread_blocked, id=9112, stack(0x0000007d7a700000,0x0000007d7a800000)]
  0x00000208c55fc000 JavaThread "Unconstrained build operations Thread 11" [_thread_blocked, id=2756, stack(0x0000007d7a800000,0x0000007d7a900000)]
  0x00000208c55fe000 JavaThread "Unconstrained build operations Thread 12" [_thread_blocked, id=3992, stack(0x0000007d7a900000,0x0000007d7aa00000)]
  0x00000208c55fe800 JavaThread "Unconstrained build operations Thread 13" [_thread_blocked, id=9652, stack(0x0000007d7aa00000,0x0000007d7ab00000)]
  0x00000208c55f9800 JavaThread "Unconstrained build operations Thread 14" [_thread_blocked, id=8060, stack(0x0000007d7ab00000,0x0000007d7ac00000)]
  0x00000208c55f9000 JavaThread "Unconstrained build operations Thread 15" [_thread_blocked, id=7796, stack(0x0000007d7ac00000,0x0000007d7ad00000)]
  0x00000208c55fb800 JavaThread "Unconstrained build operations Thread 16" [_thread_blocked, id=5928, stack(0x0000007d7ad00000,0x0000007d7ae00000)]
  0x00000208c55fa800 JavaThread "Unconstrained build operations Thread 17" [_thread_blocked, id=11404, stack(0x0000007d7ae00000,0x0000007d7af00000)]
  0x00000208cc545800 JavaThread "Unconstrained build operations Thread 18" [_thread_blocked, id=14788, stack(0x0000007d7af00000,0x0000007d7b000000)]
  0x00000208cc544800 JavaThread "Unconstrained build operations Thread 19" [_thread_blocked, id=6804, stack(0x0000007d7b000000,0x0000007d7b100000)]
  0x00000208cc546000 JavaThread "Unconstrained build operations Thread 20" [_thread_blocked, id=7412, stack(0x0000007d7b100000,0x0000007d7b200000)]
  0x00000208cc547000 JavaThread "Unconstrained build operations Thread 21" [_thread_blocked, id=5948, stack(0x0000007d7b200000,0x0000007d7b300000)]
  0x00000208cc541800 JavaThread "Unconstrained build operations Thread 22" [_thread_blocked, id=13800, stack(0x0000007d7b300000,0x0000007d7b400000)]
  0x00000208cc548000 JavaThread "Unconstrained build operations Thread 23" [_thread_blocked, id=7396, stack(0x0000007d7b400000,0x0000007d7b500000)]
  0x00000208cc542000 JavaThread "Unconstrained build operations Thread 24" [_thread_blocked, id=14172, stack(0x0000007d7b500000,0x0000007d7b600000)]
  0x00000208cc548800 JavaThread "Unconstrained build operations Thread 25" [_thread_blocked, id=12500, stack(0x0000007d7b600000,0x0000007d7b700000)]
  0x00000208cc543000 JavaThread "Unconstrained build operations Thread 26" [_thread_blocked, id=11932, stack(0x0000007d7b700000,0x0000007d7b800000)]
  0x00000208cc549800 JavaThread "Unconstrained build operations Thread 27" [_thread_blocked, id=13780, stack(0x0000007d7b800000,0x0000007d7b900000)]
  0x00000208cc543800 JavaThread "Unconstrained build operations Thread 28" [_thread_blocked, id=15048, stack(0x0000007d7b900000,0x0000007d7ba00000)]
  0x00000208cc54f000 JavaThread "Unconstrained build operations Thread 29" [_thread_blocked, id=13536, stack(0x0000007d7ba00000,0x0000007d7bb00000)]
  0x00000208cc550000 JavaThread "Unconstrained build operations Thread 30" [_thread_blocked, id=8540, stack(0x0000007d7bb00000,0x0000007d7bc00000)]
  0x00000208cc54a800 JavaThread "Unconstrained build operations Thread 31" [_thread_blocked, id=11848, stack(0x0000007d7bc00000,0x0000007d7bd00000)]
  0x00000208cc54b000 JavaThread "Unconstrained build operations Thread 32" [_thread_blocked, id=5024, stack(0x0000007d7bd00000,0x0000007d7be00000)]
  0x00000208cc54d800 JavaThread "Unconstrained build operations Thread 33" [_thread_blocked, id=13600, stack(0x0000007d7be00000,0x0000007d7bf00000)]
  0x00000208cc54c000 JavaThread "Unconstrained build operations Thread 34" [_thread_blocked, id=1360, stack(0x0000007d7bf00000,0x0000007d7c000000)]
  0x00000208c8697000 JavaThread "Unconstrained build operations Thread 35" [_thread_blocked, id=12616, stack(0x0000007d7c000000,0x0000007d7c100000)]
  0x00000208c8696800 JavaThread "Unconstrained build operations Thread 36" [_thread_blocked, id=14152, stack(0x0000007d7c100000,0x0000007d7c200000)]
  0x00000208c8693000 JavaThread "Unconstrained build operations Thread 37" [_thread_blocked, id=1844, stack(0x0000007d7c200000,0x0000007d7c300000)]
  0x00000208c8692000 JavaThread "Unconstrained build operations Thread 38" [_thread_blocked, id=12212, stack(0x0000007d7c300000,0x0000007d7c400000)]
  0x00000208c8699800 JavaThread "Unconstrained build operations Thread 39" [_thread_blocked, id=15164, stack(0x0000007d7c400000,0x0000007d7c500000)]
  0x00000208c8694000 JavaThread "Unconstrained build operations Thread 40" [_thread_blocked, id=4240, stack(0x0000007d7c500000,0x0000007d7c600000)]
  0x00000208c8698000 JavaThread "build event listener" [_thread_blocked, id=12644, stack(0x0000007d7c600000,0x0000007d7c700000)]
  0x00000208c8699000 JavaThread "Execution worker for ':'" [_thread_blocked, id=11756, stack(0x0000007d7c900000,0x0000007d7ca00000)]
  0x00000208c8694800 JavaThread "Execution worker for ':' Thread 2" [_thread_blocked, id=4104, stack(0x0000007d7ca00000,0x0000007d7cb00000)]
  0x00000208c869b000 JavaThread "Execution worker for ':' Thread 3" [_thread_blocked, id=1620, stack(0x0000007d7cb00000,0x0000007d7cc00000)]
  0x00000208c8695800 JavaThread "Cache worker for execution history cache (C:\Users\User\AndroidStudioProjects\Course35Gb\LispelDOC\project2\project\.gradle\7.2\executionHistory)" [_thread_blocked, id=2256, stack(0x0000007d7cc00000,0x0000007d7cd00000)]
  0x00000208c869f800 JavaThread "Build operations" [_thread_blocked, id=5464, stack(0x0000007d7cd00000,0x0000007d7ce00000)]
  0x00000208c869c000 JavaThread "Build operations Thread 2" [_thread_blocked, id=15028, stack(0x0000007d7ce00000,0x0000007d7cf00000)]
  0x00000208c869d000 JavaThread "Build operations Thread 3" [_thread_blocked, id=8356, stack(0x0000007d7d000000,0x0000007d7d100000)]
  0x00000208c869d800 JavaThread "Build operations Thread 4" [_thread_blocked, id=8828, stack(0x0000007d7d100000,0x0000007d7d200000)]

Other Threads:
  0x00000208c1d67000 VMThread "VM Thread" [stack: 0x0000007d77600000,0x0000007d77700000] [id=9576]
  0x00000208c277c800 WatcherThread [stack: 0x0000007d78000000,0x0000007d78100000] [id=8728]
  0x00000208a61e8000 GCTaskThread "GC Thread#0" [stack: 0x0000007d77100000,0x0000007d77200000] [id=14668]
  0x00000208c2cc5800 GCTaskThread "GC Thread#1" [stack: 0x0000007d78200000,0x0000007d78300000] [id=1456]
  0x00000208c2881000 GCTaskThread "GC Thread#2" [stack: 0x0000007d78300000,0x0000007d78400000] [id=8756]
  0x00000208c2f97800 GCTaskThread "GC Thread#3" [stack: 0x0000007d78400000,0x0000007d78500000] [id=1552]
  0x00000208a6218800 ConcurrentGCThread "G1 Main Marker" [stack: 0x0000007d77200000,0x0000007d77300000] [id=13052]
  0x00000208a621a000 ConcurrentGCThread "G1 Conc#0" [stack: 0x0000007d77300000,0x0000007d77400000] [id=8784]
  0x00000208c1bd4800 ConcurrentGCThread "G1 Refine#0" [stack: 0x0000007d77400000,0x0000007d77500000] [id=1512]
  0x00000208c1bd5800 ConcurrentGCThread "G1 Young RemSet Sampling" [stack: 0x0000007d77500000,0x0000007d77600000] [id=12828]

Threads with active compile tasks:
C2 CompilerThread0 337338 21598       4       androidx.room.jarjarred.org.antlr.v4.runtime.atn.ParserATNSimulator::closureCheckingStopState (246 bytes)
C2 CompilerThread1 337338 21607       4       androidx.room.jarjarred.org.antlr.v4.runtime.atn.ParserATNSimulator::closure_ (312 bytes)

VM state:at safepoint (normal execution)

VM Mutex/Monitor currently owned by a thread:  ([mutex/lock_event])
[0x00000208a61cc5c0] Threads_lock - owner thread: 0x00000208c1d67000
[0x00000208a61cc0b0] Compile_lock - owner thread: 0x00000208c9676000

Heap address: 0x0000000080000000, size: 2048 MB, Compressed Oops mode: 32-bit
Narrow klass base: 0x0000000000000000, Narrow klass shift: 3
Compressed class space size: 1073741824 Address: 0x0000000100000000

Heap:
 garbage-first heap   total 260096K, used 135512K [0x0000000080000000, 0x0000000100000000)
  region size 1024K, 6 young (6144K), 1 survivors (1024K)
 Metaspace       used 140489K, capacity 144219K, committed 144812K, reserved 1175552K
  class space    used 17485K, capacity 18907K, committed 19148K, reserved 1048576K
Heap Regions: E=young(eden), S=young(survivor), O=old, HS=humongous(starts), HC=humongous(continues), CS=collection set, F=free, A=archive, TAMS=top-at-mark-start (previous, next)
|   0|0x0000000080000000, 0x0000000080100000, 0x0000000080100000|100%| O|  |TAMS 0x0000000080100000, 0x0000000080000000| Untracked 
|   1|0x0000000080100000, 0x0000000080200000, 0x0000000080200000|100%| O|  |TAMS 0x0000000080200000, 0x0000000080100000| Untracked 
|   2|0x0000000080200000, 0x0000000080300000, 0x0000000080300000|100%| O|  |TAMS 0x0000000080300000, 0x0000000080200000| Untracked 
|   3|0x0000000080300000, 0x0000000080400000, 0x0000000080400000|100%|HS|  |TAMS 0x0000000080400000, 0x0000000080300000| Complete 
|   4|0x0000000080400000, 0x0000000080500000, 0x0000000080500000|100%|HC|  |TAMS 0x0000000080500000, 0x0000000080400000| Complete 
|   5|0x0000000080500000, 0x0000000080600000, 0x0000000080600000|100%|HC|  |TAMS 0x0000000080600000, 0x0000000080500000| Complete 
|   6|0x0000000080600000, 0x0000000080700000, 0x0000000080700000|100%| O|  |TAMS 0x0000000080700000, 0x0000000080600000| Untracked 
|   7|0x0000000080700000, 0x0000000080800000, 0x0000000080800000|100%| O|  |TAMS 0x0000000080800000, 0x0000000080700000| Untracked 
|   8|0x0000000080800000, 0x0000000080900000, 0x0000000080900000|100%| O|  |TAMS 0x0000000080900000, 0x0000000080800000| Untracked 
|   9|0x0000000080900000, 0x0000000080a00000, 0x0000000080a00000|100%| O|  |TAMS 0x0000000080a00000, 0x0000000080900000| Untracked 
|  10|0x0000000080a00000, 0x0000000080b00000, 0x0000000080b00000|100%| O|  |TAMS 0x0000000080b00000, 0x0000000080a00000| Untracked 
|  11|0x0000000080b00000, 0x0000000080c00000, 0x0000000080c00000|100%| O|  |TAMS 0x0000000080c00000, 0x0000000080b00000| Untracked 
|  12|0x0000000080c00000, 0x0000000080d00000, 0x0000000080d00000|100%| O|  |TAMS 0x0000000080d00000, 0x0000000080c00000| Untracked 
|  13|0x0000000080d00000, 0x0000000080e00000, 0x0000000080e00000|100%| O|  |TAMS 0x0000000080e00000, 0x0000000080d00000| Untracked 
|  14|0x0000000080e00000, 0x0000000080f00000, 0x0000000080f00000|100%| O|  |TAMS 0x0000000080f00000, 0x0000000080e00000| Untracked 
|  15|0x0000000080f00000, 0x0000000081000000, 0x0000000081000000|100%| O|  |TAMS 0x0000000081000000, 0x0000000080f00000| Untracked 
|  16|0x0000000081000000, 0x0000000081100000, 0x0000000081100000|100%| O|  |TAMS 0x0000000081100000, 0x0000000081000000| Untracked 
|  17|0x0000000081100000, 0x0000000081200000, 0x0000000081200000|100%| O|  |TAMS 0x0000000081200000, 0x0000000081100000| Untracked 
|  18|0x0000000081200000, 0x0000000081300000, 0x0000000081300000|100%|HS|  |TAMS 0x0000000081300000, 0x0000000081200000| Complete 
|  19|0x0000000081300000, 0x0000000081400000, 0x0000000081400000|100%|HS|  |TAMS 0x0000000081400000, 0x0000000081300000| Complete 
|  20|0x0000000081400000, 0x0000000081500000, 0x0000000081500000|100%|HS|  |TAMS 0x0000000081500000, 0x0000000081400000| Complete 
|  21|0x0000000081500000, 0x0000000081600000, 0x0000000081600000|100%|HS|  |TAMS 0x0000000081600000, 0x0000000081500000| Complete 
|  22|0x0000000081600000, 0x0000000081700000, 0x0000000081700000|100%|HC|  |TAMS 0x0000000081700000, 0x0000000081600000| Complete 
|  23|0x0000000081700000, 0x0000000081800000, 0x0000000081800000|100%| O|  |TAMS 0x0000000081800000, 0x0000000081700000| Untracked 
|  24|0x0000000081800000, 0x0000000081900000, 0x0000000081900000|100%| O|  |TAMS 0x0000000081900000, 0x0000000081800000| Untracked 
|  25|0x0000000081900000, 0x0000000081a00000, 0x0000000081a00000|100%| O|  |TAMS 0x0000000081a00000, 0x0000000081900000| Untracked 
|  26|0x0000000081a00000, 0x0000000081b00000, 0x0000000081b00000|100%| O|  |TAMS 0x0000000081b00000, 0x0000000081a00000| Untracked 
|  27|0x0000000081b00000, 0x0000000081c00000, 0x0000000081c00000|100%| O|  |TAMS 0x0000000081c00000, 0x0000000081b00000| Untracked 
|  28|0x0000000081c00000, 0x0000000081d00000, 0x0000000081d00000|100%| O|  |TAMS 0x0000000081d00000, 0x0000000081c00000| Untracked 
|  29|0x0000000081d00000, 0x0000000081e00000, 0x0000000081e00000|100%| O|  |TAMS 0x0000000081e00000, 0x0000000081d00000| Untracked 
|  30|0x0000000081e00000, 0x0000000081f00000, 0x0000000081f00000|100%| O|  |TAMS 0x0000000081f00000, 0x0000000081e00000| Untracked 
|  31|0x0000000081f00000, 0x0000000082000000, 0x0000000082000000|100%| O|  |TAMS 0x0000000082000000, 0x0000000081f00000| Untracked 
|  32|0x0000000082000000, 0x0000000082100000, 0x0000000082100000|100%| O|  |TAMS 0x0000000082100000, 0x0000000082000000| Untracked 
|  33|0x0000000082100000, 0x0000000082200000, 0x0000000082200000|100%| O|  |TAMS 0x0000000082200000, 0x0000000082100000| Untracked 
|  34|0x0000000082200000, 0x0000000082300000, 0x0000000082300000|100%| O|  |TAMS 0x0000000082300000, 0x0000000082200000| Untracked 
|  35|0x0000000082300000, 0x0000000082400000, 0x0000000082400000|100%| O|  |TAMS 0x0000000082400000, 0x0000000082300000| Untracked 
|  36|0x0000000082400000, 0x0000000082500000, 0x0000000082500000|100%| O|  |TAMS 0x0000000082500000, 0x0000000082400000| Untracked 
|  37|0x0000000082500000, 0x0000000082600000, 0x0000000082600000|100%| O|  |TAMS 0x0000000082600000, 0x0000000082500000| Untracked 
|  38|0x0000000082600000, 0x0000000082700000, 0x0000000082700000|100%| O|  |TAMS 0x0000000082700000, 0x0000000082600000| Untracked 
|  39|0x0000000082700000, 0x0000000082800000, 0x0000000082800000|100%| O|  |TAMS 0x0000000082800000, 0x0000000082700000| Untracked 
|  40|0x0000000082800000, 0x0000000082900000, 0x0000000082900000|100%| O|  |TAMS 0x0000000082900000, 0x0000000082800000| Untracked 
|  41|0x0000000082900000, 0x0000000082a00000, 0x0000000082a00000|100%| O|  |TAMS 0x0000000082a00000, 0x0000000082900000| Untracked 
|  42|0x0000000082a00000, 0x0000000082b00000, 0x0000000082b00000|100%| O|  |TAMS 0x0000000082b00000, 0x0000000082a00000| Untracked 
|  43|0x0000000082b00000, 0x0000000082c00000, 0x0000000082c00000|100%| O|  |TAMS 0x0000000082c00000, 0x0000000082b00000| Untracked 
|  44|0x0000000082c00000, 0x0000000082d00000, 0x0000000082d00000|100%| O|  |TAMS 0x0000000082d00000, 0x0000000082c00000| Untracked 
|  45|0x0000000082d00000, 0x0000000082e00000, 0x0000000082e00000|100%|HS|  |TAMS 0x0000000082e00000, 0x0000000082d00000| Complete 
|  46|0x0000000082e00000, 0x0000000082f00000, 0x0000000082f00000|100%|HS|  |TAMS 0x0000000082f00000, 0x0000000082e00000| Complete 
|  47|0x0000000082f00000, 0x0000000083000000, 0x0000000083000000|100%|HC|  |TAMS 0x0000000083000000, 0x0000000082f00000| Complete 
|  48|0x0000000083000000, 0x0000000083100000, 0x0000000083100000|100%|HC|  |TAMS 0x0000000083100000, 0x0000000083000000| Complete 
|  49|0x0000000083100000, 0x0000000083200000, 0x0000000083200000|100%| O|  |TAMS 0x0000000083200000, 0x0000000083100000| Untracked 
|  50|0x0000000083200000, 0x0000000083300000, 0x0000000083300000|100%| O|  |TAMS 0x0000000083300000, 0x0000000083200000| Untracked 
|  51|0x0000000083300000, 0x0000000083400000, 0x0000000083400000|100%| O|  |TAMS 0x0000000083400000, 0x0000000083300000| Untracked 
|  52|0x0000000083400000, 0x0000000083500000, 0x0000000083500000|100%| O|  |TAMS 0x0000000083500000, 0x0000000083400000| Untracked 
|  53|0x0000000083500000, 0x0000000083600000, 0x0000000083600000|100%| O|  |TAMS 0x0000000083600000, 0x0000000083500000| Untracked 
|  54|0x0000000083600000, 0x0000000083700000, 0x0000000083700000|100%| O|  |TAMS 0x0000000083700000, 0x0000000083600000| Untracked 
|  55|0x0000000083700000, 0x0000000083800000, 0x0000000083800000|100%| O|  |TAMS 0x0000000083800000, 0x0000000083700000| Untracked 
|  56|0x0000000083800000, 0x0000000083900000, 0x0000000083900000|100%| O|  |TAMS 0x0000000083900000, 0x0000000083800000| Untracked 
|  57|0x0000000083900000, 0x0000000083a00000, 0x0000000083a00000|100%| O|  |TAMS 0x0000000083a00000, 0x0000000083900000| Untracked 
|  58|0x0000000083a00000, 0x0000000083b00000, 0x0000000083b00000|100%| O|  |TAMS 0x0000000083b00000, 0x0000000083a00000| Untracked 
|  59|0x0000000083b00000, 0x0000000083c00000, 0x0000000083c00000|100%| O|  |TAMS 0x0000000083c00000, 0x0000000083b00000| Untracked 
|  60|0x0000000083c00000, 0x0000000083d00000, 0x0000000083d00000|100%| O|  |TAMS 0x0000000083d00000, 0x0000000083c00000| Untracked 
|  61|0x0000000083d00000, 0x0000000083e00000, 0x0000000083e00000|100%| O|  |TAMS 0x0000000083e00000, 0x0000000083d00000| Untracked 
|  62|0x0000000083e00000, 0x0000000083f00000, 0x0000000083f00000|100%| O|  |TAMS 0x0000000083f00000, 0x0000000083e00000| Untracked 
|  63|0x0000000083f00000, 0x0000000084000000, 0x0000000084000000|100%| O|  |TAMS 0x0000000084000000, 0x0000000083f00000| Untracked 
|  64|0x0000000084000000, 0x0000000084100000, 0x0000000084100000|100%| O|  |TAMS 0x0000000084100000, 0x0000000084000000| Untracked 
|  65|0x0000000084100000, 0x0000000084200000, 0x0000000084200000|100%| O|  |TAMS 0x0000000084200000, 0x0000000084100000| Untracked 
|  66|0x0000000084200000, 0x0000000084300000, 0x0000000084300000|100%| O|  |TAMS 0x0000000084300000, 0x0000000084200000| Untracked 
|  67|0x0000000084300000, 0x0000000084400000, 0x0000000084400000|100%| O|  |TAMS 0x0000000084400000, 0x0000000084300000| Untracked 
|  68|0x0000000084400000, 0x0000000084500000, 0x0000000084500000|100%| O|  |TAMS 0x0000000084500000, 0x0000000084400000| Untracked 
|  69|0x0000000084500000, 0x0000000084600000, 0x0000000084600000|100%| O|  |TAMS 0x0000000084600000, 0x0000000084500000| Untracked 
|  70|0x0000000084600000, 0x0000000084700000, 0x0000000084700000|100%| O|  |TAMS 0x0000000084700000, 0x0000000084600000| Untracked 
|  71|0x0000000084700000, 0x0000000084800000, 0x0000000084800000|100%| O|  |TAMS 0x0000000084800000, 0x0000000084700000| Untracked 
|  72|0x0000000084800000, 0x0000000084900000, 0x0000000084900000|100%| O|  |TAMS 0x0000000084900000, 0x0000000084800000| Untracked 
|  73|0x0000000084900000, 0x0000000084a00000, 0x0000000084a00000|100%| O|  |TAMS 0x0000000084a00000, 0x0000000084900000| Untracked 
|  74|0x0000000084a00000, 0x0000000084b00000, 0x0000000084b00000|100%| O|  |TAMS 0x0000000084b00000, 0x0000000084a00000| Untracked 
|  75|0x0000000084b00000, 0x0000000084c00000, 0x0000000084c00000|100%| O|  |TAMS 0x0000000084c00000, 0x0000000084b00000| Untracked 
|  76|0x0000000084c00000, 0x0000000084d00000, 0x0000000084d00000|100%| O|  |TAMS 0x0000000084d00000, 0x0000000084c00000| Untracked 
|  77|0x0000000084d00000, 0x0000000084e00000, 0x0000000084e00000|100%| O|  |TAMS 0x0000000084e00000, 0x0000000084d00000| Untracked 
|  78|0x0000000084e00000, 0x0000000084f00000, 0x0000000084f00000|100%| O|  |TAMS 0x0000000084f00000, 0x0000000084e00000| Untracked 
|  79|0x0000000084f00000, 0x0000000085000000, 0x0000000085000000|100%| O|  |TAMS 0x0000000085000000, 0x0000000084f00000| Untracked 
|  80|0x0000000085000000, 0x0000000085100000, 0x0000000085100000|100%| O|  |TAMS 0x0000000085100000, 0x0000000085000000| Untracked 
|  81|0x0000000085100000, 0x0000000085200000, 0x0000000085200000|100%| O|  |TAMS 0x0000000085200000, 0x0000000085100000| Untracked 
|  82|0x0000000085200000, 0x0000000085300000, 0x0000000085300000|100%| O|  |TAMS 0x0000000085300000, 0x0000000085200000| Untracked 
|  83|0x0000000085300000, 0x0000000085400000, 0x0000000085400000|100%| O|  |TAMS 0x0000000085400000, 0x0000000085300000| Untracked 
|  84|0x0000000085400000, 0x0000000085500000, 0x0000000085500000|100%| O|  |TAMS 0x0000000085500000, 0x0000000085400000| Untracked 
|  85|0x0000000085500000, 0x0000000085600000, 0x0000000085600000|100%| O|  |TAMS 0x0000000085600000, 0x0000000085500000| Untracked 
|  86|0x0000000085600000, 0x0000000085700000, 0x0000000085700000|100%| O|  |TAMS 0x0000000085600000, 0x0000000085600000| Untracked 
|  87|0x0000000085700000, 0x0000000085800000, 0x0000000085800000|100%| O|  |TAMS 0x0000000085800000, 0x0000000085700000| Untracked 
|  88|0x0000000085800000, 0x0000000085900000, 0x0000000085900000|100%| O|  |TAMS 0x0000000085900000, 0x0000000085800000| Untracked 
|  89|0x0000000085900000, 0x0000000085a00000, 0x0000000085a00000|100%| O|  |TAMS 0x0000000085a00000, 0x0000000085900000| Untracked 
|  90|0x0000000085a00000, 0x0000000085b00000, 0x0000000085b00000|100%| O|  |TAMS 0x0000000085b00000, 0x0000000085a00000| Untracked 
|  91|0x0000000085b00000, 0x0000000085c00000, 0x0000000085c00000|100%| O|  |TAMS 0x0000000085c00000, 0x0000000085b00000| Untracked 
|  92|0x0000000085c00000, 0x0000000085d00000, 0x0000000085d00000|100%| O|  |TAMS 0x0000000085c00000, 0x0000000085c00000| Untracked 
|  93|0x0000000085d00000, 0x0000000085e00000, 0x0000000085e00000|100%| O|  |TAMS 0x0000000085d00000, 0x0000000085d00000| Untracked 
|  94|0x0000000085e00000, 0x0000000085f00000, 0x0000000085f00000|100%| O|  |TAMS 0x0000000085e00000, 0x0000000085e00000| Untracked 
|  95|0x0000000085f00000, 0x0000000086000000, 0x0000000086000000|100%| O|  |TAMS 0x0000000086000000, 0x0000000085f00000| Untracked 
|  96|0x0000000086000000, 0x0000000086100000, 0x0000000086100000|100%| O|  |TAMS 0x000000008602be00, 0x0000000086000000| Untracked 
|  97|0x0000000086100000, 0x0000000086200000, 0x0000000086200000|100%|HS|  |TAMS 0x0000000086100000, 0x0000000086100000| Complete 
|  98|0x0000000086200000, 0x0000000086300000, 0x0000000086300000|100%|HC|  |TAMS 0x0000000086200000, 0x0000000086200000| Complete 
|  99|0x0000000086300000, 0x0000000086300000, 0x0000000086400000|  0%| F|  |TAMS 0x0000000086300000, 0x0000000086300000| Untracked 
| 100|0x0000000086400000, 0x0000000086400000, 0x0000000086500000|  0%| F|  |TAMS 0x0000000086400000, 0x0000000086400000| Untracked 
| 101|0x0000000086500000, 0x0000000086500000, 0x0000000086600000|  0%| F|  |TAMS 0x0000000086500000, 0x0000000086500000| Untracked 
| 102|0x0000000086600000, 0x0000000086600000, 0x0000000086700000|  0%| F|  |TAMS 0x0000000086600000, 0x0000000086600000| Untracked 
| 103|0x0000000086700000, 0x0000000086700000, 0x0000000086800000|  0%| F|  |TAMS 0x0000000086700000, 0x0000000086700000| Untracked 
| 104|0x0000000086800000, 0x0000000086900000, 0x0000000086900000|100%| O|  |TAMS 0x0000000086900000, 0x0000000086800000| Untracked 
| 105|0x0000000086900000, 0x0000000086900000, 0x0000000086a00000|  0%| F|  |TAMS 0x0000000086900000, 0x0000000086900000| Untracked 
| 106|0x0000000086a00000, 0x0000000086a00000, 0x0000000086b00000|  0%| F|  |TAMS 0x0000000086a00000, 0x0000000086a00000| Untracked 
| 107|0x0000000086b00000, 0x0000000086c00000, 0x0000000086c00000|100%| O|  |TAMS 0x0000000086c00000, 0x0000000086b00000| Untracked 
| 108|0x0000000086c00000, 0x0000000086d00000, 0x0000000086d00000|100%| O|  |TAMS 0x0000000086d00000, 0x0000000086c00000| Untracked 
| 109|0x0000000086d00000, 0x0000000086e00000, 0x0000000086e00000|100%| O|  |TAMS 0x0000000086d00000, 0x0000000086d00000| Untracked 
| 110|0x0000000086e00000, 0x0000000086f00000, 0x0000000086f00000|100%| O|  |TAMS 0x0000000086e00000, 0x0000000086e00000| Untracked 
| 111|0x0000000086f00000, 0x0000000087000000, 0x0000000087000000|100%| O|  |TAMS 0x0000000086f00000, 0x0000000086f00000| Untracked 
| 112|0x0000000087000000, 0x0000000087100000, 0x0000000087100000|100%| O|  |TAMS 0x0000000087100000, 0x0000000087000000| Untracked 
| 113|0x0000000087100000, 0x0000000087200000, 0x0000000087200000|100%| O|  |TAMS 0x0000000087100000, 0x0000000087100000| Untracked 
| 114|0x0000000087200000, 0x0000000087300000, 0x0000000087300000|100%| O|  |TAMS 0x0000000087200000, 0x0000000087200000| Untracked 
| 115|0x0000000087300000, 0x0000000087400000, 0x0000000087400000|100%| O|  |TAMS 0x0000000087300000, 0x0000000087300000| Untracked 
| 116|0x0000000087400000, 0x0000000087500000, 0x0000000087500000|100%| O|  |TAMS 0x0000000087400000, 0x0000000087400000| Untracked 
| 117|0x0000000087500000, 0x0000000087600000, 0x0000000087600000|100%| O|  |TAMS 0x0000000087500000, 0x0000000087500000| Untracked 
| 118|0x0000000087600000, 0x0000000087700000, 0x0000000087700000|100%| O|  |TAMS 0x0000000087600000, 0x0000000087600000| Untracked 
| 119|0x0000000087700000, 0x0000000087800000, 0x0000000087800000|100%| O|  |TAMS 0x0000000087700000, 0x0000000087700000| Untracked 
| 120|0x0000000087800000, 0x0000000087800000, 0x0000000087900000|  0%| F|  |TAMS 0x0000000087800000, 0x0000000087800000| Untracked 
| 121|0x0000000087900000, 0x0000000087a00000, 0x0000000087a00000|100%| O|  |TAMS 0x0000000087a00000, 0x0000000087900000| Untracked 
| 122|0x0000000087a00000, 0x0000000087b00000, 0x0000000087b00000|100%| O|  |TAMS 0x0000000087b00000, 0x0000000087a00000| Untracked 
| 123|0x0000000087b00000, 0x0000000087c00000, 0x0000000087c00000|100%| O|  |TAMS 0x0000000087c00000, 0x0000000087b00000| Untracked 
| 124|0x0000000087c00000, 0x0000000087d00000, 0x0000000087d00000|100%| O|  |TAMS 0x0000000087d00000, 0x0000000087c00000| Untracked 
| 125|0x0000000087d00000, 0x0000000087d00000, 0x0000000087e00000|  0%| F|  |TAMS 0x0000000087d00000, 0x0000000087d00000| Untracked 
| 126|0x0000000087e00000, 0x0000000087f00000, 0x0000000087f00000|100%| O|  |TAMS 0x0000000087e00000, 0x0000000087e00000| Untracked 
| 127|0x0000000087f00000, 0x0000000088000000, 0x0000000088000000|100%| O|  |TAMS 0x0000000087f00000, 0x0000000087f00000| Untracked 
| 128|0x0000000088000000, 0x0000000088100000, 0x0000000088100000|100%| O|  |TAMS 0x0000000088100000, 0x0000000088000000| Untracked 
| 129|0x0000000088100000, 0x0000000088100000, 0x0000000088200000|  0%| F|  |TAMS 0x0000000088100000, 0x0000000088100000| Untracked 
| 130|0x0000000088200000, 0x0000000088300000, 0x0000000088300000|100%| O|  |TAMS 0x0000000088300000, 0x0000000088200000| Untracked 
| 131|0x0000000088300000, 0x0000000088400000, 0x0000000088400000|100%| O|  |TAMS 0x0000000088400000, 0x0000000088300000| Untracked 
| 132|0x0000000088400000, 0x0000000088500000, 0x0000000088500000|100%| O|  |TAMS 0x0000000088400000, 0x0000000088400000| Untracked 
| 133|0x0000000088500000, 0x0000000088600000, 0x0000000088600000|100%| O|  |TAMS 0x0000000088500000, 0x0000000088500000| Untracked 
| 134|0x0000000088600000, 0x0000000088700000, 0x0000000088700000|100%| O|  |TAMS 0x0000000088600000, 0x0000000088600000| Untracked 
| 135|0x0000000088700000, 0x0000000088800000, 0x0000000088800000|100%| O|  |TAMS 0x0000000088700000, 0x0000000088700000| Untracked 
| 136|0x0000000088800000, 0x0000000088900000, 0x0000000088900000|100%| O|  |TAMS 0x0000000088800000, 0x0000000088800000| Untracked 
| 137|0x0000000088900000, 0x0000000088956200, 0x0000000088a00000| 33%| O|  |TAMS 0x0000000088900000, 0x0000000088900000| Untracked 
| 138|0x0000000088a00000, 0x0000000088a00000, 0x0000000088b00000|  0%| F|  |TAMS 0x0000000088a00000, 0x0000000088a00000| Untracked 
| 139|0x0000000088b00000, 0x0000000088b00000, 0x0000000088c00000|  0%| F|  |TAMS 0x0000000088b00000, 0x0000000088b00000| Untracked 
| 140|0x0000000088c00000, 0x0000000088c00000, 0x0000000088d00000|  0%| F|  |TAMS 0x0000000088c00000, 0x0000000088c00000| Untracked 
| 141|0x0000000088d00000, 0x0000000088d00000, 0x0000000088e00000|  0%| F|  |TAMS 0x0000000088d00000, 0x0000000088d00000| Untracked 
| 142|0x0000000088e00000, 0x0000000088e00000, 0x0000000088f00000|  0%| F|  |TAMS 0x0000000088e00000, 0x0000000088e00000| Untracked 
| 143|0x0000000088f00000, 0x0000000088f00000, 0x0000000089000000|  0%| F|  |TAMS 0x0000000088f00000, 0x0000000088f00000| Untracked 
| 144|0x0000000089000000, 0x0000000089000000, 0x0000000089100000|  0%| F|  |TAMS 0x0000000089000000, 0x0000000089000000| Untracked 
| 145|0x0000000089100000, 0x0000000089100000, 0x0000000089200000|  0%| F|  |TAMS 0x0000000089100000, 0x0000000089100000| Untracked 
| 146|0x0000000089200000, 0x0000000089200000, 0x0000000089300000|  0%| F|  |TAMS 0x0000000089200000, 0x0000000089200000| Untracked 
| 147|0x0000000089300000, 0x0000000089300000, 0x0000000089400000|  0%| F|  |TAMS 0x0000000089300000, 0x0000000089300000| Untracked 
| 148|0x0000000089400000, 0x0000000089400000, 0x0000000089500000|  0%| F|  |TAMS 0x0000000089400000, 0x0000000089400000| Untracked 
| 149|0x0000000089500000, 0x0000000089500000, 0x0000000089600000|  0%| F|  |TAMS 0x0000000089500000, 0x0000000089500000| Untracked 
| 150|0x0000000089600000, 0x0000000089600000, 0x0000000089700000|  0%| F|  |TAMS 0x0000000089600000, 0x0000000089600000| Untracked 
| 151|0x0000000089700000, 0x0000000089700000, 0x0000000089800000|  0%| F|  |TAMS 0x0000000089700000, 0x0000000089700000| Untracked 
| 152|0x0000000089800000, 0x0000000089800000, 0x0000000089900000|  0%| F|  |TAMS 0x0000000089800000, 0x0000000089800000| Untracked 
| 153|0x0000000089900000, 0x0000000089900000, 0x0000000089a00000|  0%| F|  |TAMS 0x0000000089900000, 0x0000000089900000| Untracked 
| 154|0x0000000089a00000, 0x0000000089a00000, 0x0000000089b00000|  0%| F|  |TAMS 0x0000000089a00000, 0x0000000089a00000| Untracked 
| 155|0x0000000089b00000, 0x0000000089b00000, 0x0000000089c00000|  0%| F|  |TAMS 0x0000000089b00000, 0x0000000089b00000| Untracked 
| 156|0x0000000089c00000, 0x0000000089c00000, 0x0000000089d00000|  0%| F|  |TAMS 0x0000000089c00000, 0x0000000089c00000| Untracked 
| 157|0x0000000089d00000, 0x0000000089d00000, 0x0000000089e00000|  0%| F|  |TAMS 0x0000000089d00000, 0x0000000089d00000| Untracked 
| 158|0x0000000089e00000, 0x0000000089e00000, 0x0000000089f00000|  0%| F|  |TAMS 0x0000000089e00000, 0x0000000089e00000| Untracked 
| 159|0x0000000089f00000, 0x0000000089f00000, 0x000000008a000000|  0%| F|  |TAMS 0x0000000089f00000, 0x0000000089f00000| Untracked 
| 160|0x000000008a000000, 0x000000008a000000, 0x000000008a100000|  0%| F|  |TAMS 0x000000008a000000, 0x000000008a000000| Untracked 
| 161|0x000000008a100000, 0x000000008a100000, 0x000000008a200000|  0%| F|  |TAMS 0x000000008a100000, 0x000000008a100000| Untracked 
| 162|0x000000008a200000, 0x000000008a200000, 0x000000008a300000|  0%| F|  |TAMS 0x000000008a200000, 0x000000008a200000| Untracked 
| 163|0x000000008a300000, 0x000000008a300000, 0x000000008a400000|  0%| F|  |TAMS 0x000000008a300000, 0x000000008a300000| Untracked 
| 164|0x000000008a400000, 0x000000008a400000, 0x000000008a500000|  0%| F|  |TAMS 0x000000008a400000, 0x000000008a400000| Untracked 
| 165|0x000000008a500000, 0x000000008a500000, 0x000000008a600000|  0%| F|  |TAMS 0x000000008a500000, 0x000000008a500000| Untracked 
| 166|0x000000008a600000, 0x000000008a600000, 0x000000008a700000|  0%| F|  |TAMS 0x000000008a600000, 0x000000008a600000| Untracked 
| 167|0x000000008a700000, 0x000000008a700000, 0x000000008a800000|  0%| F|  |TAMS 0x000000008a700000, 0x000000008a700000| Untracked 
| 168|0x000000008a800000, 0x000000008a800000, 0x000000008a900000|  0%| F|  |TAMS 0x000000008a800000, 0x000000008a800000| Untracked 
| 169|0x000000008a900000, 0x000000008a900000, 0x000000008aa00000|  0%| F|  |TAMS 0x000000008a900000, 0x000000008a900000| Untracked 
| 170|0x000000008aa00000, 0x000000008aa00000, 0x000000008ab00000|  0%| F|  |TAMS 0x000000008aa00000, 0x000000008aa00000| Untracked 
| 171|0x000000008ab00000, 0x000000008ab00000, 0x000000008ac00000|  0%| F|  |TAMS 0x000000008ab00000, 0x000000008ab00000| Untracked 
| 172|0x000000008ac00000, 0x000000008ac00000, 0x000000008ad00000|  0%| F|  |TAMS 0x000000008ac00000, 0x000000008ac00000| Untracked 
| 173|0x000000008ad00000, 0x000000008ad00000, 0x000000008ae00000|  0%| F|  |TAMS 0x000000008ad00000, 0x000000008ad00000| Untracked 
| 174|0x000000008ae00000, 0x000000008ae00000, 0x000000008af00000|  0%| F|  |TAMS 0x000000008ae00000, 0x000000008ae00000| Untracked 
| 175|0x000000008af00000, 0x000000008af00000, 0x000000008b000000|  0%| F|  |TAMS 0x000000008af00000, 0x000000008af00000| Untracked 
| 176|0x000000008b000000, 0x000000008b000000, 0x000000008b100000|  0%| F|  |TAMS 0x000000008b000000, 0x000000008b000000| Untracked 
| 177|0x000000008b100000, 0x000000008b100000, 0x000000008b200000|  0%| F|  |TAMS 0x000000008b100000, 0x000000008b100000| Untracked 
| 178|0x000000008b200000, 0x000000008b200000, 0x000000008b300000|  0%| F|  |TAMS 0x000000008b200000, 0x000000008b200000| Untracked 
| 179|0x000000008b300000, 0x000000008b300000, 0x000000008b400000|  0%| F|  |TAMS 0x000000008b300000, 0x000000008b300000| Untracked 
| 180|0x000000008b400000, 0x000000008b400000, 0x000000008b500000|  0%| F|  |TAMS 0x000000008b400000, 0x000000008b400000| Untracked 
| 181|0x000000008b500000, 0x000000008b500000, 0x000000008b600000|  0%| F|  |TAMS 0x000000008b500000, 0x000000008b500000| Untracked 
| 182|0x000000008b600000, 0x000000008b600000, 0x000000008b700000|  0%| F|  |TAMS 0x000000008b600000, 0x000000008b600000| Untracked 
| 183|0x000000008b700000, 0x000000008b700000, 0x000000008b800000|  0%| F|  |TAMS 0x000000008b700000, 0x000000008b700000| Untracked 
| 184|0x000000008b800000, 0x000000008b800000, 0x000000008b900000|  0%| F|  |TAMS 0x000000008b800000, 0x000000008b800000| Untracked 
| 185|0x000000008b900000, 0x000000008b900000, 0x000000008ba00000|  0%| F|  |TAMS 0x000000008b900000, 0x000000008b900000| Untracked 
| 186|0x000000008ba00000, 0x000000008ba00000, 0x000000008bb00000|  0%| F|  |TAMS 0x000000008ba00000, 0x000000008ba00000| Untracked 
| 187|0x000000008bb00000, 0x000000008bb00000, 0x000000008bc00000|  0%| F|  |TAMS 0x000000008bb00000, 0x000000008bb00000| Untracked 
| 188|0x000000008bc00000, 0x000000008bc00000, 0x000000008bd00000|  0%| F|  |TAMS 0x000000008bc00000, 0x000000008bc00000| Untracked 
| 189|0x000000008bd00000, 0x000000008bd00000, 0x000000008be00000|  0%| F|  |TAMS 0x000000008bd00000, 0x000000008bd00000| Untracked 
| 190|0x000000008be00000, 0x000000008be00000, 0x000000008bf00000|  0%| F|  |TAMS 0x000000008be00000, 0x000000008be00000| Untracked 
| 191|0x000000008bf00000, 0x000000008bf00000, 0x000000008c000000|  0%| F|  |TAMS 0x000000008bf00000, 0x000000008bf00000| Untracked 
| 192|0x000000008c000000, 0x000000008c000000, 0x000000008c100000|  0%| F|  |TAMS 0x000000008c000000, 0x000000008c000000| Untracked 
| 193|0x000000008c100000, 0x000000008c100000, 0x000000008c200000|  0%| F|  |TAMS 0x000000008c100000, 0x000000008c100000| Untracked 
| 194|0x000000008c200000, 0x000000008c200000, 0x000000008c300000|  0%| F|  |TAMS 0x000000008c200000, 0x000000008c200000| Untracked 
| 195|0x000000008c300000, 0x000000008c300000, 0x000000008c400000|  0%| F|  |TAMS 0x000000008c300000, 0x000000008c300000| Untracked 
| 196|0x000000008c400000, 0x000000008c400000, 0x000000008c500000|  0%| F|  |TAMS 0x000000008c400000, 0x000000008c400000| Untracked 
| 197|0x000000008c500000, 0x000000008c500000, 0x000000008c600000|  0%| F|  |TAMS 0x000000008c500000, 0x000000008c500000| Untracked 
| 198|0x000000008c600000, 0x000000008c600000, 0x000000008c700000|  0%| F|  |TAMS 0x000000008c600000, 0x000000008c600000| Untracked 
| 199|0x000000008c700000, 0x000000008c700000, 0x000000008c800000|  0%| F|  |TAMS 0x000000008c700000, 0x000000008c700000| Untracked 
| 200|0x000000008c800000, 0x000000008c800000, 0x000000008c900000|  0%| F|  |TAMS 0x000000008c800000, 0x000000008c800000| Untracked 
| 201|0x000000008c900000, 0x000000008c900000, 0x000000008ca00000|  0%| F|  |TAMS 0x000000008c900000, 0x000000008c900000| Untracked 
| 202|0x000000008ca00000, 0x000000008ca00000, 0x000000008cb00000|  0%| F|  |TAMS 0x000000008ca00000, 0x000000008ca00000| Untracked 
| 203|0x000000008cb00000, 0x000000008cb00000, 0x000000008cc00000|  0%| F|  |TAMS 0x000000008cb00000, 0x000000008cb00000| Untracked 
| 204|0x000000008cc00000, 0x000000008cc00000, 0x000000008cd00000|  0%| F|  |TAMS 0x000000008cc00000, 0x000000008cc00000| Untracked 
| 205|0x000000008cd00000, 0x000000008cd00000, 0x000000008ce00000|  0%| F|  |TAMS 0x000000008cd00000, 0x000000008cd00000| Untracked 
| 206|0x000000008ce00000, 0x000000008ce00000, 0x000000008cf00000|  0%| F|  |TAMS 0x000000008ce00000, 0x000000008ce00000| Untracked 
| 207|0x000000008cf00000, 0x000000008cf00000, 0x000000008d000000|  0%| F|  |TAMS 0x000000008cf00000, 0x000000008cf00000| Untracked 
| 208|0x000000008d000000, 0x000000008d000000, 0x000000008d100000|  0%| F|  |TAMS 0x000000008d000000, 0x000000008d000000| Untracked 
| 209|0x000000008d100000, 0x000000008d100000, 0x000000008d200000|  0%| F|  |TAMS 0x000000008d100000, 0x000000008d100000| Untracked 
| 210|0x000000008d200000, 0x000000008d200000, 0x000000008d300000|  0%| F|  |TAMS 0x000000008d200000, 0x000000008d200000| Untracked 
| 211|0x000000008d300000, 0x000000008d300000, 0x000000008d400000|  0%| F|  |TAMS 0x000000008d300000, 0x000000008d300000| Untracked 
| 212|0x000000008d400000, 0x000000008d400000, 0x000000008d500000|  0%| F|  |TAMS 0x000000008d400000, 0x000000008d400000| Untracked 
| 213|0x000000008d500000, 0x000000008d500000, 0x000000008d600000|  0%| F|  |TAMS 0x000000008d500000, 0x000000008d500000| Untracked 
| 214|0x000000008d600000, 0x000000008d600000, 0x000000008d700000|  0%| F|  |TAMS 0x000000008d600000, 0x000000008d600000| Untracked 
| 215|0x000000008d700000, 0x000000008d700000, 0x000000008d800000|  0%| F|  |TAMS 0x000000008d700000, 0x000000008d700000| Untracked 
| 216|0x000000008d800000, 0x000000008d800000, 0x000000008d900000|  0%| F|  |TAMS 0x000000008d800000, 0x000000008d800000| Untracked 
| 217|0x000000008d900000, 0x000000008d900000, 0x000000008da00000|  0%| F|  |TAMS 0x000000008d900000, 0x000000008d900000| Untracked 
| 218|0x000000008da00000, 0x000000008da00000, 0x000000008db00000|  0%| F|  |TAMS 0x000000008da00000, 0x000000008da00000| Untracked 
| 219|0x000000008db00000, 0x000000008db00000, 0x000000008dc00000|  0%| F|  |TAMS 0x000000008db00000, 0x000000008db00000| Untracked 
| 220|0x000000008dc00000, 0x000000008dc00000, 0x000000008dd00000|  0%| F|  |TAMS 0x000000008dc00000, 0x000000008dc00000| Untracked 
| 221|0x000000008dd00000, 0x000000008dd00000, 0x000000008de00000|  0%| F|  |TAMS 0x000000008dd00000, 0x000000008dd00000| Untracked 
| 222|0x000000008de00000, 0x000000008de00000, 0x000000008df00000|  0%| F|  |TAMS 0x000000008de00000, 0x000000008de00000| Untracked 
| 223|0x000000008df00000, 0x000000008df00000, 0x000000008e000000|  0%| F|  |TAMS 0x000000008df00000, 0x000000008df00000| Untracked 
| 224|0x000000008e000000, 0x000000008e000000, 0x000000008e100000|  0%| F|  |TAMS 0x000000008e000000, 0x000000008e000000| Untracked 
| 225|0x000000008e100000, 0x000000008e100000, 0x000000008e200000|  0%| F|  |TAMS 0x000000008e100000, 0x000000008e100000| Untracked 
| 226|0x000000008e200000, 0x000000008e200000, 0x000000008e300000|  0%| F|  |TAMS 0x000000008e200000, 0x000000008e200000| Untracked 
| 227|0x000000008e300000, 0x000000008e300000, 0x000000008e400000|  0%| F|  |TAMS 0x000000008e300000, 0x000000008e300000| Untracked 
| 228|0x000000008e400000, 0x000000008e400000, 0x000000008e500000|  0%| F|  |TAMS 0x000000008e400000, 0x000000008e400000| Untracked 
| 229|0x000000008e500000, 0x000000008e500000, 0x000000008e600000|  0%| F|  |TAMS 0x000000008e500000, 0x000000008e500000| Untracked 
| 230|0x000000008e600000, 0x000000008e600000, 0x000000008e700000|  0%| F|  |TAMS 0x000000008e600000, 0x000000008e600000| Untracked 
| 231|0x000000008e700000, 0x000000008e700000, 0x000000008e800000|  0%| F|  |TAMS 0x000000008e700000, 0x000000008e700000| Untracked 
| 232|0x000000008e800000, 0x000000008e800000, 0x000000008e900000|  0%| F|  |TAMS 0x000000008e800000, 0x000000008e800000| Untracked 
| 233|0x000000008e900000, 0x000000008e900000, 0x000000008ea00000|  0%| F|  |TAMS 0x000000008e900000, 0x000000008e900000| Untracked 
| 234|0x000000008ea00000, 0x000000008ea00000, 0x000000008eb00000|  0%| F|  |TAMS 0x000000008ea00000, 0x000000008ea00000| Untracked 
| 235|0x000000008eb00000, 0x000000008eb00000, 0x000000008ec00000|  0%| F|  |TAMS 0x000000008eb00000, 0x000000008eb00000| Untracked 
| 236|0x000000008ec00000, 0x000000008ec00000, 0x000000008ed00000|  0%| F|  |TAMS 0x000000008ec00000, 0x000000008ec00000| Untracked 
| 237|0x000000008ed00000, 0x000000008ed00000, 0x000000008ee00000|  0%| F|  |TAMS 0x000000008ed00000, 0x000000008ed00000| Untracked 
| 238|0x000000008ee00000, 0x000000008ee00000, 0x000000008ef00000|  0%| F|  |TAMS 0x000000008ee00000, 0x000000008ee00000| Untracked 
| 239|0x000000008ef00000, 0x000000008ef00000, 0x000000008f000000|  0%| F|  |TAMS 0x000000008ef00000, 0x000000008ef00000| Untracked 
| 240|0x000000008f000000, 0x000000008f000000, 0x000000008f100000|  0%| F|  |TAMS 0x000000008f000000, 0x000000008f000000| Untracked 
| 241|0x000000008f100000, 0x000000008f100000, 0x000000008f200000|  0%| F|  |TAMS 0x000000008f100000, 0x000000008f100000| Untracked 
| 242|0x000000008f200000, 0x000000008f200000, 0x000000008f300000|  0%| F|  |TAMS 0x000000008f200000, 0x000000008f200000| Untracked 
| 243|0x000000008f300000, 0x000000008f300000, 0x000000008f400000|  0%| F|  |TAMS 0x000000008f300000, 0x000000008f300000| Untracked 
| 244|0x000000008f400000, 0x000000008f400000, 0x000000008f500000|  0%| F|  |TAMS 0x000000008f400000, 0x000000008f400000| Untracked 
| 245|0x000000008f500000, 0x000000008f500000, 0x000000008f600000|  0%| F|  |TAMS 0x000000008f500000, 0x000000008f500000| Untracked 
| 246|0x000000008f600000, 0x000000008f600000, 0x000000008f700000|  0%| F|  |TAMS 0x000000008f600000, 0x000000008f600000| Untracked 
| 247|0x000000008f700000, 0x000000008f700000, 0x000000008f800000|  0%| F|  |TAMS 0x000000008f700000, 0x000000008f700000| Untracked 
| 248|0x000000008f800000, 0x000000008f900000, 0x000000008f900000|100%| E|  |TAMS 0x000000008f800000, 0x000000008f800000| Complete 
| 249|0x000000008f900000, 0x000000008fa00000, 0x000000008fa00000|100%| E|CS|TAMS 0x000000008f900000, 0x000000008f900000| Complete 
| 250|0x000000008fa00000, 0x000000008fb00000, 0x000000008fb00000|100%| E|CS|TAMS 0x000000008fa00000, 0x000000008fa00000| Complete 
| 251|0x000000008fb00000, 0x000000008fc00000, 0x000000008fc00000|100%| E|CS|TAMS 0x000000008fb00000, 0x000000008fb00000| Complete 
| 252|0x000000008fc00000, 0x000000008fd00000, 0x000000008fd00000|100%| S|CS|TAMS 0x000000008fc00000, 0x000000008fc00000| Complete 
| 253|0x000000008fd00000, 0x000000008fe00000, 0x000000008fe00000|100%| E|CS|TAMS 0x000000008fd00000, 0x000000008fd00000| Complete 

Card table byte_map: [0x00000208baf30000,0x00000208bb330000] _byte_map_base: 0x00000208bab30000

Marking Bits (Prev, Next): (CMBitMap*) 0x00000208a620fa48, (CMBitMap*) 0x00000208a620fa80
 Prev Bits: [0x00000208bb730000, 0x00000208bd730000)
 Next Bits: [0x00000208bd730000, 0x00000208bf730000)

Polling page: 0x00000208a6080000

Metaspace:

Usage:
  Non-class:    122.38 MB capacity,   120.12 MB ( 98%) used,     1.82 MB (  1%) free+waste,   446.56 KB ( <1%) overhead. 
      Class:     18.46 MB capacity,    17.08 MB ( 92%) used,     1.19 MB (  6%) free+waste,   196.44 KB (  1%) overhead. 
       Both:    140.84 MB capacity,   137.20 MB ( 97%) used,     3.01 MB (  2%) free+waste,   643.00 KB ( <1%) overhead. 

Virtual space:
  Non-class space:      124.00 MB reserved,     122.72 MB ( 99%) committed 
      Class space:        1.00 GB reserved,      18.70 MB (  2%) committed 
             Both:        1.12 GB reserved,     141.42 MB ( 12%) committed 

Chunk freelists:
   Non-Class:  224.00 KB
       Class:  165.00 KB
        Both:  389.00 KB

MaxMetaspaceSize: 17179869184.00 GB
CompressedClassSpaceSize: 1.00 GB

CodeHeap 'non-profiled nmethods': size=120064Kb used=13133Kb max_used=13133Kb free=106930Kb
 bounds [0x00000208b2fc0000, 0x00000208b3ca0000, 0x00000208ba500000]
CodeHeap 'profiled nmethods': size=120000Kb used=47392Kb max_used=47392Kb free=72607Kb
 bounds [0x00000208aba90000, 0x00000208ae8f0000, 0x00000208b2fc0000]
CodeHeap 'non-nmethods': size=5696Kb used=2339Kb max_used=2395Kb free=3357Kb
 bounds [0x00000208ab500000, 0x00000208ab770000, 0x00000208aba90000]
 total_blobs=21727 nmethods=20763 adapters=874
 compilation: enabled
              stopped_count=0, restarted_count=0
 full_count=0

Compilation events (20 events):
Event: 337.205 Thread 0x00000208c260b800 21823       3       androidx.room.processor.CustomConverterProcessor$Companion::access$isInvalidReturnType (6 bytes)
Event: 337.206 Thread 0x00000208c260b800 nmethod 21823 0x00000208ae8dc790 code [0x00000208ae8dca60, 0x00000208ae8dd968]
Event: 337.206 Thread 0x00000208c260b800 21824       3       androidx.room.processor.CustomConverterProcessor$Companion::isInvalidReturnType (31 bytes)
Event: 337.208 Thread 0x00000208c260b800 nmethod 21824 0x00000208ae8dde10 code [0x00000208ae8de0e0, 0x00000208ae8defa8]
Event: 337.209 Thread 0x00000208c260b800 21830       3       androidx.room.compiler.processing.javac.JavacExecutableElement::getEqualityItems (22 bytes)
Event: 337.230 Thread 0x00000208c260b800 nmethod 21830 0x00000208ae8df410 code [0x00000208ae8df5e0, 0x00000208ae8df888]
Event: 337.231 Thread 0x00000208c260b800 21831       3       kotlin.collections.EmptyList::toArray (5 bytes)
Event: 337.232 Thread 0x00000208c260b800 nmethod 21831 0x00000208ae8df990 code [0x00000208ae8dfb40, 0x00000208ae8dfc68]
Event: 337.232 Thread 0x00000208c260b800 21832       3       kotlin.jvm.internal.CollectionToArray::toArray (202 bytes)
Event: 337.233 Thread 0x00000208c260b800 nmethod 21832 0x00000208ae8dfd10 code [0x00000208ae8e0040, 0x00000208ae8e1248]
Event: 337.257 Thread 0x00000208c260b800 21833       3       sun.security.jca.ProviderList::getProvider (22 bytes)
Event: 337.258 Thread 0x00000208c260b800 nmethod 21833 0x00000208ae8e1790 code [0x00000208ae8e1960, 0x00000208ae8e1b28]
Event: 337.264 Thread 0x00000208c260b800 21834       1       androidx.room.vo.PrimaryKey::getFields (5 bytes)
Event: 337.265 Thread 0x00000208c260b800 nmethod 21834 0x00000208b3c93410 code [0x00000208b3c935c0, 0x00000208b3c93678]
Event: 337.268 Thread 0x00000208c260b800 21835       3       com.sun.tools.javac.code.Attribute$Class::accept (12 bytes)
Event: 337.269 Thread 0x00000208c260b800 nmethod 21835 0x00000208ae8e1c10 code [0x00000208ae8e1dc0, 0x00000208ae8e1f88]
Event: 337.270 Thread 0x00000208c260b800 21836       3       androidx.room.compiler.processing.javac.JavacElement::hashCode (11 bytes)
Event: 337.271 Thread 0x00000208c260b800 nmethod 21836 0x00000208ae8e2090 code [0x00000208ae8e22e0, 0x00000208ae8e29b8]
Event: 337.271 Thread 0x00000208c260b800 21837       3       androidx.room.compiler.processing.javac.JavacDeclaredType::getEqualityItems (22 bytes)
Event: 337.271 Thread 0x00000208c260b800 nmethod 21837 0x00000208ae8e2c90 code [0x00000208ae8e2e60, 0x00000208ae8e3108]

GC Heap History (20 events):
Event: 114.171 GC heap before
{Heap before GC invocations=23 (full 0):
 garbage-first heap   total 260096K, used 204462K [0x0000000080000000, 0x0000000100000000)
  region size 1024K, 89 young (91136K), 11 survivors (11264K)
 Metaspace       used 110502K, capacity 113205K, committed 113324K, reserved 1148928K
  class space    used 13671K, capacity 14682K, committed 14796K, reserved 1048576K
}
Event: 114.184 GC heap after
{Heap after GC invocations=24 (full 0):
 garbage-first heap   total 260096K, used 125873K [0x0000000080000000, 0x0000000100000000)
  region size 1024K, 3 young (3072K), 3 survivors (3072K)
 Metaspace       used 110502K, capacity 113205K, committed 113324K, reserved 1148928K
  class space    used 13671K, capacity 14682K, committed 14796K, reserved 1048576K
}
Event: 118.562 GC heap before
{Heap before GC invocations=24 (full 0):
 garbage-first heap   total 260096K, used 208817K [0x0000000080000000, 0x0000000100000000)
  region size 1024K, 85 young (87040K), 3 survivors (3072K)
 Metaspace       used 112867K, capacity 115674K, committed 115756K, reserved 1150976K
  class space    used 13876K, capacity 14906K, committed 14924K, reserved 1048576K
}
Event: 118.582 GC heap after
{Heap after GC invocations=25 (full 0):
 garbage-first heap   total 260096K, used 130614K [0x0000000080000000, 0x0000000100000000)
  region size 1024K, 8 young (8192K), 8 survivors (8192K)
 Metaspace       used 112867K, capacity 115674K, committed 115756K, reserved 1150976K
  class space    used 13876K, capacity 14906K, committed 14924K, reserved 1048576K
}
Event: 121.518 GC heap before
{Heap before GC invocations=26 (full 0):
 garbage-first heap   total 260096K, used 209462K [0x0000000080000000, 0x0000000100000000)
  region size 1024K, 87 young (89088K), 8 survivors (8192K)
 Metaspace       used 123502K, capacity 126859K, committed 126892K, reserved 1159168K
  class space    used 15544K, capacity 16840K, committed 16844K, reserved 1048576K
}
Event: 121.544 GC heap after
{Heap after GC invocations=27 (full 0):
 garbage-first heap   total 260096K, used 132809K [0x0000000080000000, 0x0000000100000000)
  region size 1024K, 9 young (9216K), 9 survivors (9216K)
 Metaspace       used 123502K, capacity 126859K, committed 126892K, reserved 1159168K
  class space    used 15544K, capacity 16840K, committed 16844K, reserved 1048576K
}
Event: 121.622 GC heap before
{Heap before GC invocations=27 (full 0):
 garbage-first heap   total 260096K, used 135881K [0x0000000080000000, 0x0000000100000000)
  region size 1024K, 12 young (12288K), 9 survivors (9216K)
 Metaspace       used 123911K, capacity 127348K, committed 127532K, reserved 1161216K
  class space    used 15612K, capacity 16943K, committed 16972K, reserved 1048576K
}
Event: 121.660 GC heap after
{Heap after GC invocations=28 (full 0):
 garbage-first heap   total 260096K, used 123711K [0x0000000080000000, 0x0000000100000000)
  region size 1024K, 2 young (2048K), 2 survivors (2048K)
 Metaspace       used 123911K, capacity 127348K, committed 127532K, reserved 1161216K
  class space    used 15612K, capacity 16943K, committed 16972K, reserved 1048576K
}
Event: 124.205 GC heap before
{Heap before GC invocations=28 (full 0):
 garbage-first heap   total 260096K, used 208703K [0x0000000080000000, 0x0000000100000000)
  region size 1024K, 86 young (88064K), 2 survivors (2048K)
 Metaspace       used 130453K, capacity 134192K, committed 134444K, reserved 1165312K
  class space    used 16514K, capacity 17969K, committed 17996K, reserved 1048576K
}
Event: 124.217 GC heap after
{Heap after GC invocations=29 (full 0):
 garbage-first heap   total 260096K, used 126093K [0x0000000080000000, 0x0000000100000000)
  region size 1024K, 4 young (4096K), 4 survivors (4096K)
 Metaspace       used 130453K, capacity 134192K, committed 134444K, reserved 1165312K
  class space    used 16514K, capacity 17969K, committed 17996K, reserved 1048576K
}
Event: 170.846 GC heap before
{Heap before GC invocations=30 (full 0):
 garbage-first heap   total 260096K, used 224397K [0x0000000080000000, 0x0000000100000000)
  region size 1024K, 89 young (91136K), 4 survivors (4096K)
 Metaspace       used 132254K, capacity 135932K, committed 136492K, reserved 1167360K
  class space    used 16645K, capacity 18048K, committed 18252K, reserved 1048576K
}
Event: 170.866 GC heap after
{Heap after GC invocations=31 (full 0):
 garbage-first heap   total 260096K, used 130988K [0x0000000080000000, 0x0000000100000000)
  region size 1024K, 11 young (11264K), 11 survivors (11264K)
 Metaspace       used 132254K, capacity 135932K, committed 136492K, reserved 1167360K
  class space    used 16645K, capacity 18048K, committed 18252K, reserved 1048576K
}
Event: 170.877 GC heap before
{Heap before GC invocations=31 (full 0):
 garbage-first heap   total 260096K, used 132012K [0x0000000080000000, 0x0000000100000000)
  region size 1024K, 12 young (12288K), 11 survivors (11264K)
 Metaspace       used 132254K, capacity 135932K, committed 136492K, reserved 1167360K
  class space    used 16645K, capacity 18048K, committed 18252K, reserved 1048576K
}
Event: 170.896 GC heap after
{Heap after GC invocations=32 (full 0):
 garbage-first heap   total 260096K, used 119378K [0x0000000080000000, 0x0000000100000000)
  region size 1024K, 2 young (2048K), 2 survivors (2048K)
 Metaspace       used 132254K, capacity 135932K, committed 136492K, reserved 1167360K
  class space    used 16645K, capacity 18048K, committed 18252K, reserved 1048576K
}
Event: 334.869 GC heap before
{Heap before GC invocations=32 (full 0):
 garbage-first heap   total 260096K, used 195154K [0x0000000080000000, 0x0000000100000000)
  region size 1024K, 78 young (79872K), 2 survivors (2048K)
 Metaspace       used 133032K, capacity 136797K, committed 137388K, reserved 1169408K
  class space    used 16700K, capacity 18145K, committed 18380K, reserved 1048576K
}
Event: 334.892 GC heap after
{Heap after GC invocations=33 (full 0):
 garbage-first heap   total 260096K, used 127577K [0x0000000080000000, 0x0000000100000000)
  region size 1024K, 10 young (10240K), 10 survivors (10240K)
 Metaspace       used 133032K, capacity 136797K, committed 137388K, reserved 1169408K
  class space    used 16700K, capacity 18145K, committed 18380K, reserved 1048576K
}
Event: 337.142 GC heap before
{Heap before GC invocations=34 (full 0):
 garbage-first heap   total 260096K, used 210521K [0x0000000080000000, 0x0000000100000000)
  region size 1024K, 91 young (93184K), 10 survivors (10240K)
 Metaspace       used 140037K, capacity 143739K, committed 144300K, reserved 1175552K
  class space    used 17449K, capacity 18875K, committed 19148K, reserved 1048576K
}
Event: 337.169 GC heap after
{Heap after GC invocations=35 (full 0):
 garbage-first heap   total 260096K, used 138789K [0x0000000080000000, 0x0000000100000000)
  region size 1024K, 11 young (11264K), 11 survivors (11264K)
 Metaspace       used 140037K, capacity 143739K, committed 144300K, reserved 1175552K
  class space    used 17449K, capacity 18875K, committed 19148K, reserved 1048576K
}
Event: 337.209 GC heap before
{Heap before GC invocations=35 (full 0):
 garbage-first heap   total 260096K, used 139813K [0x0000000080000000, 0x0000000100000000)
  region size 1024K, 12 young (12288K), 11 survivors (11264K)
 Metaspace       used 140058K, capacity 143739K, committed 144300K, reserved 1175552K
  class space    used 17449K, capacity 18875K, committed 19148K, reserved 1048576K
}
Event: 337.230 GC heap after
{Heap after GC invocations=36 (full 0):
 garbage-first heap   total 260096K, used 131416K [0x0000000080000000, 0x0000000100000000)
  region size 1024K, 1 young (1024K), 1 survivors (1024K)
 Metaspace       used 140058K, capacity 143739K, committed 144300K, reserved 1175552K
  class space    used 17449K, capacity 18875K, committed 19148K, reserved 1048576K
}

Deoptimization events (20 events):
Event: 334.261 Thread 0x00000208c9676000 DEOPT PACKING pc=0x00000208b35e885c sp=0x0000007d788f5600
Event: 334.261 Thread 0x00000208c9676000 DEOPT UNPACKING pc=0x00000208ab5262a9 sp=0x0000007d788f55a0 mode 2
Event: 335.422 Thread 0x00000208c9676000 Uncommon trap: trap_request=0xffffff4d fr.pc=0x00000208b38aff20 relative=0x0000000000002260
Event: 335.423 Thread 0x00000208c9676000 Uncommon trap: reason=unstable_if action=reinterpret pc=0x00000208b38aff20 method=com.sun.tools.javac.file.JavacFileManager.getContainer(Ljava/nio/file/Path;)Lcom/sun/tools/javac/file/JavacFileManager$Container; @ 28 c2
Event: 335.423 Thread 0x00000208c9676000 DEOPT PACKING pc=0x00000208b38aff20 sp=0x0000007d788f4f30
Event: 335.423 Thread 0x00000208c9676000 DEOPT UNPACKING pc=0x00000208ab5262a9 sp=0x0000007d788f4f30 mode 2
Event: 336.536 Thread 0x00000208c9676000 DEOPT PACKING pc=0x00000208ae7e2f5e sp=0x0000007d788f44b0
Event: 336.536 Thread 0x00000208c9676000 DEOPT UNPACKING pc=0x00000208ab5266bf sp=0x0000007d788f39b8 mode 0
Event: 336.540 Thread 0x00000208c9676000 Uncommon trap: trap_request=0xffffff4d fr.pc=0x00000208b3c71f44 relative=0x0000000000000764
Event: 336.540 Thread 0x00000208c9676000 Uncommon trap: reason=unstable_if action=reinterpret pc=0x00000208b3c71f44 method=org.sqlite.SQLiteJDBCLoader.contentsEquals(Ljava/io/InputStream;Ljava/io/InputStream;)Z @ 39 c2
Event: 336.540 Thread 0x00000208c9676000 DEOPT PACKING pc=0x00000208b3c71f44 sp=0x0000007d788f44e0
Event: 336.540 Thread 0x00000208c9676000 DEOPT UNPACKING pc=0x00000208ab5262a9 sp=0x0000007d788f44b8 mode 2
Event: 336.786 Thread 0x00000208c9676000 Uncommon trap: trap_request=0xffffff4d fr.pc=0x00000208b3c7423c relative=0x000000000000073c
Event: 336.786 Thread 0x00000208c9676000 Uncommon trap: reason=unstable_if action=reinterpret pc=0x00000208b3c7423c method=androidx.room.jarjarred.org.antlr.v4.runtime.atn.ATNState.addTransition(ILandroidx/room/jarjarred/org/antlr/v4/runtime/atn/Transition;)V @ 115 c2
Event: 336.786 Thread 0x00000208c9676000 DEOPT PACKING pc=0x00000208b3c7423c sp=0x0000007d788f4350
Event: 336.786 Thread 0x00000208c9676000 DEOPT UNPACKING pc=0x00000208ab5262a9 sp=0x0000007d788f4318 mode 2
Event: 336.950 Thread 0x00000208c9676000 Uncommon trap: trap_request=0xffffff4d fr.pc=0x00000208b3c8a524 relative=0x0000000000000624
Event: 336.950 Thread 0x00000208c9676000 Uncommon trap: reason=unstable_if action=reinterpret pc=0x00000208b3c8a524 method=androidx.room.jarjarred.org.antlr.v4.runtime.atn.ParserATNSimulator.getEpsilonTarget(Landroidx/room/jarjarred/org/antlr/v4/runtime/atn/ATNConfig;Landroidx/room/jarjarred/org
Event: 336.950 Thread 0x00000208c9676000 DEOPT PACKING pc=0x00000208b3c8a524 sp=0x0000007d788f3950
Event: 336.950 Thread 0x00000208c9676000 DEOPT UNPACKING pc=0x00000208ab5262a9 sp=0x0000007d788f38f8 mode 2

Classes redefined (0 events):
No events

Internal exceptions (20 events):
Event: 335.666 Thread 0x00000208c9676000 Exception <a 'sun/nio/fs/WindowsException'{0x000000008e093a50}> (0x000000008e093a50) thrown at [./src/hotspot/share/prims/jni.cpp, line 615]
Event: 335.667 Thread 0x00000208c9676000 Exception <a 'sun/nio/fs/WindowsException'{0x000000008e093bf8}> (0x000000008e093bf8) thrown at [./src/hotspot/share/prims/jni.cpp, line 615]
Event: 335.674 Thread 0x00000208c9676000 Exception <a 'sun/nio/fs/WindowsException'{0x000000008e0d71d8}> (0x000000008e0d71d8) thrown at [./src/hotspot/share/prims/jni.cpp, line 615]
Event: 335.674 Thread 0x00000208c9676000 Exception <a 'sun/nio/fs/WindowsException'{0x000000008e0d7378}> (0x000000008e0d7378) thrown at [./src/hotspot/share/prims/jni.cpp, line 615]
Event: 335.677 Thread 0x00000208c9676000 Exception <a 'sun/nio/fs/WindowsException'{0x000000008e0f1188}> (0x000000008e0f1188) thrown at [./src/hotspot/share/prims/jni.cpp, line 615]
Event: 335.677 Thread 0x00000208c9676000 Exception <a 'sun/nio/fs/WindowsException'{0x000000008e0f1318}> (0x000000008e0f1318) thrown at [./src/hotspot/share/prims/jni.cpp, line 615]
Event: 336.082 Thread 0x00000208c9676000 Exception <a 'sun/nio/fs/WindowsException'{0x000000008cf243c8}> (0x000000008cf243c8) thrown at [./src/hotspot/share/prims/jni.cpp, line 615]
Event: 336.085 Thread 0x00000208c9676000 Exception <a 'sun/nio/fs/WindowsException'{0x000000008cf33388}> (0x000000008cf33388) thrown at [./src/hotspot/share/prims/jni.cpp, line 615]
Event: 336.085 Thread 0x00000208c9676000 Exception <a 'sun/nio/fs/WindowsException'{0x000000008cf33518}> (0x000000008cf33518) thrown at [./src/hotspot/share/prims/jni.cpp, line 615]
Event: 336.318 Thread 0x00000208c9676000 Exception <a 'sun/nio/fs/WindowsException'{0x000000008c719980}> (0x000000008c719980) thrown at [./src/hotspot/share/prims/jni.cpp, line 615]
Event: 336.319 Thread 0x00000208c9676000 Exception <a 'sun/nio/fs/WindowsException'{0x000000008c719b10}> (0x000000008c719b10) thrown at [./src/hotspot/share/prims/jni.cpp, line 615]
Event: 336.388 Thread 0x00000208c9676000 Exception <a 'sun/nio/fs/WindowsException'{0x000000008c5658c8}> (0x000000008c5658c8) thrown at [./src/hotspot/share/prims/jni.cpp, line 615]
Event: 336.449 Thread 0x00000208c9676000 Exception <a 'sun/nio/fs/WindowsException'{0x000000008c4eeee8}> (0x000000008c4eeee8) thrown at [./src/hotspot/share/prims/jni.cpp, line 615]
Event: 336.449 Thread 0x00000208c9676000 Exception <a 'sun/nio/fs/WindowsException'{0x000000008c4ef088}> (0x000000008c4ef088) thrown at [./src/hotspot/share/prims/jni.cpp, line 615]
Event: 336.901 Thread 0x00000208c9676000 Exception <a 'sun/nio/fs/WindowsException'{0x000000008b53aab8}> (0x000000008b53aab8) thrown at [./src/hotspot/share/prims/jni.cpp, line 615]
Event: 336.901 Thread 0x00000208c9676000 Exception <a 'sun/nio/fs/WindowsException'{0x000000008b53ac68}> (0x000000008b53ac68) thrown at [./src/hotspot/share/prims/jni.cpp, line 615]
Event: 336.903 Thread 0x00000208c9676000 Exception <a 'sun/nio/fs/WindowsException'{0x000000008b5580a0}> (0x000000008b5580a0) thrown at [./src/hotspot/share/prims/jni.cpp, line 615]
Event: 336.903 Thread 0x00000208c9676000 Exception <a 'sun/nio/fs/WindowsException'{0x000000008b558248}> (0x000000008b558248) thrown at [./src/hotspot/share/prims/jni.cpp, line 615]
Event: 336.904 Thread 0x00000208c9676000 Exception <a 'sun/nio/fs/WindowsException'{0x000000008b55d5f0}> (0x000000008b55d5f0) thrown at [./src/hotspot/share/prims/jni.cpp, line 615]
Event: 336.904 Thread 0x00000208c9676000 Exception <a 'sun/nio/fs/WindowsException'{0x000000008b55d7a0}> (0x000000008b55d7a0) thrown at [./src/hotspot/share/prims/jni.cpp, line 615]

Events (20 events):
Event: 337.260 loading class androidx/room/migration/bundle/FieldBundle
Event: 337.260 loading class androidx/room/migration/bundle/FieldBundle done
Event: 337.261 loading class androidx/room/migration/bundle/SchemaEquality
Event: 337.261 loading class androidx/room/migration/bundle/SchemaEquality done
Event: 337.262 loading class androidx/room/migration/bundle/PrimaryKeyBundle
Event: 337.262 loading class androidx/room/migration/bundle/PrimaryKeyBundle done
Event: 337.263 loading class androidx/room/migration/bundle/EntityBundle
Event: 337.263 loading class androidx/room/migration/bundle/EntityBundle done
Event: 337.265 loading class androidx/room/migration/bundle/ForeignKeyBundle
Event: 337.265 loading class androidx/room/migration/bundle/ForeignKeyBundle done
Event: 337.266 loading class androidx/room/RoomMasterTable
Event: 337.266 loading class androidx/room/RoomMasterTable done
Event: 337.267 loading class androidx/room/migration/bundle/DatabaseBundle
Event: 337.267 loading class androidx/room/migration/bundle/DatabaseBundle done
Event: 337.270 loading class androidx/room/writer/DaoWriter
Event: 337.270 loading class androidx/room/writer/DaoWriter done
Event: 337.273 loading class androidx/room/writer/ClassWriter
Event: 337.273 loading class androidx/room/writer/ClassWriter done
Event: 337.276 loading class androidx/room/writer/DaoWriter$Companion
Event: 337.276 loading class androidx/room/writer/DaoWriter$Companion done


Dynamic libraries:
0x00007ff65ea00000 - 0x00007ff65ea0a000 	C:\Program Files\Android\Android Studio\jre\bin\java.exe
0x00007ff9bddd0000 - 0x00007ff9bdfc8000 	C:\WINDOWS\SYSTEM32\ntdll.dll
0x00007ff9bdcd0000 - 0x00007ff9bdd8f000 	C:\WINDOWS\System32\KERNEL32.DLL
0x00007ff9bb620000 - 0x00007ff9bb8fa000 	C:\WINDOWS\System32\KERNELBASE.dll
0x00007ff9bbbd0000 - 0x00007ff9bbcd0000 	C:\WINDOWS\System32\ucrtbase.dll
0x00007ff9a2d30000 - 0x00007ff9a2d47000 	C:\Program Files\Android\Android Studio\jre\bin\VCRUNTIME140.dll
0x00007ff9a2d10000 - 0x00007ff9a2d29000 	C:\Program Files\Android\Android Studio\jre\bin\jli.dll
0x00007ff9bc260000 - 0x00007ff9bc3fd000 	C:\WINDOWS\System32\USER32.dll
0x00007ff9bb4e0000 - 0x00007ff9bb502000 	C:\WINDOWS\System32\win32u.dll
0x00007ff9bd2b0000 - 0x00007ff9bd2db000 	C:\WINDOWS\System32\GDI32.dll
0x00007ff998e90000 - 0x00007ff99912a000 	C:\WINDOWS\WinSxS\amd64_microsoft.windows.common-controls_6595b64144ccf1df_6.0.19041.1110_none_60b5254171f9507e\COMCTL32.dll
0x00007ff9bb510000 - 0x00007ff9bb620000 	C:\WINDOWS\System32\gdi32full.dll
0x00007ff9bc4c0000 - 0x00007ff9bc55e000 	C:\WINDOWS\System32\msvcrt.dll
0x00007ff9bb900000 - 0x00007ff9bb99d000 	C:\WINDOWS\System32\msvcp_win.dll
0x00007ff9bbe30000 - 0x00007ff9bbe60000 	C:\WINDOWS\System32\IMM32.DLL
0x00007ff981ed0000 - 0x00007ff981f6d000 	C:\Program Files\Android\Android Studio\jre\bin\msvcp140.dll
0x00007ff97be80000 - 0x00007ff97c955000 	C:\Program Files\Android\Android Studio\jre\bin\server\jvm.dll
0x00007ff9bc070000 - 0x00007ff9bc11e000 	C:\WINDOWS\System32\ADVAPI32.dll
0x00007ff9bcee0000 - 0x00007ff9bcf7c000 	C:\WINDOWS\System32\sechost.dll
0x00007ff9bbf40000 - 0x00007ff9bc066000 	C:\WINDOWS\System32\RPCRT4.dll
0x00007ff9bd2f0000 - 0x00007ff9bd2f8000 	C:\WINDOWS\System32\PSAPI.DLL
0x00007ff9a62c0000 - 0x00007ff9a62c9000 	C:\WINDOWS\SYSTEM32\WSOCK32.dll
0x00007ff9bcd30000 - 0x00007ff9bcd9b000 	C:\WINDOWS\System32\WS2_32.dll
0x00007ff9a2840000 - 0x00007ff9a2867000 	C:\WINDOWS\SYSTEM32\WINMM.dll
0x00007ff9b0c90000 - 0x00007ff9b0c9a000 	C:\WINDOWS\SYSTEM32\VERSION.dll
0x00007ff9b9cd0000 - 0x00007ff9b9ce2000 	C:\WINDOWS\SYSTEM32\kernel.appcore.dll
0x00007ff9aaef0000 - 0x00007ff9aaf01000 	C:\Program Files\Android\Android Studio\jre\bin\verify.dll
0x00007ff9b9240000 - 0x00007ff9b9424000 	C:\WINDOWS\SYSTEM32\DBGHELP.DLL
0x00007ff9a36b0000 - 0x00007ff9a36e4000 	C:\WINDOWS\SYSTEM32\dbgcore.DLL
0x00007ff9bb9a0000 - 0x00007ff9bba22000 	C:\WINDOWS\System32\bcryptPrimitives.dll
0x00007ff99aab0000 - 0x00007ff99aad9000 	C:\Program Files\Android\Android Studio\jre\bin\java.dll
0x00007ff9aaee0000 - 0x00007ff9aaeeb000 	C:\Program Files\Android\Android Studio\jre\bin\jimage.dll
0x00007ff9a6350000 - 0x00007ff9a6368000 	C:\Program Files\Android\Android Studio\jre\bin\zip.dll
0x00007ff9bd300000 - 0x00007ff9bda44000 	C:\WINDOWS\System32\SHELL32.dll
0x00007ff9b9520000 - 0x00007ff9b9cb3000 	C:\WINDOWS\SYSTEM32\windows.storage.dll
0x00007ff9bc560000 - 0x00007ff9bc8b4000 	C:\WINDOWS\System32\combase.dll
0x00007ff9bad80000 - 0x00007ff9badae000 	C:\WINDOWS\SYSTEM32\Wldp.dll
0x00007ff9bcdb0000 - 0x00007ff9bce5d000 	C:\WINDOWS\System32\SHCORE.dll
0x00007ff9bc400000 - 0x00007ff9bc455000 	C:\WINDOWS\System32\shlwapi.dll
0x00007ff9bb420000 - 0x00007ff9bb43f000 	C:\WINDOWS\SYSTEM32\profapi.dll
0x00007ff998310000 - 0x00007ff99832a000 	C:\Program Files\Android\Android Studio\jre\bin\net.dll
0x00007ff9abc60000 - 0x00007ff9abd6a000 	C:\WINDOWS\SYSTEM32\WINHTTP.dll
0x00007ff9bab60000 - 0x00007ff9babca000 	C:\WINDOWS\system32\mswsock.dll
0x00007ff9a1390000 - 0x00007ff9a13a4000 	C:\Program Files\Android\Android Studio\jre\bin\nio.dll
0x00007ff9b29f0000 - 0x00007ff9b2a17000 	C:\Users\User\.gradle\native\e1d6ef7f7dcc3fd88c89a11ec53ec762bb8ba0a96d01ffa2cd45eb1d1d8dd5c5\windows-amd64\native-platform.dll
0x00007ff978410000 - 0x00007ff978554000 	C:\Users\User\.gradle\native\5664cfc778a61ccfe75a443a1ab52a65af34e5dc3c78e0209fed803814484fcb\windows-amd64\native-platform-file-events.dll
0x00007ff9aaed0000 - 0x00007ff9aaeda000 	C:\Program Files\Android\Android Studio\jre\bin\management.dll
0x00007ff9a1380000 - 0x00007ff9a138d000 	C:\Program Files\Android\Android Studio\jre\bin\management_ext.dll
0x00007ff9badc0000 - 0x00007ff9badd8000 	C:\WINDOWS\SYSTEM32\CRYPTSP.dll
0x00007ff9ba4a0000 - 0x00007ff9ba4d4000 	C:\WINDOWS\system32\rsaenh.dll
0x00007ff9bbae0000 - 0x00007ff9bbb07000 	C:\WINDOWS\System32\bcrypt.dll
0x00007ff9bb3e0000 - 0x00007ff9bb40e000 	C:\WINDOWS\SYSTEM32\USERENV.dll
0x00007ff9bacf0000 - 0x00007ff9bacfc000 	C:\WINDOWS\SYSTEM32\CRYPTBASE.dll
0x00007ff9ba870000 - 0x00007ff9ba8ac000 	C:\WINDOWS\SYSTEM32\IPHLPAPI.DLL
0x00007ff9bd2e0000 - 0x00007ff9bd2e8000 	C:\WINDOWS\System32\NSI.dll
0x00007ff9aab40000 - 0x00007ff9aab57000 	C:\WINDOWS\SYSTEM32\dhcpcsvc6.DLL
0x00007ff9aaa40000 - 0x00007ff9aaa5d000 	C:\WINDOWS\SYSTEM32\dhcpcsvc.DLL
0x00007ff9ba8b0000 - 0x00007ff9ba97b000 	C:\WINDOWS\SYSTEM32\DNSAPI.dll
0x0000000066e00000 - 0x0000000066f03000 	C:\Users\User\AppData\Local\Temp\sqlite-3.25.2-5269a303-2471-4fe3-847d-e15067463d90-sqlitejdbc.dll
0x0000000000eb0000 - 0x0000000000fb3000 	C:\Users\User\AppData\Local\Temp\sqlite-3.25.2-4c9f7596-16b2-40f6-aa13-d831aca1d54f-sqlitejdbc.dll
0x00007ff975670000 - 0x00007ff975697000 	C:\Program Files\Android\Android Studio\jre\bin\sunec.dll
0x0000000000fc0000 - 0x00000000010c3000 	C:\Users\User\AppData\Local\Temp\sqlite-3.25.2-8407fb94-8ba9-4aa1-957a-7a8c74f8be6f-sqlitejdbc.dll

dbghelp: loaded successfully - version: 4.0.5 - missing functions: none
symbol engine: initialized successfully - sym options: 0x614 - pdb path: .;C:\Program Files\Android\Android Studio\jre\bin;C:\WINDOWS\SYSTEM32;C:\WINDOWS\WinSxS\amd64_microsoft.windows.common-controls_6595b64144ccf1df_6.0.19041.1110_none_60b5254171f9507e;C:\Program Files\Android\Android Studio\jre\bin\server;C:\Users\User\.gradle\native\e1d6ef7f7dcc3fd88c89a11ec53ec762bb8ba0a96d01ffa2cd45eb1d1d8dd5c5\windows-amd64;C:\Users\User\.gradle\native\5664cfc778a61ccfe75a443a1ab52a65af34e5dc3c78e0209fed803814484fcb\windows-amd64;C:\Users\User\AppData\Local\Temp

VM Arguments:
jvm_args: --add-opens=java.base/java.util=ALL-UNNAMED --add-opens=java.base/java.lang=ALL-UNNAMED --add-opens=java.base/java.lang.invoke=ALL-UNNAMED --add-opens=java.base/java.util=ALL-UNNAMED --add-opens=java.prefs/java.util.prefs=ALL-UNNAMED --add-opens=java.prefs/java.util.prefs=ALL-UNNAMED --add-opens=java.base/java.nio.charset=ALL-UNNAMED --add-opens=java.base/java.net=ALL-UNNAMED --add-opens=java.base/java.util.concurrent.atomic=ALL-UNNAMED -Xmx2048m -Dfile.encoding=UTF-8 -Duser.country=RU -Duser.language=ru -Duser.variant 
java_command: org.gradle.launcher.daemon.bootstrap.GradleDaemon 7.2
java_class_path (initial): C:\Users\User\.gradle\wrapper\dists\gradle-7.2-bin\2dnblmf4td7x66yl1d74lt32g\gradle-7.2\lib\gradle-launcher-7.2.jar
Launcher Type: SUN_STANDARD

[Global flags]
     intx CICompilerCount                          = 3                                         {product} {ergonomic}
     uint ConcGCThreads                            = 1                                         {product} {ergonomic}
     uint G1ConcRefinementThreads                  = 4                                         {product} {ergonomic}
   size_t G1HeapRegionSize                         = 1048576                                   {product} {ergonomic}
    uintx GCDrainStackTargetSize                   = 64                                        {product} {ergonomic}
   size_t InitialHeapSize                          = 266338304                                 {product} {ergonomic}
   size_t MarkStackSize                            = 4194304                                   {product} {ergonomic}
   size_t MaxHeapSize                              = 2147483648                                {product} {command line}
   size_t MaxNewSize                               = 1287651328                                {product} {ergonomic}
   size_t MinHeapDeltaBytes                        = 1048576                                   {product} {ergonomic}
    uintx NonNMethodCodeHeapSize                   = 5830732                                {pd product} {ergonomic}
    uintx NonProfiledCodeHeapSize                  = 122913754                              {pd product} {ergonomic}
    uintx ProfiledCodeHeapSize                     = 122913754                              {pd product} {ergonomic}
    uintx ReservedCodeCacheSize                    = 251658240                              {pd product} {ergonomic}
     bool SegmentedCodeCache                       = true                                      {product} {ergonomic}
     bool UseCompressedClassPointers               = true                                 {lp64_product} {ergonomic}
     bool UseCompressedOops                        = true                                 {lp64_product} {ergonomic}
     bool UseG1GC                                  = true                                      {product} {ergonomic}
     bool UseLargePagesIndividualAllocation        = false                                  {pd product} {ergonomic}

Logging:
Log output configuration:
 #0: stdout all=warning uptime,level,tags
 #1: stderr all=off uptime,level,tags

Environment Variables:
JAVA_HOME=C:\Program Files\Java\jdk1.8.0_202
JRE_HOME=C:\Program Files\Java\jre1.8.0_202
PATH=C:\Windows\System32;C:\Windows\SysWOW64;C:\Program Files\dotnet\;C:\Users\User\.m2\repository\mysql\mysql-connector-java\8.0.21\mysql-connector-java-8.0.21.jar;C:\Program Files\PuTTY\;C:\Program Files\Git\cmd;C:\Program Files\Git\mingw64\bin;C:\Program Files\Git\usr\bin;C:\Program Files\PowerShell\7\;C:\Program Files\MySQL\MySQL Shell 8.0\bin\;C:\Users\User\AppData\Local\Programs\Python\Python39\Scripts\;C:\Users\User\AppData\Local\Programs\Python\Python39\;C:\Users\User\AppData\Local\Microsoft\WindowsApps;C:\Program Files\Python39\Scripts;C:\Users\User\AppData\Roaming\npm;C:\Users\User\AppData\Local\GitHubDesktop\bin;C:\Users\User\AppData\Local\atom\bin;C:\ProgramData\User\atom\bin;C:\tools\springbootcli\bin;C:\Windows\SysWOW64;C:\Windows\System32;C:\Users\User\.dotnet\tools;C:\Users\User\.m2\repository\mysql\mysql-connector-java\8.0.21\mysql-connector-java-8.0.21.jar;C:\Users\User\AppData\Local\Programs\Microsoft VS Code\bin;C:\Gradle\gradle-5.1\bin;;C:\intelFPGA_lite\22.1std\questa_fse\win64;C:\intelFPGA\18.1\modelsim_ase\win32aloem
USERNAME=User
OS=Windows_NT
PROCESSOR_IDENTIFIER=Intel64 Family 6 Model 122 Stepping 8, GenuineIntel



---------------  S Y S T E M  ---------------

OS: Windows 10 , 64 bit Build 19041 (10.0.19041.2788)
OS uptime: 19 days 18:40 hours
Hyper-V role detected

CPU:total 4 (initial active 4) (4 cores per cpu, 1 threads per core) family 6 model 122 stepping 8 microcode 0xc, cmov, cx8, fxsr, mmx, sse, sse2, sse3, ssse3, sse4.1, sse4.2, popcnt, aes, clmul, erms, 3dnowpref, tsc, tscinvbit, sha

Memory: 4k page, system-wide physical 16204M (4008M free)
TotalPageFile size 16204M (AvailPageFile size 8M)
current process WorkingSet (physical memory assigned to process): 633M, peak: 636M
current process commit charge ("private bytes"): 661M, peak: 666M

vm_info: OpenJDK 64-Bit Server VM (11.0.11+9-b60-7590822) for windows-amd64 JRE (11.0.11+9-b60-7590822), built on Jul 29 2021 21:43:44 by "builder" with MS VC++ 14.0 (VS2015)

END.
