#
# A fatal error has been detected by the Java Runtime Environment:
#
#  EXCEPTION_STACK_OVERFLOW (0xc00000fd) at pc=0x00007ff97c1f3e53, pid=7680, tid=2912
#
# JRE version: OpenJDK Runtime Environment (11.0.11+9) (build 11.0.11+9-b60-7590822)
# Java VM: OpenJDK 64-Bit Server VM (11.0.11+9-b60-7590822, mixed mode, tiered, compressed oops, g1 gc, windows-amd64)
# Problematic frame:
# V  [jvm.dll+0x373e53]
#
# No core dump will be written. Minidumps are not enabled by default on client versions of Windows
#
# If you would like to submit a bug report, please visit:
#   https://bugreport.java.com/bugreport/crash.jsp
#

---------------  S U M M A R Y ------------

Command Line: --add-opens=java.base/java.util=ALL-UNNAMED --add-opens=java.base/java.lang=ALL-UNNAMED --add-opens=java.base/java.lang.invoke=ALL-UNNAMED --add-opens=java.base/java.util=ALL-UNNAMED --add-opens=java.prefs/java.util.prefs=ALL-UNNAMED --add-opens=java.prefs/java.util.prefs=ALL-UNNAMED --add-opens=java.base/java.nio.charset=ALL-UNNAMED --add-opens=java.base/java.net=ALL-UNNAMED --add-opens=java.base/java.util.concurrent.atomic=ALL-UNNAMED -Xmx2048m -Dfile.encoding=UTF-8 -Duser.country=RU -Duser.language=ru -Duser.variant org.gradle.launcher.daemon.bootstrap.GradleDaemon 7.2

Host: Intel(R) Celeron(R) J4125 CPU @ 2.00GHz, 4 cores, 15G,  Windows 10 , 64 bit Build 19041 (10.0.19041.2788)
Time: Sat Jun  3 18:54:01 2023 RTZ 9 (зима) elapsed time: 342.432444 seconds (0d 0h 5m 42s)

---------------  T H R E A D  ---------------

Current thread (0x00000274b6088000):  JavaThread "Cache worker for cache directory md-supplier (C:\Users\User\.gradle\caches\7.2\md-supplier)" [_thread_in_vm, id=2912, stack(0x000000cc23500000,0x000000cc23600000)]

Stack: [0x000000cc23500000,0x000000cc23600000],  sp=0x000000cc235ff360,  free space=1020k
Native frames: (J=compiled Java code, j=interpreted, Vv=VM code, C=native code)
V  [jvm.dll+0x373e53]
V  [jvm.dll+0x5f2072]
V  [jvm.dll+0x37480a]
V  [jvm.dll+0x374a97]
V  [jvm.dll+0x3e3bad]
V  [jvm.dll+0x6ef58f]
V  [jvm.dll+0x6e80b5]
